#
# There is insufficient memory for the Java Runtime Environment to continue.
# Native memory allocation (mmap) failed to map 20971520 bytes. Error detail: G1 virtual space
# Possible reasons:
#   The system is out of physical RAM or swap space
#   This process is running with CompressedOops enabled, and the Java Heap may be blocking the growth of the native heap
# Possible solutions:
#   Reduce memory load on the system
#   Increase physical memory or swap space
#   Check if swap backing store is full
#   Decrease Java heap size (-Xmx/-Xms)
#   Decrease number of Java threads
#   Decrease Java thread stack sizes (-Xss)
#   Set larger code cache with -XX:ReservedCodeCacheSize=
#   JVM is running with Unscaled Compressed Oops mode in which the Java heap is
#     placed in the first 4GB address space. The Java Heap base address is the
#     maximum limit for the native heap growth. Please use -XX:HeapBaseMinAddress
#     to set the Java Heap base and to place the Java Heap above 4GB virtual address.
# This output file may be truncated or incomplete.
#
#  Out of Memory Error (os_windows.cpp:3631), pid=20640, tid=21848
#
# JRE version: Java(TM) SE Runtime Environment (22.0.1+8) (build 22.0.1+8-16)
# Java VM: Java HotSpot(TM) 64-Bit Server VM (22.0.1+8-16, mixed mode, sharing, tiered, compressed oops, compressed class ptrs, g1 gc, windows-amd64)
# No core dump will be written. Minidumps are not enabled by default on client versions of Windows
#

---------------  S U M M A R Y ------------

Command Line: --add-opens=java.base/java.lang=ALL-UNNAMED --add-opens=java.base/java.lang.invoke=ALL-UNNAMED --add-opens=java.base/java.util=ALL-UNNAMED --add-opens=java.prefs/java.util.prefs=ALL-UNNAMED --add-exports=jdk.compiler/com.sun.tools.javac.api=ALL-UNNAMED --add-exports=jdk.compiler/com.sun.tools.javac.util=ALL-UNNAMED --add-opens=java.base/java.util=ALL-UNNAMED --add-opens=java.prefs/java.util.prefs=ALL-UNNAMED --add-opens=java.base/java.nio.charset=ALL-UNNAMED --add-opens=java.base/java.net=ALL-UNNAMED --add-opens=java.base/java.util.concurrent.atomic=ALL-UNNAMED --add-opens=java.xml/javax.xml.namespace=ALL-UNNAMED -Xmx2048m -Dfile.encoding=UTF-8 -Duser.country=US -Duser.language=en -Duser.variant -javaagent:C:\Users\NGUYEN TRUNG KIEN\.gradle\wrapper\dists\gradle-8.11.1-bin\bpt9gzteqjrbo1mjrsomdt32c\gradle-8.11.1\lib\agents\gradle-instrumentation-agent-8.11.1.jar org.gradle.launcher.daemon.bootstrap.GradleDaemon 8.11.1

Host: AMD Ryzen 7 4800H with Radeon Graphics         , 16 cores, 15G,  Windows 11 , 64 bit Build 26100 (10.0.26100.6725)
Time: Mon Nov  3 12:31:32 2025 SE Asia Standard Time elapsed time: 19.417213 seconds (0d 0h 0m 19s)

---------------  T H R E A D  ---------------

Current thread (0x00000234a863ba70):  VMThread "VM Thread"          [id=21848, stack(0x0000006c7e800000,0x0000006c7e900000) (1024K)]

Stack: [0x0000006c7e800000,0x0000006c7e900000]
Native frames: (J=compiled Java code, j=interpreted, Vv=VM code, C=native code)
V  [jvm.dll+0x6e2279]  (no source info available)
V  [jvm.dll+0x874e33]  (no source info available)
V  [jvm.dll+0x87725e]  (no source info available)
V  [jvm.dll+0x877933]  (no source info available)
V  [jvm.dll+0x27fd76]  (no source info available)
V  [jvm.dll+0x6de915]  (no source info available)
V  [jvm.dll+0x6d341a]  (no source info available)
V  [jvm.dll+0x3589da]  (no source info available)
V  [jvm.dll+0x360f06]  (no source info available)
V  [jvm.dll+0x3b3e2e]  (no source info available)
V  [jvm.dll+0x3b40d8]  (no source info available)
V  [jvm.dll+0x32c59c]  (no source info available)
V  [jvm.dll+0x32eef6]  (no source info available)
V  [jvm.dll+0x3391c1]  (no source info available)
V  [jvm.dll+0x370365]  (no source info available)
V  [jvm.dll+0x87d7d0]  (no source info available)
V  [jvm.dll+0x87eb57]  (no source info available)
V  [jvm.dll+0x87f0d0]  (no source info available)
V  [jvm.dll+0x87f373]  (no source info available)
V  [jvm.dll+0x81d44b]  (no source info available)
V  [jvm.dll+0x6e0915]  (no source info available)
C  [ucrtbase.dll+0x37b0]  (no source info available)
C  [KERNEL32.DLL+0x2e8d7]  (no source info available)
C  [ntdll.dll+0x8c53c]  (no source info available)

VM_Operation (0x0000006c7e3ff8d0): G1PauseRemark, mode: safepoint, requested by thread 0x000002348ab2a8f0


---------------  P R O C E S S  ---------------

Threads class SMR info:
_java_thread_list=0x00000234f01a6740, length=118, elements={
0x000002348aac06a0, 0x00000234a865df90, 0x00000234a865ebf0, 0x00000234a866b740,
0x00000234a86744b0, 0x00000234a8674b40, 0x00000234a86716c0, 0x00000234a8680900,
0x00000234a8683ae0, 0x00000234a8808dd0, 0x00000234a8671d50, 0x00000234a86723e0,
0x00000234a880a910, 0x00000234a8673790, 0x00000234a8673e20, 0x00000234efb9e6b0,
0x00000234efb9bf50, 0x00000234efb9c5e0, 0x00000234efb9cc70, 0x00000234efb9d990,
0x00000234efb9d300, 0x00000234efb9e020, 0x00000234efb9b8c0, 0x00000234efba2850,
0x00000234efba0780, 0x00000234efb9fa60, 0x00000234efba14a0, 0x00000234efb9f3d0,
0x00000234efba21c0, 0x00000234efba1b30, 0x00000234efba2ee0, 0x00000234efba00f0,
0x00000234f013a860, 0x00000234f0137a70, 0x00000234f013dce0, 0x00000234f013b580,
0x00000234f013cfc0, 0x00000234f013c930, 0x00000234f013c2a0, 0x00000234f013e370,
0x00000234f013ea00, 0x00000234f4a9b6a0, 0x00000234f4a9a2f0, 0x00000234f4a9c3c0,
0x00000234f4a9a980, 0x00000234f4a9ca50, 0x00000234f4a9de00, 0x00000234f4a9bd30,
0x00000234f4a9d0e0, 0x00000234f4a9b010, 0x00000234f4a9fed0, 0x00000234f4a9d770,
0x00000234f4a9f840, 0x00000234f4aa1910, 0x00000234f4a9e490, 0x00000234f4a9eb20,
0x00000234f4a9f1b0, 0x00000234f4aa0bf0, 0x00000234f4aa0560, 0x00000234f4aa1280,
0x00000234f147ce80, 0x00000234f147adb0, 0x00000234f147d510, 0x00000234f147c160,
0x00000234f147e230, 0x00000234f147e8c0, 0x00000234f147b440, 0x00000234f147ef50,
0x00000234f147f5e0, 0x00000234f147fc70, 0x00000234f147c7f0, 0x00000234f1481020,
0x00000234f1480300, 0x00000234f1480990, 0x00000234f14816b0, 0x00000234f1481d40,
0x00000234f14823d0, 0x00000234f42193b0, 0x00000234f42165c0, 0x00000234f4218000,
0x00000234f4217970, 0x00000234f569a170, 0x00000234f5699450, 0x00000234f569a800,
0x00000234f5699ae0, 0x00000234f569ae90, 0x00000234f0346aa0, 0x00000234f0349890,
0x00000234f0347130, 0x00000234f03477c0, 0x00000234f0347e50, 0x00000234f03484e0,
0x00000234f0348b70, 0x00000234f0349200, 0x00000234f0346410, 0x00000234f034b2d0,
0x00000234f034ac40, 0x00000234f0349f20, 0x00000234a8808030, 0x00000234a88094a0,
0x00000234a8809b70, 0x00000234f034c680, 0x00000234f034cd10, 0x00000234f034b960,
0x00000234f034bff0, 0x00000234f034da30, 0x00000234f5695fd0, 0x00000234f5693f00,
0x00000234f5696660, 0x00000234f5694c20, 0x00000234f5696cf0, 0x00000234f5697a10,
0x00000234f5694590, 0x00000234f56980a0, 0x00000234f5698dc0, 0x00000234fb05a780,
0x00000234f1e8e3a0, 0x00000234f50b5ae0
}

Java Threads: ( => current thread )
  0x000002348aac06a0 JavaThread "main"                              [_thread_blocked, id=10032, stack(0x0000006c7e100000,0x0000006c7e200000) (1024K)]
  0x00000234a865df90 JavaThread "Reference Handler"          daemon [_thread_blocked, id=25336, stack(0x0000006c7e900000,0x0000006c7ea00000) (1024K)]
  0x00000234a865ebf0 JavaThread "Finalizer"                  daemon [_thread_blocked, id=24096, stack(0x0000006c7ea00000,0x0000006c7eb00000) (1024K)]
  0x00000234a866b740 JavaThread "Signal Dispatcher"          daemon [_thread_blocked, id=20468, stack(0x0000006c7eb00000,0x0000006c7ec00000) (1024K)]
  0x00000234a86744b0 JavaThread "Attach Listener"            daemon [_thread_blocked, id=20544, stack(0x0000006c7ec00000,0x0000006c7ed00000) (1024K)]
  0x00000234a8674b40 JavaThread "Service Thread"             daemon [_thread_blocked, id=14476, stack(0x0000006c7ed00000,0x0000006c7ee00000) (1024K)]
  0x00000234a86716c0 JavaThread "Monitor Deflation Thread"   daemon [_thread_blocked, id=9540, stack(0x0000006c7ee00000,0x0000006c7ef00000) (1024K)]
  0x00000234a8680900 JavaThread "C2 CompilerThread0"         daemon [_thread_blocked, id=7740, stack(0x0000006c7ef00000,0x0000006c7f000000) (1024K)]
  0x00000234a8683ae0 JavaThread "C1 CompilerThread0"         daemon [_thread_blocked, id=2820, stack(0x0000006c7f000000,0x0000006c7f100000) (1024K)]
  0x00000234a8808dd0 JavaThread "C1 CompilerThread1"         daemon [_thread_blocked, id=17580, stack(0x0000006c7f100000,0x0000006c7f200000) (1024K)]
  0x00000234a8671d50 JavaThread "Common-Cleaner"             daemon [_thread_blocked, id=10972, stack(0x0000006c7f200000,0x0000006c7f300000) (1024K)]
  0x00000234a86723e0 JavaThread "Notification Thread"        daemon [_thread_blocked, id=25788, stack(0x0000006c7f400000,0x0000006c7f500000) (1024K)]
  0x00000234a880a910 JavaThread "C1 CompilerThread2"         daemon [_thread_blocked, id=14524, stack(0x0000006c7fb00000,0x0000006c7fc00000) (1024K)]
  0x00000234a8673790 JavaThread "Daemon health stats"               [_thread_blocked, id=7648, stack(0x0000006c7fe00000,0x0000006c7ff00000) (1024K)]
  0x00000234a8673e20 JavaThread "Incoming local TCP Connector on port 64456"        [_thread_in_native, id=3276, stack(0x0000006c7ff00000,0x0000006c80000000) (1024K)]
  0x00000234efb9e6b0 JavaThread "Daemon periodic checks"            [_thread_blocked, id=23732, stack(0x0000006c00000000,0x0000006c00100000) (1024K)]
  0x00000234efb9bf50 JavaThread "Daemon"                            [_thread_blocked, id=27540, stack(0x0000006c00100000,0x0000006c00200000) (1024K)]
  0x00000234efb9c5e0 JavaThread "Handler for socket connection from /127.0.0.1:64456 to /127.0.0.1:64457"        [_thread_in_native, id=7212, stack(0x0000006c00200000,0x0000006c00300000) (1024K)]
  0x00000234efb9cc70 JavaThread "Cancel handler"                    [_thread_blocked, id=22108, stack(0x0000006c00300000,0x0000006c00400000) (1024K)]
  0x00000234efb9d990 JavaThread "Daemon worker"                     [_thread_blocked, id=6368, stack(0x0000006c00400000,0x0000006c00500000) (1024K)]
  0x00000234efb9d300 JavaThread "Asynchronous log dispatcher for DefaultDaemonConnection: socket connection from /127.0.0.1:64456 to /127.0.0.1:64457"        [_thread_blocked, id=14948, stack(0x0000006c00500000,0x0000006c00600000) (1024K)]
  0x00000234efb9e020 JavaThread "Stdin handler"                     [_thread_blocked, id=10796, stack(0x0000006c00600000,0x0000006c00700000) (1024K)]
  0x00000234efb9b8c0 JavaThread "Daemon client event forwarder"        [_thread_blocked, id=18124, stack(0x0000006c00700000,0x0000006c00800000) (1024K)]
  0x00000234efba2850 JavaThread "Cache worker for journal cache (C:\Users\NGUYEN TRUNG KIEN\.gradle\caches\journal-1)"        [_thread_blocked, id=7216, stack(0x0000006c00800000,0x0000006c00900000) (1024K)]
  0x00000234efba0780 JavaThread "File lock request listener"        [_thread_in_native, id=16616, stack(0x0000006c00900000,0x0000006c00a00000) (1024K)]
  0x00000234efb9fa60 JavaThread "Cache worker for file hash cache (C:\Users\NGUYEN TRUNG KIEN\.gradle\caches\8.11.1\fileHashes)"        [_thread_blocked, id=24400, stack(0x0000006c00a00000,0x0000006c00b00000) (1024K)]
  0x00000234efba14a0 JavaThread "Cache worker for file content cache (C:\Users\NGUYEN TRUNG KIEN\.gradle\caches\8.11.1\fileContent)"        [_thread_blocked, id=15084, stack(0x0000006c00c00000,0x0000006c00d00000) (1024K)]
  0x00000234efb9f3d0 JavaThread "Cache worker for file hash cache (D:\FBTP_CN\.gradle\8.11.1\fileHashes)"        [_thread_blocked, id=13108, stack(0x0000006c01500000,0x0000006c01600000) (1024K)]
  0x00000234efba21c0 JavaThread "Cache worker for Build Output Cleanup Cache (D:\FBTP_CN\.gradle\buildOutputCleanup)"        [_thread_blocked, id=27244, stack(0x0000006c01600000,0x0000006c01700000) (1024K)]
  0x00000234efba1b30 JavaThread "File watcher server"        daemon [_thread_in_native, id=20292, stack(0x0000006c01700000,0x0000006c01800000) (1024K)]
  0x00000234efba2ee0 JavaThread "File watcher consumer"      daemon [_thread_blocked, id=20712, stack(0x0000006c01800000,0x0000006c01900000) (1024K)]
  0x00000234efba00f0 JavaThread "Cache worker for checksums cache (D:\FBTP_CN\.gradle\8.11.1\checksums)"        [_thread_blocked, id=10076, stack(0x0000006c00b00000,0x0000006c00c00000) (1024K)]
  0x00000234f013a860 JavaThread "Cache worker for cache directory md-rule (C:\Users\NGUYEN TRUNG KIEN\.gradle\caches\8.11.1\md-rule)"        [_thread_blocked, id=20920, stack(0x0000006c00d00000,0x0000006c00e00000) (1024K)]
  0x00000234f0137a70 JavaThread "Cache worker for cache directory md-supplier (C:\Users\NGUYEN TRUNG KIEN\.gradle\caches\8.11.1\md-supplier)"        [_thread_blocked, id=16732, stack(0x0000006c01900000,0x0000006c01a00000) (1024K)]
  0x00000234f013dce0 JavaThread "Unconstrained build operations"        [_thread_blocked, id=9936, stack(0x0000006c01b00000,0x0000006c01c00000) (1024K)]
  0x00000234f013b580 JavaThread "Unconstrained build operations Thread 2"        [_thread_blocked, id=26672, stack(0x0000006c01c00000,0x0000006c01d00000) (1024K)]
  0x00000234f013cfc0 JavaThread "Unconstrained build operations Thread 3"        [_thread_blocked, id=20512, stack(0x0000006c01d00000,0x0000006c01e00000) (1024K)]
  0x00000234f013c930 JavaThread "Unconstrained build operations Thread 4"        [_thread_blocked, id=3324, stack(0x0000006c01e00000,0x0000006c01f00000) (1024K)]
  0x00000234f013c2a0 JavaThread "Unconstrained build operations Thread 5"        [_thread_blocked, id=27508, stack(0x0000006c01f00000,0x0000006c02000000) (1024K)]
  0x00000234f013e370 JavaThread "Unconstrained build operations Thread 6"        [_thread_blocked, id=25436, stack(0x0000006c02000000,0x0000006c02100000) (1024K)]
  0x00000234f013ea00 JavaThread "Unconstrained build operations Thread 7"        [_thread_blocked, id=12264, stack(0x0000006c02100000,0x0000006c02200000) (1024K)]
  0x00000234f4a9b6a0 JavaThread "Unconstrained build operations Thread 8"        [_thread_blocked, id=13584, stack(0x0000006c02200000,0x0000006c02300000) (1024K)]
  0x00000234f4a9a2f0 JavaThread "Unconstrained build operations Thread 9"        [_thread_blocked, id=24828, stack(0x0000006c02300000,0x0000006c02400000) (1024K)]
  0x00000234f4a9c3c0 JavaThread "Unconstrained build operations Thread 10"        [_thread_blocked, id=6988, stack(0x0000006c02400000,0x0000006c02500000) (1024K)]
  0x00000234f4a9a980 JavaThread "Unconstrained build operations Thread 11"        [_thread_blocked, id=1976, stack(0x0000006c02500000,0x0000006c02600000) (1024K)]
  0x00000234f4a9ca50 JavaThread "Unconstrained build operations Thread 12"        [_thread_blocked, id=27532, stack(0x0000006c02600000,0x0000006c02700000) (1024K)]
  0x00000234f4a9de00 JavaThread "Unconstrained build operations Thread 13"        [_thread_blocked, id=17480, stack(0x0000006c02700000,0x0000006c02800000) (1024K)]
  0x00000234f4a9bd30 JavaThread "Unconstrained build operations Thread 14"        [_thread_blocked, id=11412, stack(0x0000006c02800000,0x0000006c02900000) (1024K)]
  0x00000234f4a9d0e0 JavaThread "Unconstrained build operations Thread 15"        [_thread_blocked, id=2236, stack(0x0000006c02900000,0x0000006c02a00000) (1024K)]
  0x00000234f4a9b010 JavaThread "Unconstrained build operations Thread 16"        [_thread_blocked, id=17020, stack(0x0000006c02a00000,0x0000006c02b00000) (1024K)]
  0x00000234f4a9fed0 JavaThread "Unconstrained build operations Thread 17"        [_thread_blocked, id=17768, stack(0x0000006c02b00000,0x0000006c02c00000) (1024K)]
  0x00000234f4a9d770 JavaThread "Unconstrained build operations Thread 18"        [_thread_blocked, id=23456, stack(0x0000006c02c00000,0x0000006c02d00000) (1024K)]
  0x00000234f4a9f840 JavaThread "Unconstrained build operations Thread 19"        [_thread_blocked, id=25452, stack(0x0000006c02d00000,0x0000006c02e00000) (1024K)]
  0x00000234f4aa1910 JavaThread "Unconstrained build operations Thread 20"        [_thread_blocked, id=5280, stack(0x0000006c02e00000,0x0000006c02f00000) (1024K)]
  0x00000234f4a9e490 JavaThread "Unconstrained build operations Thread 21"        [_thread_blocked, id=20476, stack(0x0000006c02f00000,0x0000006c03000000) (1024K)]
  0x00000234f4a9eb20 JavaThread "Unconstrained build operations Thread 22"        [_thread_blocked, id=6340, stack(0x0000006c03000000,0x0000006c03100000) (1024K)]
  0x00000234f4a9f1b0 JavaThread "Unconstrained build operations Thread 23"        [_thread_blocked, id=25992, stack(0x0000006c03100000,0x0000006c03200000) (1024K)]
  0x00000234f4aa0bf0 JavaThread "Unconstrained build operations Thread 24"        [_thread_blocked, id=22688, stack(0x0000006c03200000,0x0000006c03300000) (1024K)]
  0x00000234f4aa0560 JavaThread "Unconstrained build operations Thread 25"        [_thread_blocked, id=23064, stack(0x0000006c03300000,0x0000006c03400000) (1024K)]
  0x00000234f4aa1280 JavaThread "Unconstrained build operations Thread 26"        [_thread_blocked, id=20400, stack(0x0000006c03400000,0x0000006c03500000) (1024K)]
  0x00000234f147ce80 JavaThread "Unconstrained build operations Thread 27"        [_thread_blocked, id=3352, stack(0x0000006c03500000,0x0000006c03600000) (1024K)]
  0x00000234f147adb0 JavaThread "Unconstrained build operations Thread 28"        [_thread_blocked, id=12240, stack(0x0000006c03600000,0x0000006c03700000) (1024K)]
  0x00000234f147d510 JavaThread "Unconstrained build operations Thread 29"        [_thread_blocked, id=18152, stack(0x0000006c03700000,0x0000006c03800000) (1024K)]
  0x00000234f147c160 JavaThread "Unconstrained build operations Thread 30"        [_thread_blocked, id=24736, stack(0x0000006c03800000,0x0000006c03900000) (1024K)]
  0x00000234f147e230 JavaThread "Unconstrained build operations Thread 31"        [_thread_blocked, id=17428, stack(0x0000006c03a00000,0x0000006c03b00000) (1024K)]
  0x00000234f147e8c0 JavaThread "Unconstrained build operations Thread 32"        [_thread_blocked, id=3948, stack(0x0000006c03b00000,0x0000006c03c00000) (1024K)]
  0x00000234f147b440 JavaThread "Unconstrained build operations Thread 33"        [_thread_blocked, id=15356, stack(0x0000006c03c00000,0x0000006c03d00000) (1024K)]
  0x00000234f147ef50 JavaThread "Unconstrained build operations Thread 34"        [_thread_blocked, id=26272, stack(0x0000006c03d00000,0x0000006c03e00000) (1024K)]
  0x00000234f147f5e0 JavaThread "Unconstrained build operations Thread 35"        [_thread_blocked, id=25584, stack(0x0000006c03e00000,0x0000006c03f00000) (1024K)]
  0x00000234f147fc70 JavaThread "Unconstrained build operations Thread 36"        [_thread_blocked, id=17064, stack(0x0000006c03f00000,0x0000006c04000000) (1024K)]
  0x00000234f147c7f0 JavaThread "Unconstrained build operations Thread 37"        [_thread_blocked, id=2312, stack(0x0000006c04000000,0x0000006c04100000) (1024K)]
  0x00000234f1481020 JavaThread "Unconstrained build operations Thread 38"        [_thread_blocked, id=15100, stack(0x0000006c04100000,0x0000006c04200000) (1024K)]
  0x00000234f1480300 JavaThread "Unconstrained build operations Thread 39"        [_thread_blocked, id=940, stack(0x0000006c04200000,0x0000006c04300000) (1024K)]
  0x00000234f1480990 JavaThread "Unconstrained build operations Thread 40"        [_thread_blocked, id=13828, stack(0x0000006c04300000,0x0000006c04400000) (1024K)]
  0x00000234f14816b0 JavaThread "Unconstrained build operations Thread 41"        [_thread_blocked, id=22432, stack(0x0000006c04400000,0x0000006c04500000) (1024K)]
  0x00000234f1481d40 JavaThread "Unconstrained build operations Thread 42"        [_thread_blocked, id=24180, stack(0x0000006c04500000,0x0000006c04600000) (1024K)]
  0x00000234f14823d0 JavaThread "Unconstrained build operations Thread 43"        [_thread_blocked, id=17032, stack(0x0000006c04600000,0x0000006c04700000) (1024K)]
  0x00000234f42193b0 JavaThread "Unconstrained build operations Thread 44"        [_thread_blocked, id=24848, stack(0x0000006c04700000,0x0000006c04800000) (1024K)]
  0x00000234f42165c0 JavaThread "Unconstrained build operations Thread 45"        [_thread_blocked, id=15900, stack(0x0000006c04800000,0x0000006c04900000) (1024K)]
  0x00000234f4218000 JavaThread "Memory manager"                    [_thread_blocked, id=2936, stack(0x0000006c03900000,0x0000006c03a00000) (1024K)]
  0x00000234f4217970 JavaThread "build event listener"              [_thread_blocked, id=11208, stack(0x0000006c04a00000,0x0000006c04b00000) (1024K)]
  0x00000234f569a170 JavaThread "included builds"                   [_thread_blocked, id=26952, stack(0x0000006c04b00000,0x0000006c04c00000) (1024K)]
  0x00000234f5699450 JavaThread "Execution worker"                  [_thread_blocked, id=21784, stack(0x0000006c04c00000,0x0000006c04d00000) (1024K)]
  0x00000234f569a800 JavaThread "Execution worker Thread 2"         [_thread_blocked, id=24780, stack(0x0000006c04d00000,0x0000006c04e00000) (1024K)]
  0x00000234f5699ae0 JavaThread "Execution worker Thread 3"         [_thread_blocked, id=14500, stack(0x0000006c04e00000,0x0000006c04f00000) (1024K)]
  0x00000234f569ae90 JavaThread "Execution worker Thread 4"         [_thread_blocked, id=25340, stack(0x0000006c04f00000,0x0000006c05000000) (1024K)]
  0x00000234f0346aa0 JavaThread "Execution worker Thread 5"         [_thread_blocked, id=12748, stack(0x0000006c05000000,0x0000006c05100000) (1024K)]
  0x00000234f0349890 JavaThread "Execution worker Thread 6"         [_thread_blocked, id=3960, stack(0x0000006c05100000,0x0000006c05200000) (1024K)]
  0x00000234f0347130 JavaThread "Execution worker Thread 7"         [_thread_blocked, id=23204, stack(0x0000006c05200000,0x0000006c05300000) (1024K)]
  0x00000234f03477c0 JavaThread "Execution worker Thread 8"         [_thread_blocked, id=18208, stack(0x0000006c05300000,0x0000006c05400000) (1024K)]
  0x00000234f0347e50 JavaThread "Execution worker Thread 9"         [_thread_blocked, id=14016, stack(0x0000006c05400000,0x0000006c05500000) (1024K)]
  0x00000234f03484e0 JavaThread "Execution worker Thread 10"        [_thread_blocked, id=27112, stack(0x0000006c05500000,0x0000006c05600000) (1024K)]
  0x00000234f0348b70 JavaThread "Execution worker Thread 11"        [_thread_blocked, id=14164, stack(0x0000006c05600000,0x0000006c05700000) (1024K)]
  0x00000234f0349200 JavaThread "Execution worker Thread 12"        [_thread_blocked, id=25780, stack(0x0000006c05700000,0x0000006c05800000) (1024K)]
  0x00000234f0346410 JavaThread "Execution worker Thread 13"        [_thread_blocked, id=9084, stack(0x0000006c05800000,0x0000006c05900000) (1024K)]
  0x00000234f034b2d0 JavaThread "Execution worker Thread 14"        [_thread_blocked, id=21824, stack(0x0000006c05900000,0x0000006c05a00000) (1024K)]
  0x00000234f034ac40 JavaThread "Execution worker Thread 15"        [_thread_blocked, id=4316, stack(0x0000006c05a00000,0x0000006c05b00000) (1024K)]
  0x00000234f0349f20 JavaThread "Cache worker for execution history cache (D:\FBTP_CN\.gradle\8.11.1\executionHistory)"        [_thread_blocked, id=5740, stack(0x0000006c05b00000,0x0000006c05c00000) (1024K)]
  0x00000234a8808030 JavaThread "C2 CompilerThread1"         daemon [_thread_blocked, id=12036, stack(0x0000006c01a00000,0x0000006c01b00000) (1024K)]
  0x00000234a88094a0 JavaThread "C2 CompilerThread2"         daemon [_thread_blocked, id=24644, stack(0x0000006c04900000,0x0000006c04a00000) (1024K)]
  0x00000234a8809b70 JavaThread "C1 CompilerThread3"         daemon [_thread_blocked, id=16428, stack(0x0000006c05c00000,0x0000006c05d00000) (1024K)]
  0x00000234f034c680 JavaThread "Unconstrained build operations Thread 46"        [_thread_blocked, id=4472, stack(0x0000006c05d00000,0x0000006c05e00000) (1024K)]
  0x00000234f034cd10 JavaThread "Unconstrained build operations Thread 47"        [_thread_blocked, id=12232, stack(0x0000006c05e00000,0x0000006c05f00000) (1024K)]
  0x00000234f034b960 JavaThread "Unconstrained build operations Thread 48"        [_thread_blocked, id=27280, stack(0x0000006c05f00000,0x0000006c06000000) (1024K)]
  0x00000234f034bff0 JavaThread "Unconstrained build operations Thread 49"        [_thread_blocked, id=6780, stack(0x0000006c06000000,0x0000006c06100000) (1024K)]
  0x00000234f034da30 JavaThread "Unconstrained build operations Thread 50"        [_thread_blocked, id=23200, stack(0x0000006c06100000,0x0000006c06200000) (1024K)]
  0x00000234f5695fd0 JavaThread "Unconstrained build operations Thread 51"        [_thread_blocked, id=11432, stack(0x0000006c06200000,0x0000006c06300000) (1024K)]
  0x00000234f5693f00 JavaThread "Unconstrained build operations Thread 52"        [_thread_blocked, id=21868, stack(0x0000006c06300000,0x0000006c06400000) (1024K)]
  0x00000234f5696660 JavaThread "Unconstrained build operations Thread 53"        [_thread_blocked, id=11340, stack(0x0000006c06400000,0x0000006c06500000) (1024K)]
  0x00000234f5694c20 JavaThread "Unconstrained build operations Thread 54"        [_thread_blocked, id=16300, stack(0x0000006c06500000,0x0000006c06600000) (1024K)]
  0x00000234f5696cf0 JavaThread "Unconstrained build operations Thread 55"        [_thread_blocked, id=10092, stack(0x0000006c06600000,0x0000006c06700000) (1024K)]
  0x00000234f5697a10 JavaThread "Unconstrained build operations Thread 56"        [_thread_blocked, id=8768, stack(0x0000006c06700000,0x0000006c06800000) (1024K)]
  0x00000234f5694590 JavaThread "Unconstrained build operations Thread 57"        [_thread_blocked, id=14860, stack(0x0000006c06800000,0x0000006c06900000) (1024K)]
  0x00000234f56980a0 JavaThread "Unconstrained build operations Thread 58"        [_thread_blocked, id=22944, stack(0x0000006c06900000,0x0000006c06a00000) (1024K)]
  0x00000234f5698dc0 JavaThread "Unconstrained build operations Thread 59"        [_thread_blocked, id=24792, stack(0x0000006c06a00000,0x0000006c06b00000) (1024K)]
  0x00000234fb05a780 JavaThread "Unconstrained build operations Thread 60"        [_thread_blocked, id=23120, stack(0x0000006c06b00000,0x0000006c06c00000) (1024K)]
  0x00000234f1e8e3a0 JavaThread "C2 CompilerThread3"         daemon [_thread_blocked, id=19724, stack(0x0000006c06c00000,0x0000006c06d00000) (1024K)]
  0x00000234f50b5ae0 JavaThread "C2 CompilerThread4"         daemon [_thread_blocked, id=17188, stack(0x0000006c06d00000,0x0000006c06e00000) (1024K)]
Total: 118

Other Threads:
=>0x00000234a863ba70 VMThread "VM Thread"                           [id=21848, stack(0x0000006c7e800000,0x0000006c7e900000) (1024K)]
  0x00000234a87119e0 WatcherThread "VM Periodic Task Thread"        [id=10392, stack(0x0000006c7e700000,0x0000006c7e800000) (1024K)]
  0x000002348ab18ad0 WorkerThread "GC Thread#0"                     [id=11944, stack(0x0000006c7e200000,0x0000006c7e300000) (1024K)]
  0x00000234ee2d38f0 WorkerThread "GC Thread#1"                     [id=25928, stack(0x0000006c7f700000,0x0000006c7f800000) (1024K)]
  0x00000234ee2d3ca0 WorkerThread "GC Thread#2"                     [id=18196, stack(0x0000006c7f800000,0x0000006c7f900000) (1024K)]
  0x00000234ee557390 WorkerThread "GC Thread#3"                     [id=24284, stack(0x0000006c7f900000,0x0000006c7fa00000) (1024K)]
  0x00000234ee557740 WorkerThread "GC Thread#4"                     [id=3056, stack(0x0000006c7fa00000,0x0000006c7fb00000) (1024K)]
  0x00000234efc56a00 WorkerThread "GC Thread#5"                     [id=27628, stack(0x0000006c7f500000,0x0000006c7f600000) (1024K)]
  0x00000234efb73e80 WorkerThread "GC Thread#6"                     [id=16388, stack(0x0000006c7f600000,0x0000006c7f700000) (1024K)]
  0x00000234efb74230 WorkerThread "GC Thread#7"                     [id=22880, stack(0x0000006c7fd00000,0x0000006c7fe00000) (1024K)]
  0x00000234effbd100 WorkerThread "GC Thread#8"                     [id=11288, stack(0x0000006c00e00000,0x0000006c00f00000) (1024K)]
  0x00000234effbf230 WorkerThread "GC Thread#9"                     [id=22248, stack(0x0000006c00f00000,0x0000006c01000000) (1024K)]
  0x00000234effbf5e0 WorkerThread "GC Thread#10"                    [id=11468, stack(0x0000006c01000000,0x0000006c01100000) (1024K)]
  0x00000234effbead0 WorkerThread "GC Thread#11"                    [id=8216, stack(0x0000006c01100000,0x0000006c01200000) (1024K)]
  0x00000234effbf990 WorkerThread "GC Thread#12"                    [id=9648, stack(0x0000006c01200000,0x0000006c01300000) (1024K)]
  0x000002348ab2a8f0 ConcurrentGCThread "G1 Main Marker"            [id=15840, stack(0x0000006c7e300000,0x0000006c7e400000) (1024K)]
  0x000002348ab2bb20 WorkerThread "G1 Conc#0"                       [id=14808, stack(0x0000006c7e400000,0x0000006c7e500000) (1024K)]
  0x00000234effbfd40 WorkerThread "G1 Conc#1"                       [id=21828, stack(0x0000006c01300000,0x0000006c01400000) (1024K)]
  0x00000234effc00f0 WorkerThread "G1 Conc#2"                       [id=21208, stack(0x0000006c01400000,0x0000006c01500000) (1024K)]
  0x00000234a8577750 ConcurrentGCThread "G1 Refine#0"               [id=17384, stack(0x0000006c7e500000,0x0000006c7e600000) (1024K)]
  0x00000234a85781e0 ConcurrentGCThread "G1 Service"                [id=19012, stack(0x0000006c7e600000,0x0000006c7e700000) (1024K)]
Total: 21

Threads with active compile tasks:
C2 CompilerThread0  19516 13990   !   4       com.google.common.cache.LocalCache$Segment::put (439 bytes)
C1 CompilerThread1  19516 14031       3       com.google.common.collect.CollectCollectors$$Lambda/0x00000234aa363d68::apply (8 bytes)
C2 CompilerThread1  19516 14014       4       org.gradle.cache.internal.DefaultCacheCoordinator$UnitOfWorkFileAccess::readFile (14 bytes)
C2 CompilerThread2  19516 14012       4       org.gradle.cache.internal.btree.BTreePersistentIndexedCache$IndexBlock::find (18 bytes)
C2 CompilerThread3  19516 14017   !   4       com.google.common.cache.LocalCache$Segment::storeLoadedValue (371 bytes)
C2 CompilerThread4  19516 14013   !   4       org.gradle.cache.internal.DefaultMultiProcessSafeIndexedCache::getIfPresent (25 bytes)
Total: 6

VM state: at safepoint (normal execution)

VM Mutex/Monitor currently owned by a thread:  ([mutex/lock_event])
[0x00007ff8d623bbb8] Threads_lock - owner thread: 0x00000234a863ba70
[0x00007ff8d623bcb8] Heap_lock - owner thread: 0x000002348ab2a8f0

Heap address: 0x0000000080000000, size: 2048 MB, Compressed Oops mode: 32-bit

CDS archive(s) mapped at: [0x00000234a9000000-0x00000234a9c60000-0x00000234a9c60000), size 12976128, SharedBaseAddress: 0x00000234a9000000, ArchiveRelocationMode: 1.
Compressed class space mapped at: 0x00000234aa000000-0x00000234ea000000, reserved size: 1073741824
Narrow klass base: 0x00000234a9000000, Narrow klass shift: 0, Narrow klass range: 0x41000000

GC Precious Log:
 CardTable entry size: 512
 Card Set container configuration: InlinePtr #cards 5 size 8 Array Of Cards #cards 12 size 40 Howl #buckets 4 coarsen threshold 1843 Howl Bitmap #cards 512 size 80 coarsen threshold 460 Card regions per heap region 1 cards per card region 2048
 CPUs: 16 total, 16 available
 Memory: 15791M
 Large Page Support: Disabled
 NUMA Support: Disabled
 Compressed Oops: Enabled (32-bit)
 Heap Region Size: 1M
 Heap Min Capacity: 8M
 Heap Initial Capacity: 248M
 Heap Max Capacity: 2G
 Pre-touch: Disabled
 Parallel Workers: 13
 Concurrent Workers: 3
 Concurrent Refinement Workers: 13
 Periodic GC: Disabled

Heap:
 garbage-first heap   total reserved 2097152K, committed 176128K, used 126010K [0x0000000080000000, 0x0000000100000000)
  region size 1024K, 14 young (14336K), 4 survivors (4096K)
 Metaspace       used 95964K, committed 98240K, reserved 1179648K
  class space    used 13908K, committed 14976K, reserved 1048576K

Heap Regions: E=young(eden), S=young(survivor), O=old, HS=humongous(starts), HC=humongous(continues), CS=collection set, F=free, TAMS=top-at-mark-start, PB=parsable bottom
|   0|0x0000000080000000, 0x0000000080100000, 0x0000000080100000|100%|HS|  |TAMS 0x0000000080100000| PB 0x0000000080000000| Complete |  0
|   1|0x0000000080100000, 0x0000000080200000, 0x0000000080200000|100%|HC|  |TAMS 0x0000000080200000| PB 0x0000000080100000| Complete |  0
|   2|0x0000000080200000, 0x0000000080300000, 0x0000000080300000|100%|HC|  |TAMS 0x0000000080300000| PB 0x0000000080200000| Complete |  0
|   3|0x0000000080300000, 0x0000000080400000, 0x0000000080400000|100%| O|  |TAMS 0x0000000080400000| PB 0x0000000080400000| Untracked |  0
|   4|0x0000000080400000, 0x0000000080500000, 0x0000000080500000|100%| O|  |TAMS 0x0000000080500000| PB 0x0000000080500000| Untracked |  0
|   5|0x0000000080500000, 0x0000000080600000, 0x0000000080600000|100%| O|  |TAMS 0x0000000080600000| PB 0x0000000080600000| Untracked |  0
|   6|0x0000000080600000, 0x0000000080700000, 0x0000000080700000|100%|HS|  |TAMS 0x0000000080700000| PB 0x0000000080600000| Complete |  0
|   7|0x0000000080700000, 0x0000000080800000, 0x0000000080800000|100%| O|  |TAMS 0x0000000080800000| PB 0x0000000080800000| Untracked |  0
|   8|0x0000000080800000, 0x0000000080900000, 0x0000000080900000|100%| O|  |TAMS 0x0000000080900000| PB 0x0000000080900000| Untracked |  0
|   9|0x0000000080900000, 0x0000000080a00000, 0x0000000080a00000|100%| O|  |TAMS 0x0000000080a00000| PB 0x0000000080a00000| Untracked |  0
|  10|0x0000000080a00000, 0x0000000080b00000, 0x0000000080b00000|100%| O|  |TAMS 0x0000000080b00000| PB 0x0000000080b00000| Untracked |  0
|  11|0x0000000080b00000, 0x0000000080c00000, 0x0000000080c00000|100%| O|  |TAMS 0x0000000080c00000| PB 0x0000000080c00000| Untracked |  0
|  12|0x0000000080c00000, 0x0000000080d00000, 0x0000000080d00000|100%| O|  |TAMS 0x0000000080d00000| PB 0x0000000080d00000| Untracked |  0
|  13|0x0000000080d00000, 0x0000000080e00000, 0x0000000080e00000|100%| O|  |TAMS 0x0000000080e00000| PB 0x0000000080e00000| Untracked |  0
|  14|0x0000000080e00000, 0x0000000080f00000, 0x0000000080f00000|100%| O|  |TAMS 0x0000000080f00000| PB 0x0000000080f00000| Untracked |  0
|  15|0x0000000080f00000, 0x0000000081000000, 0x0000000081000000|100%| O|  |TAMS 0x0000000081000000| PB 0x0000000081000000| Untracked |  0
|  16|0x0000000081000000, 0x0000000081100000, 0x0000000081100000|100%| O|  |TAMS 0x0000000081100000| PB 0x0000000081100000| Untracked |  0
|  17|0x0000000081100000, 0x0000000081200000, 0x0000000081200000|100%| O|  |TAMS 0x0000000081200000| PB 0x0000000081200000| Updating |  0
|  18|0x0000000081200000, 0x0000000081300000, 0x0000000081300000|100%| O|  |TAMS 0x0000000081300000| PB 0x0000000081300000| Untracked |  0
|  19|0x0000000081300000, 0x0000000081400000, 0x0000000081400000|100%| O|  |TAMS 0x0000000081400000| PB 0x0000000081400000| Untracked |  0
|  20|0x0000000081400000, 0x0000000081500000, 0x0000000081500000|100%| O|  |TAMS 0x0000000081500000| PB 0x0000000081500000| Untracked |  0
|  21|0x0000000081500000, 0x0000000081600000, 0x0000000081600000|100%| O|  |TAMS 0x0000000081600000| PB 0x0000000081600000| Untracked |  0
|  22|0x0000000081600000, 0x0000000081700000, 0x0000000081700000|100%| O|  |TAMS 0x0000000081700000| PB 0x0000000081700000| Untracked |  0
|  23|0x0000000081700000, 0x0000000081800000, 0x0000000081800000|100%| O|  |TAMS 0x0000000081800000| PB 0x0000000081800000| Untracked |  0
|  24|0x0000000081800000, 0x0000000081900000, 0x0000000081900000|100%| O|  |TAMS 0x0000000081900000| PB 0x0000000081900000| Untracked |  0
|  25|0x0000000081900000, 0x0000000081a00000, 0x0000000081a00000|100%| O|  |TAMS 0x0000000081a00000| PB 0x0000000081a00000| Untracked |  0
|  26|0x0000000081a00000, 0x0000000081b00000, 0x0000000081b00000|100%| O|  |TAMS 0x0000000081b00000| PB 0x0000000081b00000| Updating |  0
|  27|0x0000000081b00000, 0x0000000081c00000, 0x0000000081c00000|100%| O|  |TAMS 0x0000000081c00000| PB 0x0000000081c00000| Untracked |  0
|  28|0x0000000081c00000, 0x0000000081d00000, 0x0000000081d00000|100%| O|  |TAMS 0x0000000081d00000| PB 0x0000000081d00000| Untracked |  0
|  29|0x0000000081d00000, 0x0000000081e00000, 0x0000000081e00000|100%| O|  |TAMS 0x0000000081e00000| PB 0x0000000081e00000| Untracked |  0
|  30|0x0000000081e00000, 0x0000000081f00000, 0x0000000081f00000|100%| O|  |TAMS 0x0000000081f00000| PB 0x0000000081f00000| Untracked |  0
|  31|0x0000000081f00000, 0x0000000082000000, 0x0000000082000000|100%| O|  |TAMS 0x0000000082000000| PB 0x0000000082000000| Untracked |  0
|  32|0x0000000082000000, 0x0000000082100000, 0x0000000082100000|100%| O|  |TAMS 0x0000000082100000| PB 0x0000000082100000| Updating |  0
|  33|0x0000000082100000, 0x0000000082200000, 0x0000000082200000|100%| O|  |TAMS 0x0000000082200000| PB 0x0000000082200000| Untracked |  0
|  34|0x0000000082200000, 0x0000000082300000, 0x0000000082300000|100%|HS|  |TAMS 0x0000000082300000| PB 0x0000000082200000| Complete |  0
|  35|0x0000000082300000, 0x0000000082400000, 0x0000000082400000|100%|HS|  |TAMS 0x0000000082400000| PB 0x0000000082300000| Complete |  0
|  36|0x0000000082400000, 0x0000000082500000, 0x0000000082500000|100%|HS|  |TAMS 0x0000000082500000| PB 0x0000000082400000| Complete |  0
|  37|0x0000000082500000, 0x0000000082600000, 0x0000000082600000|100%|HC|  |TAMS 0x0000000082600000| PB 0x0000000082500000| Complete |  0
|  38|0x0000000082600000, 0x0000000082700000, 0x0000000082700000|100%| O|  |TAMS 0x0000000082700000| PB 0x0000000082700000| Untracked |  0
|  39|0x0000000082700000, 0x0000000082800000, 0x0000000082800000|100%| O|  |TAMS 0x0000000082800000| PB 0x0000000082800000| Updating |  0
|  40|0x0000000082800000, 0x0000000082900000, 0x0000000082900000|100%| O|  |TAMS 0x0000000082900000| PB 0x0000000082900000| Untracked |  0
|  41|0x0000000082900000, 0x0000000082a00000, 0x0000000082a00000|100%| O|  |TAMS 0x0000000082a00000| PB 0x0000000082a00000| Updating |  0
|  42|0x0000000082a00000, 0x0000000082b00000, 0x0000000082b00000|100%| O|  |TAMS 0x0000000082b00000| PB 0x0000000082b00000| Updating |  0
|  43|0x0000000082b00000, 0x0000000082c00000, 0x0000000082c00000|100%|HS|  |TAMS 0x0000000082c00000| PB 0x0000000082b00000| Complete |  0
|  44|0x0000000082c00000, 0x0000000082d00000, 0x0000000082d00000|100%|HC|  |TAMS 0x0000000082d00000| PB 0x0000000082c00000| Complete |  0
|  45|0x0000000082d00000, 0x0000000082e00000, 0x0000000082e00000|100%|HS|  |TAMS 0x0000000082e00000| PB 0x0000000082d00000| Complete |  0
|  46|0x0000000082e00000, 0x0000000082f00000, 0x0000000082f00000|100%| O|  |TAMS 0x0000000082f00000| PB 0x0000000082f00000| Updating |  0
|  47|0x0000000082f00000, 0x0000000083000000, 0x0000000083000000|100%|HS|  |TAMS 0x0000000083000000| PB 0x0000000082f00000| Complete |  0
|  48|0x0000000083000000, 0x0000000083100000, 0x0000000083100000|100%| O|  |TAMS 0x0000000083100000| PB 0x0000000083100000| Untracked |  0
|  49|0x0000000083100000, 0x0000000083200000, 0x0000000083200000|100%| O|  |TAMS 0x0000000083200000| PB 0x0000000083200000| Updating |  0
|  50|0x0000000083200000, 0x0000000083300000, 0x0000000083300000|100%|HS|  |TAMS 0x0000000083300000| PB 0x0000000083200000| Complete |  0
|  51|0x0000000083300000, 0x0000000083400000, 0x0000000083400000|100%|HC|  |TAMS 0x0000000083400000| PB 0x0000000083300000| Complete |  0
|  52|0x0000000083400000, 0x0000000083500000, 0x0000000083500000|100%|HC|  |TAMS 0x0000000083500000| PB 0x0000000083400000| Complete |  0
|  53|0x0000000083500000, 0x0000000083600000, 0x0000000083600000|100%|HS|  |TAMS 0x0000000083600000| PB 0x0000000083500000| Complete |  0
|  54|0x0000000083600000, 0x0000000083700000, 0x0000000083700000|100%|HS|  |TAMS 0x0000000083700000| PB 0x0000000083600000| Complete |  0
|  55|0x0000000083700000, 0x0000000083800000, 0x0000000083800000|100%| O|  |TAMS 0x0000000083800000| PB 0x0000000083800000| Updating |  0
|  56|0x0000000083800000, 0x0000000083900000, 0x0000000083900000|100%| O|  |TAMS 0x0000000083900000| PB 0x0000000083900000| Updating |  0
|  57|0x0000000083900000, 0x0000000083a00000, 0x0000000083a00000|100%| O|  |TAMS 0x0000000083a00000| PB 0x0000000083a00000| Untracked |  0
|  58|0x0000000083a00000, 0x0000000083b00000, 0x0000000083b00000|100%| O|  |TAMS 0x0000000083b00000| PB 0x0000000083b00000| Updating |  0
|  59|0x0000000083b00000, 0x0000000083c00000, 0x0000000083c00000|100%| O|  |TAMS 0x0000000083b00000| PB 0x0000000083b00000| Untracked |  0
|  60|0x0000000083c00000, 0x0000000083d00000, 0x0000000083d00000|100%| O|  |TAMS 0x0000000083d00000| PB 0x0000000083d00000| Untracked |  0
|  61|0x0000000083d00000, 0x0000000083e00000, 0x0000000083e00000|100%| O|  |TAMS 0x0000000083e00000| PB 0x0000000083e00000| Updating |  0
|  62|0x0000000083e00000, 0x0000000083f00000, 0x0000000083f00000|100%| O|  |TAMS 0x0000000083f00000| PB 0x0000000083f00000| Updating |  0
|  63|0x0000000083f00000, 0x0000000084000000, 0x0000000084000000|100%| O|  |TAMS 0x0000000084000000| PB 0x0000000084000000| Untracked |  0
|  64|0x0000000084000000, 0x0000000084100000, 0x0000000084100000|100%| O|  |TAMS 0x0000000084100000| PB 0x0000000084100000| Updating |  0
|  65|0x0000000084100000, 0x0000000084200000, 0x0000000084200000|100%|HS|  |TAMS 0x0000000084200000| PB 0x0000000084100000| Complete |  0
|  66|0x0000000084200000, 0x0000000084300000, 0x0000000084300000|100%| O|  |TAMS 0x0000000084300000| PB 0x0000000084300000| Untracked |  0
|  67|0x0000000084300000, 0x0000000084400000, 0x0000000084400000|100%| O|  |TAMS 0x0000000084400000| PB 0x0000000084400000| Untracked |  0
|  68|0x0000000084400000, 0x0000000084500000, 0x0000000084500000|100%| O|  |TAMS 0x0000000084500000| PB 0x0000000084500000| Untracked |  0
|  69|0x0000000084500000, 0x0000000084600000, 0x0000000084600000|100%| O|  |TAMS 0x0000000084600000| PB 0x0000000084600000| Untracked |  0
|  70|0x0000000084600000, 0x0000000084700000, 0x0000000084700000|100%| O|  |TAMS 0x0000000084700000| PB 0x0000000084700000| Untracked |  0
|  71|0x0000000084700000, 0x0000000084800000, 0x0000000084800000|100%| O|  |TAMS 0x0000000084700000| PB 0x0000000084700000| Untracked |  0
|  72|0x0000000084800000, 0x0000000084900000, 0x0000000084900000|100%|HS|  |TAMS 0x0000000084900000| PB 0x0000000084800000| Complete |  0
|  73|0x0000000084900000, 0x0000000084a00000, 0x0000000084a00000|100%|HC|  |TAMS 0x0000000084a00000| PB 0x0000000084900000| Complete |  0
|  74|0x0000000084a00000, 0x0000000084b00000, 0x0000000084b00000|100%|HC|  |TAMS 0x0000000084b00000| PB 0x0000000084a00000| Complete |  0
|  75|0x0000000084b00000, 0x0000000084c00000, 0x0000000084c00000|100%| O|  |TAMS 0x0000000084c00000| PB 0x0000000084c00000| Untracked |  0
|  76|0x0000000084c00000, 0x0000000084d00000, 0x0000000084d00000|100%| O|  |TAMS 0x0000000084d00000| PB 0x0000000084d00000| Updating |  0
|  77|0x0000000084d00000, 0x0000000084e00000, 0x0000000084e00000|100%| O|  |TAMS 0x0000000084e00000| PB 0x0000000084e00000| Untracked |  0
|  78|0x0000000084e00000, 0x0000000084f00000, 0x0000000084f00000|100%| O|  |TAMS 0x0000000084f00000| PB 0x0000000084f00000| Untracked |  0
|  79|0x0000000084f00000, 0x0000000085000000, 0x0000000085000000|100%| O|  |TAMS 0x0000000085000000| PB 0x0000000085000000| Untracked |  0
|  80|0x0000000085000000, 0x0000000085100000, 0x0000000085100000|100%| O|  |TAMS 0x0000000085100000| PB 0x0000000085100000| Untracked |  0
|  81|0x0000000085100000, 0x0000000085200000, 0x0000000085200000|100%| O|  |TAMS 0x0000000085200000| PB 0x0000000085200000| Updating |  0
|  82|0x0000000085200000, 0x0000000085300000, 0x0000000085300000|100%| O|  |TAMS 0x0000000085300000| PB 0x0000000085300000| Updating |  0
|  83|0x0000000085300000, 0x0000000085400000, 0x0000000085400000|100%| O|  |TAMS 0x0000000085400000| PB 0x0000000085400000| Updating |  0
|  84|0x0000000085400000, 0x0000000085500000, 0x0000000085500000|100%| O|  |TAMS 0x0000000085500000| PB 0x0000000085500000| Updating |  0
|  85|0x0000000085500000, 0x0000000085600000, 0x0000000085600000|100%| O|  |TAMS 0x0000000085500000| PB 0x0000000085500000| Untracked |  0
|  86|0x0000000085600000, 0x0000000085700000, 0x0000000085700000|100%| O|  |TAMS 0x0000000085700000| PB 0x0000000085700000| Untracked |  0
|  87|0x0000000085700000, 0x0000000085800000, 0x0000000085800000|100%| O|  |TAMS 0x0000000085800000| PB 0x0000000085800000| Untracked |  0
|  88|0x0000000085800000, 0x0000000085900000, 0x0000000085900000|100%| O|  |TAMS 0x0000000085900000| PB 0x0000000085900000| Untracked |  0
|  89|0x0000000085900000, 0x0000000085a00000, 0x0000000085a00000|100%| O|  |TAMS 0x0000000085a00000| PB 0x0000000085a00000| Untracked |  0
|  90|0x0000000085a00000, 0x0000000085b00000, 0x0000000085b00000|100%| O|  |TAMS 0x0000000085b00000| PB 0x0000000085b00000| Untracked |  0
|  91|0x0000000085b00000, 0x0000000085c00000, 0x0000000085c00000|100%| O|  |TAMS 0x0000000085c00000| PB 0x0000000085c00000| Updating |  0
|  92|0x0000000085c00000, 0x0000000085d00000, 0x0000000085d00000|100%| O|  |TAMS 0x0000000085d00000| PB 0x0000000085d00000| Untracked |  0
|  93|0x0000000085d00000, 0x0000000085e00000, 0x0000000085e00000|100%| O|  |TAMS 0x0000000085e00000| PB 0x0000000085e00000| Untracked |  0
|  94|0x0000000085e00000, 0x0000000085f00000, 0x0000000085f00000|100%| O|  |TAMS 0x0000000085f00000| PB 0x0000000085f00000| Untracked |  0
|  95|0x0000000085f00000, 0x0000000086000000, 0x0000000086000000|100%| O|  |TAMS 0x0000000086000000| PB 0x0000000086000000| Untracked |  0
|  96|0x0000000086000000, 0x0000000086100000, 0x0000000086100000|100%| O|  |TAMS 0x0000000086100000| PB 0x0000000086100000| Untracked |  0
|  97|0x0000000086100000, 0x0000000086200000, 0x0000000086200000|100%| O|  |TAMS 0x0000000086200000| PB 0x0000000086200000| Untracked |  0
|  98|0x0000000086200000, 0x0000000086300000, 0x0000000086300000|100%| O|  |TAMS 0x0000000086300000| PB 0x0000000086300000| Updating |  0
|  99|0x0000000086300000, 0x0000000086400000, 0x0000000086400000|100%| O|  |TAMS 0x0000000086400000| PB 0x0000000086400000| Updating |  0
| 100|0x0000000086400000, 0x0000000086500000, 0x0000000086500000|100%| O|  |TAMS 0x0000000086478ea0| PB 0x0000000086478ea0| Updating |  0
| 101|0x0000000086500000, 0x0000000086600000, 0x0000000086600000|100%| O|  |TAMS 0x0000000086500000| PB 0x0000000086500000| Untracked |  0
| 102|0x0000000086600000, 0x0000000086600000, 0x0000000086700000|  0%| F|  |TAMS 0x0000000086600000| PB 0x0000000086600000| Untracked |  0
| 103|0x0000000086700000, 0x0000000086700000, 0x0000000086800000|  0%| F|  |TAMS 0x0000000086700000| PB 0x0000000086700000| Untracked |  0
| 104|0x0000000086800000, 0x0000000086800000, 0x0000000086900000|  0%| F|  |TAMS 0x0000000086800000| PB 0x0000000086800000| Untracked |  0
| 105|0x0000000086900000, 0x0000000086900000, 0x0000000086a00000|  0%| F|  |TAMS 0x0000000086900000| PB 0x0000000086900000| Untracked |  0
| 106|0x0000000086a00000, 0x0000000086a00000, 0x0000000086b00000|  0%| F|  |TAMS 0x0000000086a00000| PB 0x0000000086a00000| Untracked |  0
| 107|0x0000000086b00000, 0x0000000086b00000, 0x0000000086c00000|  0%| F|  |TAMS 0x0000000086b00000| PB 0x0000000086b00000| Untracked |  0
| 108|0x0000000086c00000, 0x0000000086c00000, 0x0000000086d00000|  0%| F|  |TAMS 0x0000000086c00000| PB 0x0000000086c00000| Untracked |  0
| 109|0x0000000086d00000, 0x0000000086d34050, 0x0000000086e00000| 20%| O|  |TAMS 0x0000000086d00000| PB 0x0000000086d00000| Updating |  0
| 110|0x0000000086e00000, 0x0000000086e00000, 0x0000000086f00000|  0%| F|  |TAMS 0x0000000086e00000| PB 0x0000000086e00000| Untracked |  0
| 111|0x0000000086f00000, 0x0000000086f00000, 0x0000000087000000|  0%| F|  |TAMS 0x0000000086f00000| PB 0x0000000086f00000| Untracked |  0
| 112|0x0000000087000000, 0x0000000087000000, 0x0000000087100000|  0%| F|  |TAMS 0x0000000087000000| PB 0x0000000087000000| Untracked |  0
| 113|0x0000000087100000, 0x0000000087100000, 0x0000000087200000|  0%| F|  |TAMS 0x0000000087100000| PB 0x0000000087100000| Untracked |  0
| 114|0x0000000087200000, 0x0000000087200000, 0x0000000087300000|  0%| F|  |TAMS 0x0000000087200000| PB 0x0000000087200000| Untracked |  0
| 115|0x0000000087300000, 0x0000000087300000, 0x0000000087400000|  0%| F|  |TAMS 0x0000000087300000| PB 0x0000000087300000| Untracked |  0
| 116|0x0000000087400000, 0x0000000087400000, 0x0000000087500000|  0%| F|  |TAMS 0x0000000087400000| PB 0x0000000087400000| Untracked |  0
| 117|0x0000000087500000, 0x0000000087500000, 0x0000000087600000|  0%| F|  |TAMS 0x0000000087500000| PB 0x0000000087500000| Untracked |  0
| 118|0x0000000087600000, 0x00000000876da880, 0x0000000087700000| 85%| S|CS|TAMS 0x0000000087600000| PB 0x0000000087600000| Complete |  0
| 119|0x0000000087700000, 0x0000000087800000, 0x0000000087800000|100%| S|CS|TAMS 0x0000000087700000| PB 0x0000000087700000| Complete |  0
| 120|0x0000000087800000, 0x0000000087900000, 0x0000000087900000|100%| S|CS|TAMS 0x0000000087800000| PB 0x0000000087800000| Complete |  0
| 121|0x0000000087900000, 0x0000000087a00000, 0x0000000087a00000|100%| S|CS|TAMS 0x0000000087900000| PB 0x0000000087900000| Complete |  0
| 122|0x0000000087a00000, 0x0000000087a00000, 0x0000000087b00000|  0%| F|  |TAMS 0x0000000087a00000| PB 0x0000000087a00000| Untracked |  0
| 123|0x0000000087b00000, 0x0000000087b00000, 0x0000000087c00000|  0%| F|  |TAMS 0x0000000087b00000| PB 0x0000000087b00000| Untracked |  0
| 124|0x0000000087c00000, 0x0000000087c00000, 0x0000000087d00000|  0%| F|  |TAMS 0x0000000087c00000| PB 0x0000000087c00000| Untracked |  0
| 125|0x0000000087d00000, 0x0000000087d00000, 0x0000000087e00000|  0%| F|  |TAMS 0x0000000087d00000| PB 0x0000000087d00000| Untracked |  0
| 126|0x0000000087e00000, 0x0000000087e00000, 0x0000000087f00000|  0%| F|  |TAMS 0x0000000087e00000| PB 0x0000000087e00000| Untracked |  0
| 127|0x0000000087f00000, 0x0000000087f00000, 0x0000000088000000|  0%| F|  |TAMS 0x0000000087f00000| PB 0x0000000087f00000| Untracked |  0
| 128|0x0000000088000000, 0x0000000088000000, 0x0000000088100000|  0%| F|  |TAMS 0x0000000088000000| PB 0x0000000088000000| Untracked |  0
| 129|0x0000000088100000, 0x0000000088100000, 0x0000000088200000|  0%| F|  |TAMS 0x0000000088100000| PB 0x0000000088100000| Untracked |  0
| 130|0x0000000088200000, 0x0000000088200000, 0x0000000088300000|  0%| F|  |TAMS 0x0000000088200000| PB 0x0000000088200000| Untracked |  0
| 131|0x0000000088300000, 0x0000000088300000, 0x0000000088400000|  0%| F|  |TAMS 0x0000000088300000| PB 0x0000000088300000| Untracked |  0
| 132|0x0000000088400000, 0x0000000088400000, 0x0000000088500000|  0%| F|  |TAMS 0x0000000088400000| PB 0x0000000088400000| Untracked |  0
| 133|0x0000000088500000, 0x0000000088500000, 0x0000000088600000|  0%| F|  |TAMS 0x0000000088500000| PB 0x0000000088500000| Untracked |  0
| 134|0x0000000088600000, 0x0000000088600000, 0x0000000088700000|  0%| F|  |TAMS 0x0000000088600000| PB 0x0000000088600000| Untracked |  0
| 135|0x0000000088700000, 0x0000000088700000, 0x0000000088800000|  0%| F|  |TAMS 0x0000000088700000| PB 0x0000000088700000| Untracked |  0
| 136|0x0000000088800000, 0x0000000088800000, 0x0000000088900000|  0%| F|  |TAMS 0x0000000088800000| PB 0x0000000088800000| Untracked |  0
| 137|0x0000000088900000, 0x0000000088900000, 0x0000000088a00000|  0%| F|  |TAMS 0x0000000088900000| PB 0x0000000088900000| Untracked |  0
| 138|0x0000000088a00000, 0x0000000088a00000, 0x0000000088b00000|  0%| F|  |TAMS 0x0000000088a00000| PB 0x0000000088a00000| Untracked |  0
| 139|0x0000000088b00000, 0x0000000088b00000, 0x0000000088c00000|  0%| F|  |TAMS 0x0000000088b00000| PB 0x0000000088b00000| Untracked |  0
| 140|0x0000000088c00000, 0x0000000088c00000, 0x0000000088d00000|  0%| F|  |TAMS 0x0000000088c00000| PB 0x0000000088c00000| Untracked |  0
| 141|0x0000000088d00000, 0x0000000088d00000, 0x0000000088e00000|  0%| F|  |TAMS 0x0000000088d00000| PB 0x0000000088d00000| Untracked |  0
| 142|0x0000000088e00000, 0x0000000088e00000, 0x0000000088f00000|  0%| F|  |TAMS 0x0000000088e00000| PB 0x0000000088e00000| Untracked |  0
| 143|0x0000000088f00000, 0x0000000088f00000, 0x0000000089000000|  0%| F|  |TAMS 0x0000000088f00000| PB 0x0000000088f00000| Untracked |  0
| 144|0x0000000089000000, 0x0000000089000000, 0x0000000089100000|  0%| F|  |TAMS 0x0000000089000000| PB 0x0000000089000000| Untracked |  0
| 145|0x0000000089100000, 0x0000000089100000, 0x0000000089200000|  0%| F|  |TAMS 0x0000000089100000| PB 0x0000000089100000| Untracked |  0
| 146|0x0000000089200000, 0x0000000089200000, 0x0000000089300000|  0%| F|  |TAMS 0x0000000089200000| PB 0x0000000089200000| Untracked |  0
| 147|0x0000000089300000, 0x0000000089300000, 0x0000000089400000|  0%| F|  |TAMS 0x0000000089300000| PB 0x0000000089300000| Untracked |  0
| 148|0x0000000089400000, 0x0000000089400000, 0x0000000089500000|  0%| F|  |TAMS 0x0000000089400000| PB 0x0000000089400000| Untracked |  0
| 149|0x0000000089500000, 0x0000000089500000, 0x0000000089600000|  0%| F|  |TAMS 0x0000000089500000| PB 0x0000000089500000| Untracked |  0
| 150|0x0000000089600000, 0x0000000089600000, 0x0000000089700000|  0%| F|  |TAMS 0x0000000089600000| PB 0x0000000089600000| Untracked |  0
| 151|0x0000000089700000, 0x0000000089700000, 0x0000000089800000|  0%| F|  |TAMS 0x0000000089700000| PB 0x0000000089700000| Untracked |  0
| 152|0x0000000089800000, 0x0000000089800000, 0x0000000089900000|  0%| F|  |TAMS 0x0000000089800000| PB 0x0000000089800000| Untracked |  0
| 153|0x0000000089900000, 0x0000000089900000, 0x0000000089a00000|  0%| F|  |TAMS 0x0000000089900000| PB 0x0000000089900000| Untracked |  0
| 154|0x0000000089a00000, 0x0000000089a7ff40, 0x0000000089b00000| 49%| E|  |TAMS 0x0000000089a00000| PB 0x0000000089a00000| Complete |  0
| 155|0x0000000089b00000, 0x0000000089c00000, 0x0000000089c00000|100%| E|CS|TAMS 0x0000000089b00000| PB 0x0000000089b00000| Complete |  0
| 156|0x0000000089c00000, 0x0000000089d00000, 0x0000000089d00000|100%| E|CS|TAMS 0x0000000089c00000| PB 0x0000000089c00000| Complete |  0
| 157|0x0000000089d00000, 0x0000000089e00000, 0x0000000089e00000|100%| E|CS|TAMS 0x0000000089d00000| PB 0x0000000089d00000| Complete |  0
| 158|0x0000000089e00000, 0x0000000089f00000, 0x0000000089f00000|100%| E|CS|TAMS 0x0000000089e00000| PB 0x0000000089e00000| Complete |  0
| 159|0x0000000089f00000, 0x000000008a000000, 0x000000008a000000|100%| E|CS|TAMS 0x0000000089f00000| PB 0x0000000089f00000| Complete |  0
| 160|0x000000008a000000, 0x000000008a100000, 0x000000008a100000|100%| E|CS|TAMS 0x000000008a000000| PB 0x000000008a000000| Complete |  0
| 161|0x000000008a100000, 0x000000008a200000, 0x000000008a200000|100%| E|CS|TAMS 0x000000008a100000| PB 0x000000008a100000| Complete |  0
| 246|0x000000008f600000, 0x000000008f700000, 0x000000008f700000|100%| E|CS|TAMS 0x000000008f600000| PB 0x000000008f600000| Complete |  0
| 247|0x000000008f700000, 0x000000008f800000, 0x000000008f800000|100%| E|CS|TAMS 0x000000008f700000| PB 0x000000008f700000| Complete |  0
|2040|0x00000000ff800000, 0x00000000ff900000, 0x00000000ff900000|100%| O|  |TAMS 0x00000000ff900000| PB 0x00000000ff900000| Untracked |  0
|2041|0x00000000ff900000, 0x00000000ffa00000, 0x00000000ffa00000|100%| O|  |TAMS 0x00000000ffa00000| PB 0x00000000ffa00000| Untracked |  0
|2042|0x00000000ffa00000, 0x00000000ffb00000, 0x00000000ffb00000|100%| O|  |TAMS 0x00000000ffb00000| PB 0x00000000ffb00000| Untracked |  0
|2043|0x00000000ffb00000, 0x00000000ffc00000, 0x00000000ffc00000|100%| O|  |TAMS 0x00000000ffc00000| PB 0x00000000ffc00000| Updating |  0
|2044|0x00000000ffc00000, 0x00000000ffd00000, 0x00000000ffd00000|100%| O|  |TAMS 0x00000000ffd00000| PB 0x00000000ffd00000| Untracked |  0
|2045|0x00000000ffd00000, 0x00000000ffe00000, 0x00000000ffe00000|100%| O|  |TAMS 0x00000000ffe00000| PB 0x00000000ffe00000| Untracked |  0
|2046|0x00000000ffe00000, 0x00000000fff00000, 0x00000000fff00000|100%| O|  |TAMS 0x00000000fff00000| PB 0x00000000fff00000| Untracked |  0
|2047|0x00000000fff00000, 0x0000000100000000, 0x0000000100000000|100%| O|  |TAMS 0x0000000100000000| PB 0x0000000100000000| Untracked |  0

Card table byte_map: [0x00000234a31f0000,0x00000234a35f0000] _byte_map_base: 0x00000234a2df0000

Marking Bits: (CMBitMap*) 0x000002348ab190f0
 Bits: [0x00000234a35f0000, 0x00000234a55f0000)

Polling page: 0x0000023489260000

Metaspace:

Usage:
  Non-class:     80.13 MB used.
      Class:     13.58 MB used.
       Both:     93.72 MB used.

Virtual space:
  Non-class space:      128.00 MB reserved,      81.31 MB ( 64%) committed,  2 nodes.
      Class space:        1.00 GB reserved,      14.62 MB (  1%) committed,  1 nodes.
             Both:        1.12 GB reserved,      95.94 MB (  8%) committed. 

Chunk freelists:
   Non-Class:  14.47 MB
       Class:  1.32 MB
        Both:  15.78 MB

MaxMetaspaceSize: unlimited
CompressedClassSpaceSize: 1.00 GB
Initial GC threshold: 21.00 MB
Current GC threshold: 155.94 MB
CDS: on
 - commit_granule_bytes: 65536.
 - commit_granule_words: 8192.
 - virtual_space_node_default_size: 8388608.
 - enlarge_chunks_in_place: 1.
 - use_allocation_guard: 0.


Internal statistics:

num_allocs_failed_limit: 6.
num_arena_births: 4010.
num_arena_deaths: 0.
num_vsnodes_births: 3.
num_vsnodes_deaths: 0.
num_space_committed: 1535.
num_space_uncommitted: 0.
num_chunks_returned_to_freelist: 6.
num_chunks_taken_from_freelist: 8230.
num_chunk_merges: 6.
num_chunk_splits: 5467.
num_chunks_enlarged: 3511.
num_inconsistent_stats: 0.

CodeHeap 'non-profiled nmethods': size=119168Kb used=6991Kb max_used=7192Kb free=112176Kb
 bounds [0x000002349a9e0000, 0x000002349b0f0000, 0x00000234a1e40000]
CodeHeap 'profiled nmethods': size=119104Kb used=21824Kb max_used=22746Kb free=97279Kb
 bounds [0x0000023492e40000, 0x0000023494480000, 0x000002349a290000]
CodeHeap 'non-nmethods': size=7488Kb used=3828Kb max_used=3890Kb free=3659Kb
 bounds [0x000002349a290000, 0x000002349a670000, 0x000002349a9e0000]
 total_blobs=12697 nmethods=11837 adapters=761
 compilation: enabled
              stopped_count=0, restarted_count=0
 full_count=0

Compilation events (20 events):
Event: 19.348 Thread 0x00000234f1e8e3a0 14017   !   4       com.google.common.cache.LocalCache$Segment::storeLoadedValue (371 bytes)
Event: 19.353 Thread 0x00000234a880a910 14018       3       java.util.concurrent.locks.ReentrantLock$Sync::tryLock (63 bytes)
Event: 19.353 Thread 0x00000234a880a910 nmethod 14018 0x0000023494474710 code [0x00000234944748e0, 0x0000023494474cf8]
Event: 19.394 Thread 0x00000234a8809b70 14024       3       java.util.stream.ReduceOps$1::<init> (22 bytes)
Event: 19.394 Thread 0x00000234a880a910 14023       3       java.util.stream.ReduceOps::makeRef (24 bytes)
Event: 19.394 Thread 0x00000234a8683ae0 14025       3       java.util.stream.ReduceOps$1::makeSink (20 bytes)
Event: 19.394 Thread 0x00000234a8808dd0 14026       3       java.util.stream.ReduceOps$1ReducingSink::<init> (20 bytes)
Event: 19.394 Thread 0x00000234a8808dd0 nmethod 14026 0x0000023494474e10 code [0x0000023494474fc0, 0x0000023494475298]
Event: 19.394 Thread 0x00000234a8809b70 nmethod 14024 0x0000023494475390 code [0x0000023494475540, 0x0000023494475870]
Event: 19.394 Thread 0x00000234a8683ae0 nmethod 14025 0x0000023494475990 code [0x0000023494475b40, 0x0000023494475ee0]
Event: 19.395 Thread 0x00000234a8683ae0 14027       3       java.util.stream.ReduceOps$1ReducingSink::begin (9 bytes)
Event: 19.395 Thread 0x00000234a880a910 nmethod 14023 0x0000023494476010 code [0x0000023494476220, 0x00000234944768c0]
Event: 19.395 Thread 0x00000234a8683ae0 nmethod 14027 0x0000023494476b10 code [0x0000023494476ca0, 0x0000023494476df8]
Event: 19.402 Thread 0x00000234a8809b70 14028       3       com.google.common.collect.ImmutableSet::toImmutableSet (4 bytes)
Event: 19.402 Thread 0x00000234a8808dd0 14029       3       com.google.common.collect.CollectCollectors::toImmutableSet (4 bytes)
Event: 19.402 Thread 0x00000234a8683ae0 14030       3       com.google.common.collect.CollectCollectors$$Lambda/0x00000234aa3636e8::get (4 bytes)
Event: 19.402 Thread 0x00000234a8808dd0 nmethod 14029 0x0000023493b1bc10 code [0x0000023493b1bda0, 0x0000023493b1be98]
Event: 19.402 Thread 0x00000234a8809b70 nmethod 14028 0x0000023494476e90 code [0x0000023494477020, 0x0000023494477170]
Event: 19.402 Thread 0x00000234a8808dd0 14031       3       com.google.common.collect.CollectCollectors$$Lambda/0x00000234aa363d68::apply (8 bytes)
Event: 19.402 Thread 0x00000234a8683ae0 nmethod 14030 0x0000023494477210 code [0x00000234944773c0, 0x0000023494477628]

GC Heap History (20 events):
Event: 12.896 GC heap before
{Heap before GC invocations=23 (full 0):
 garbage-first heap   total reserved 2097152K, committed 165888K, used 132484K [0x0000000080000000, 0x0000000100000000)
  region size 1024K, 55 young (56320K), 7 survivors (7168K)
 Metaspace       used 74107K, committed 76096K, reserved 1114112K
  class space    used 10488K, committed 11456K, reserved 1048576K
}
Event: 12.901 GC heap after
{Heap after GC invocations=24 (full 0):
 garbage-first heap   total reserved 2097152K, committed 165888K, used 86079K [0x0000000080000000, 0x0000000100000000)
  region size 1024K, 5 young (5120K), 5 survivors (5120K)
 Metaspace       used 74107K, committed 76096K, reserved 1114112K
  class space    used 10488K, committed 11456K, reserved 1048576K
}
Event: 13.425 GC heap before
{Heap before GC invocations=25 (full 0):
 garbage-first heap   total reserved 2097152K, committed 165888K, used 145471K [0x0000000080000000, 0x0000000100000000)
  region size 1024K, 60 young (61440K), 5 survivors (5120K)
 Metaspace       used 75620K, committed 77696K, reserved 1179648K
  class space    used 10719K, committed 11712K, reserved 1048576K
}
Event: 13.429 GC heap after
{Heap after GC invocations=26 (full 0):
 garbage-first heap   total reserved 2097152K, committed 165888K, used 94282K [0x0000000080000000, 0x0000000100000000)
  region size 1024K, 7 young (7168K), 7 survivors (7168K)
 Metaspace       used 75620K, committed 77696K, reserved 1179648K
  class space    used 10719K, committed 11712K, reserved 1048576K
}
Event: 14.037 GC heap before
{Heap before GC invocations=26 (full 0):
 garbage-first heap   total reserved 2097152K, committed 165888K, used 146506K [0x0000000080000000, 0x0000000100000000)
  region size 1024K, 58 young (59392K), 7 survivors (7168K)
 Metaspace       used 79374K, committed 81536K, reserved 1179648K
  class space    used 11247K, committed 12288K, reserved 1048576K
}
Event: 14.042 GC heap after
{Heap after GC invocations=27 (full 0):
 garbage-first heap   total reserved 2097152K, committed 165888K, used 96653K [0x0000000080000000, 0x0000000100000000)
  region size 1024K, 4 young (4096K), 4 survivors (4096K)
 Metaspace       used 79374K, committed 81536K, reserved 1179648K
  class space    used 11247K, committed 12288K, reserved 1048576K
}
Event: 14.860 GC heap before
{Heap before GC invocations=27 (full 0):
 garbage-first heap   total reserved 2097152K, committed 165888K, used 148877K [0x0000000080000000, 0x0000000100000000)
  region size 1024K, 55 young (56320K), 4 survivors (4096K)
 Metaspace       used 83452K, committed 85568K, reserved 1179648K
  class space    used 11981K, committed 12992K, reserved 1048576K
}
Event: 14.863 GC heap after
{Heap after GC invocations=28 (full 0):
 garbage-first heap   total reserved 2097152K, committed 165888K, used 97106K [0x0000000080000000, 0x0000000100000000)
  region size 1024K, 4 young (4096K), 4 survivors (4096K)
 Metaspace       used 83452K, committed 85568K, reserved 1179648K
  class space    used 11981K, committed 12992K, reserved 1048576K
}
Event: 15.618 GC heap before
{Heap before GC invocations=29 (full 0):
 garbage-first heap   total reserved 2097152K, committed 165888K, used 150354K [0x0000000080000000, 0x0000000100000000)
  region size 1024K, 56 young (57344K), 4 survivors (4096K)
 Metaspace       used 87036K, committed 89280K, reserved 1179648K
  class space    used 12565K, committed 13632K, reserved 1048576K
}
Event: 15.622 GC heap after
{Heap after GC invocations=30 (full 0):
 garbage-first heap   total reserved 2097152K, committed 165888K, used 99680K [0x0000000080000000, 0x0000000100000000)
  region size 1024K, 7 young (7168K), 7 survivors (7168K)
 Metaspace       used 87036K, committed 89280K, reserved 1179648K
  class space    used 12565K, committed 13632K, reserved 1048576K
}
Event: 16.200 GC heap before
{Heap before GC invocations=30 (full 0):
 garbage-first heap   total reserved 2097152K, committed 165888K, used 148832K [0x0000000080000000, 0x0000000100000000)
  region size 1024K, 55 young (56320K), 7 survivors (7168K)
 Metaspace       used 90566K, committed 92800K, reserved 1179648K
  class space    used 13130K, committed 14208K, reserved 1048576K
}
Event: 16.205 GC heap after
{Heap after GC invocations=31 (full 0):
 garbage-first heap   total reserved 2097152K, committed 165888K, used 100674K [0x0000000080000000, 0x0000000100000000)
  region size 1024K, 6 young (6144K), 6 survivors (6144K)
 Metaspace       used 90566K, committed 92800K, reserved 1179648K
  class space    used 13130K, committed 14208K, reserved 1048576K
}
Event: 16.818 GC heap before
{Heap before GC invocations=31 (full 0):
 garbage-first heap   total reserved 2097152K, committed 165888K, used 148802K [0x0000000080000000, 0x0000000100000000)
  region size 1024K, 53 young (54272K), 6 survivors (6144K)
 Metaspace       used 93433K, committed 95680K, reserved 1179648K
  class space    used 13516K, committed 14592K, reserved 1048576K
}
Event: 16.824 GC heap after
{Heap after GC invocations=32 (full 0):
 garbage-first heap   total reserved 2097152K, committed 165888K, used 104360K [0x0000000080000000, 0x0000000100000000)
  region size 1024K, 7 young (7168K), 7 survivors (7168K)
 Metaspace       used 93433K, committed 95680K, reserved 1179648K
  class space    used 13516K, committed 14592K, reserved 1048576K
}
Event: 18.602 GC heap before
{Heap before GC invocations=33 (full 0):
 garbage-first heap   total reserved 2097152K, committed 176128K, used 146344K [0x0000000080000000, 0x0000000100000000)
  region size 1024K, 49 young (50176K), 7 survivors (7168K)
 Metaspace       used 95727K, committed 98048K, reserved 1179648K
  class space    used 13897K, committed 14976K, reserved 1048576K
}
Event: 18.608 GC heap after
{Heap after GC invocations=34 (full 0):
 garbage-first heap   total reserved 2097152K, committed 176128K, used 108742K [0x0000000080000000, 0x0000000100000000)
  region size 1024K, 7 young (7168K), 7 survivors (7168K)
 Metaspace       used 95727K, committed 98048K, reserved 1179648K
  class space    used 13897K, committed 14976K, reserved 1048576K
}
Event: 19.119 GC heap before
{Heap before GC invocations=34 (full 0):
 garbage-first heap   total reserved 2097152K, committed 176128K, used 157894K [0x0000000080000000, 0x0000000100000000)
  region size 1024K, 55 young (56320K), 7 survivors (7168K)
 Metaspace       used 95953K, committed 98240K, reserved 1179648K
  class space    used 13908K, committed 14976K, reserved 1048576K
}
Event: 19.128 GC heap after
{Heap after GC invocations=35 (full 0):
 garbage-first heap   total reserved 2097152K, committed 176128K, used 115169K [0x0000000080000000, 0x0000000100000000)
  region size 1024K, 7 young (7168K), 7 survivors (7168K)
 Metaspace       used 95953K, committed 98240K, reserved 1179648K
  class space    used 13908K, committed 14976K, reserved 1048576K
}
Event: 19.326 GC heap before
{Heap before GC invocations=35 (full 0):
 garbage-first heap   total reserved 2097152K, committed 176128K, used 157153K [0x0000000080000000, 0x0000000100000000)
  region size 1024K, 49 young (50176K), 7 survivors (7168K)
 Metaspace       used 95961K, committed 98240K, reserved 1179648K
  class space    used 13908K, committed 14976K, reserved 1048576K
}
Event: 19.330 GC heap after
{Heap after GC invocations=36 (full 0):
 garbage-first heap   total reserved 2097152K, committed 176128K, used 116794K [0x0000000080000000, 0x0000000100000000)
  region size 1024K, 4 young (4096K), 4 survivors (4096K)
 Metaspace       used 95961K, committed 98240K, reserved 1179648K
  class space    used 13908K, committed 14976K, reserved 1048576K
}

Dll operation events (15 events):
Event: 0.012 Loaded shared library C:\Java\jdk-22\bin\java.dll
Event: 0.037 Loaded shared library C:\Java\jdk-22\bin\jsvml.dll
Event: 0.070 Loaded shared library C:\Java\jdk-22\bin\zip.dll
Event: 0.075 Loaded shared library C:\Java\jdk-22\bin\instrument.dll
Event: 0.078 Loaded shared library C:\Java\jdk-22\bin\net.dll
Event: 0.080 Loaded shared library C:\Java\jdk-22\bin\nio.dll
Event: 0.082 Loaded shared library C:\Java\jdk-22\bin\zip.dll
Event: 0.283 Loaded shared library C:\Java\jdk-22\bin\jimage.dll
Event: 0.402 Loaded shared library C:\Java\jdk-22\bin\verify.dll
Event: 0.510 Loaded shared library C:\Users\NGUYEN TRUNG KIEN\.gradle\native\c067742578af261105cb4f569cf0c3c89f3d7b1fecec35dd04571415982c5e48\windows-amd64\native-platform.dll
Event: 0.522 Loaded shared library C:\Users\NGUYEN TRUNG KIEN\.gradle\native\100fb08df4bc3b14c8652ba06237920a3bd2aa13389f12d3474272988ae205f9\windows-amd64\native-platform-file-events.dll
Event: 1.610 Loaded shared library C:\Java\jdk-22\bin\management.dll
Event: 1.612 Loaded shared library C:\Java\jdk-22\bin\management_ext.dll
Event: 1.790 Loaded shared library C:\Java\jdk-22\bin\extnet.dll
Event: 2.026 Loaded shared library C:\Java\jdk-22\bin\sunmscapi.dll

Deoptimization events (20 events):
Event: 19.010 Thread 0x00000234f034da30 Uncommon trap: trap_request=0xffffff45 fr.pc=0x000002349ae4d7ec relative=0x000000000000090c
Event: 19.011 Thread 0x00000234f034da30 Uncommon trap: reason=unstable_if action=reinterpret pc=0x000002349ae4d7ec method=java.util.concurrent.ConcurrentHashMap.replaceNode(Ljava/lang/Object;Ljava/lang/Object;Ljava/lang/Object;)Ljava/lang/Object; @ 246 c2
Event: 19.011 Thread 0x00000234f034da30 DEOPT PACKING pc=0x000002349ae4d7ec sp=0x0000006c061fdae0
Event: 19.011 Thread 0x00000234f034da30 DEOPT UNPACKING pc=0x000002349a2e46a2 sp=0x0000006c061fda60 mode 2
Event: 19.034 Thread 0x00000234f034da30 Uncommon trap: trap_request=0xffffff45 fr.pc=0x000002349adfd710 relative=0x0000000000000170
Event: 19.034 Thread 0x00000234f034da30 Uncommon trap: reason=unstable_if action=reinterpret pc=0x000002349adfd710 method=java.util.concurrent.locks.ReentrantLock$Sync.tryLock()Z @ 34 c2
Event: 19.034 Thread 0x00000234f034da30 DEOPT PACKING pc=0x000002349adfd710 sp=0x0000006c061fe760
Event: 19.035 Thread 0x00000234f034da30 DEOPT UNPACKING pc=0x000002349a2e46a2 sp=0x0000006c061fe700 mode 2
Event: 19.202 Thread 0x00000234f5695fd0 Uncommon trap: trap_request=0xffffff45 fr.pc=0x000002349af31430 relative=0x0000000000001bd0
Event: 19.202 Thread 0x00000234f5696660 Uncommon trap: trap_request=0xffffff45 fr.pc=0x000002349af31430 relative=0x0000000000001bd0
Event: 19.202 Thread 0x00000234f5696660 Uncommon trap: reason=unstable_if action=reinterpret pc=0x000002349af31430 method=java.util.concurrent.ConcurrentHashMap.computeIfAbsent(Ljava/lang/Object;Ljava/util/function/Function;)Ljava/lang/Object; @ 104 c2
Event: 19.202 Thread 0x00000234f5695fd0 Uncommon trap: reason=unstable_if action=reinterpret pc=0x000002349af31430 method=java.util.concurrent.ConcurrentHashMap.computeIfAbsent(Ljava/lang/Object;Ljava/util/function/Function;)Ljava/lang/Object; @ 104 c2
Event: 19.202 Thread 0x00000234f5696660 DEOPT PACKING pc=0x000002349af31430 sp=0x0000006c064fdff0
Event: 19.202 Thread 0x00000234f5695fd0 DEOPT PACKING pc=0x000002349af31430 sp=0x0000006c062fe640
Event: 19.202 Thread 0x00000234f5696660 DEOPT UNPACKING pc=0x000002349a2e46a2 sp=0x0000006c064fdf78 mode 2
Event: 19.202 Thread 0x00000234f5695fd0 DEOPT UNPACKING pc=0x000002349a2e46a2 sp=0x0000006c062fe5c8 mode 2
Event: 19.322 Thread 0x00000234f5694590 Uncommon trap: trap_request=0xfffffff4 fr.pc=0x000002349b0e0f20 relative=0x0000000000000ee0
Event: 19.322 Thread 0x00000234f5694590 Uncommon trap: reason=null_check action=make_not_entrant pc=0x000002349b0e0f20 method=org.gradle.tooling.internal.provider.runner.ClientBuildEventGenerator$Enabled.accept(Lorg/gradle/internal/operations/BuildOperationDescriptor;)Lorg/gradle/tooling/intern
Event: 19.322 Thread 0x00000234f5694590 DEOPT PACKING pc=0x000002349b0e0f20 sp=0x0000006c068fec40
Event: 19.323 Thread 0x00000234f5694590 DEOPT UNPACKING pc=0x000002349a2e46a2 sp=0x0000006c068feb78 mode 2

Classes loaded (20 events):
Event: 16.463 Loading class sun/net/InetAddressCachePolicy$1
Event: 16.463 Loading class sun/net/InetAddressCachePolicy$1 done
Event: 16.463 Loading class java/net/InetAddress$CachedLookup
Event: 16.463 Loading class java/net/InetAddress$CachedLookup done
Event: 16.463 Loading class java/net/InetAddress$CachedLocalHost
Event: 16.463 Loading class java/net/InetAddress$CachedLocalHost done
Event: 16.919 Loading class java/util/TreeMap$KeySpliterator
Event: 16.920 Loading class java/util/TreeMap$TreeMapSpliterator
Event: 16.920 Loading class java/util/TreeMap$TreeMapSpliterator done
Event: 16.920 Loading class java/util/TreeMap$KeySpliterator done
Event: 18.179 Loading class java/io/SerialCallbackContext
Event: 18.180 Loading class java/io/SerialCallbackContext done
Event: 18.183 Loading class java/util/HashMap$UnsafeHolder
Event: 18.183 Loading class java/util/HashMap$UnsafeHolder done
Event: 18.269 Loading class java/io/CharArrayWriter
Event: 18.269 Loading class java/io/CharArrayWriter done
Event: 18.275 Loading class java/io/SequenceInputStream
Event: 18.275 Loading class java/io/SequenceInputStream done
Event: 18.281 Loading class java/util/function/IntUnaryOperator
Event: 18.281 Loading class java/util/function/IntUnaryOperator done

Classes unloaded (0 events):
No events

Classes redefined (0 events):
No events

Internal exceptions (20 events):
Event: 15.747 Thread 0x00000234efb9d990 Implicit null exception at 0x000002349aaabf6b to 0x000002349aaad8d4
Event: 15.919 Thread 0x00000234efb9d990 Exception <a 'sun/nio/fs/WindowsException'{0x000000008803b4a8}> (0x000000008803b4a8) 
thrown [s\open\src\hotspot\share\prims\jni.cpp, line 520]
Event: 15.919 Thread 0x00000234efb9d990 Exception <a 'sun/nio/fs/WindowsException'{0x000000008803ca80}> (0x000000008803ca80) 
thrown [s\open\src\hotspot\share\prims\jni.cpp, line 520]
Event: 15.920 Thread 0x00000234efb9d990 Exception <a 'sun/nio/fs/WindowsException'{0x000000008803e0a8}> (0x000000008803e0a8) 
thrown [s\open\src\hotspot\share\prims\jni.cpp, line 520]
Event: 15.920 Thread 0x00000234efb9d990 Exception <a 'sun/nio/fs/WindowsException'{0x000000008803f6d0}> (0x000000008803f6d0) 
thrown [s\open\src\hotspot\share\prims\jni.cpp, line 520]
Event: 16.065 Thread 0x00000234efb9d990 Exception <a 'java/lang/NullPointerException'{0x00000000874486d8}> (0x00000000874486d8) 
thrown [s\open\src\hotspot\share\interpreter\linkResolver.cpp, line 1458]
Event: 16.376 Thread 0x00000234efb9d990 Exception <a 'java/lang/NoSuchMethodError'{0x0000000088f7bd00}: 'void java.lang.invoke.DelegatingMethodHandle$Holder.reinvoke_L(java.lang.Object, java.lang.Object, int)'> (0x0000000088f7bd00) 
thrown [s\open\src\hotspot\share\interpreter\linkResolver.cpp, line 774]
Event: 16.377 Thread 0x00000234efb9d990 Exception <a 'java/lang/NoSuchMethodError'{0x0000000088f835b8}: 'void java.lang.invoke.Invokers$Holder.invokeExact_MT(java.lang.Object, java.lang.Object, int, java.lang.Object)'> (0x0000000088f835b8) 
thrown [s\open\src\hotspot\share\interpreter\linkResolver.cpp, line 774]
Event: 16.825 Thread 0x00000234a865ebf0 Implicit null exception at 0x000002349aef2a48 to 0x000002349aef311c
Event: 16.943 Thread 0x00000234f569a170 Exception <a 'java/lang/NoSuchMethodError'{0x0000000089eb1b98}: 'java.lang.Object java.lang.invoke.DirectMethodHandle$Holder.newInvokeSpecial(java.lang.Object, java.lang.Object, int, java.lang.Object, java.lang.Object)'> (0x0000000089eb1b98) 
thrown [s\open\src\hotspot\share\interpreter\linkResolver.cpp, line 774]
Event: 17.016 Thread 0x00000234f569a170 Exception <a 'java/lang/NoSuchMethodError'{0x0000000089af7a80}: 'java.lang.Object java.lang.invoke.DirectMethodHandle$Holder.invokeVirtual(java.lang.Object, java.lang.Object, java.lang.Object, java.lang.Object, java.lang.Object, java.lang.Object, java.lang.Object, java.lang.Object, java.lang.Object, java.lang.Object, java.lang.Object, java.lang.Object, java.lang.Object, java.lang.Object, java.lang.Object, java.lang.Object, java.lang.Object, java.lang.Object, java.lang.Object)'> (0x0000000089af7a80) 
thrown
Event: 18.167 Thread 0x00000234f5699ae0 Exception <a 'java/lang/NoSuchMethodError'{0x0000000088dbb7e8}: 'void java.lang.invoke.DirectMethodHandle$Holder.invokeSpecial(java.lang.Object, java.lang.Object, java.lang.Object, java.lang.Object, int, java.lang.Object, java.lang.Object)'> (0x0000000088dbb7e8) 
thrown [s\open\src\hotspot\share\interpreter\linkResolver.cpp, line 774]
Event: 18.179 Thread 0x00000234f4217970 Exception <a 'java/lang/NoSuchMethodError'{0x0000000088c8e9a8}: static Ljava/lang/Object;.<clinit>()V> (0x0000000088c8e9a8) 
thrown [s\open\src\hotspot\share\prims\jni.cpp, line 1111]
Event: 18.181 Thread 0x00000234f4217970 Exception <a 'java/lang/NoSuchMethodError'{0x0000000088c9dfc0}: static Lorg/jetbrains/kotlin/gradle/plugin/statistics/MetricContainer;.<clinit>()V> (0x0000000088c9dfc0) 
thrown [s\open\src\hotspot\share\prims\jni.cpp, line 1111]
Event: 18.187 Thread 0x00000234f5699ae0 Exception <a 'sun/nio/fs/WindowsException'{0x0000000088c280d0}> (0x0000000088c280d0) 
thrown [s\open\src\hotspot\share\prims\jni.cpp, line 520]
Event: 18.217 Thread 0x00000234f5699ae0 Exception <a 'java/lang/IncompatibleClassChangeError'{0x0000000088a264e8}: Found class java.lang.Object, but interface was expected> (0x0000000088a264e8) 
thrown [s\open\src\hotspot\share\interpreter\linkResolver.cpp, line 841]
Event: 18.282 Thread 0x00000234f5699ae0 Exception <a 'java/lang/NoSuchMethodError'{0x00000000888d5628}: 'int java.lang.invoke.DirectMethodHandle$Holder.invokeSpecial(java.lang.Object, java.lang.Object, int)'> (0x00000000888d5628) 
thrown [s\open\src\hotspot\share\interpreter\linkResolver.cpp, line 774]
Event: 19.003 Thread 0x00000234f034c680 Implicit null exception at 0x000002349acb27e9 to 0x000002349acb2898
Event: 19.003 Thread 0x00000234f034cd10 Implicit null exception at 0x000002349acb27e9 to 0x000002349acb2898
Event: 19.322 Thread 0x00000234f5694590 Implicit null exception at 0x000002349b0e0609 to 0x000002349b0e0eec

ZGC Phase Switch (0 events):
No events

VM Operations (20 events):
Event: 18.071 Executing VM operation: Cleanup done
Event: 18.155 Executing VM operation: HandshakeAllThreads (Deoptimize)
Event: 18.156 Executing VM operation: HandshakeAllThreads (Deoptimize) done
Event: 18.215 Executing VM operation: HandshakeAllThreads (Deoptimize)
Event: 18.215 Executing VM operation: HandshakeAllThreads (Deoptimize) done
Event: 18.308 Executing VM operation: HandshakeAllThreads (Deoptimize)
Event: 18.309 Executing VM operation: HandshakeAllThreads (Deoptimize) done
Event: 18.357 Executing VM operation: ICBufferFull
Event: 18.357 Executing VM operation: ICBufferFull done
Event: 18.602 Executing VM operation: G1CollectForAllocation (G1 Evacuation Pause)
Event: 18.608 Executing VM operation: G1CollectForAllocation (G1 Evacuation Pause) done
Event: 18.970 Executing VM operation: ICBufferFull
Event: 18.970 Executing VM operation: ICBufferFull done
Event: 19.029 Executing VM operation: ICBufferFull
Event: 19.029 Executing VM operation: ICBufferFull done
Event: 19.119 Executing VM operation: G1CollectForAllocation (G1 Evacuation Pause)
Event: 19.128 Executing VM operation: G1CollectForAllocation (G1 Evacuation Pause) done
Event: 19.325 Executing VM operation: G1CollectForAllocation (G1 Evacuation Pause)
Event: 19.330 Executing VM operation: G1CollectForAllocation (G1 Evacuation Pause) done
Event: 19.402 Executing VM operation: G1PauseRemark

Events (20 events):
Event: 19.411 Thread 0x00000234a863ba70 flushing nmethod 0x0000023493617210
Event: 19.411 Thread 0x00000234a863ba70 flushing nmethod 0x000002349388f490
Event: 19.411 Thread 0x00000234a863ba70 flushing nmethod 0x0000023493a09290
Event: 19.411 Thread 0x00000234a863ba70 flushing nmethod 0x0000023493e71090
Event: 19.411 Thread 0x00000234a863ba70 flushing nmethod 0x0000023494059e10
Event: 19.411 Thread 0x00000234a863ba70 flushing nmethod 0x000002349405b610
Event: 19.411 Thread 0x00000234a863ba70 flushing nmethod 0x0000023493246110
Event: 19.411 Thread 0x00000234a863ba70 flushing nmethod 0x00000234933fbf10
Event: 19.411 Thread 0x00000234a863ba70 flushing nmethod 0x00000234933fc910
Event: 19.411 Thread 0x00000234a863ba70 flushing nmethod 0x00000234933fdd10
Event: 19.411 Thread 0x00000234a863ba70 flushing nmethod 0x0000023493729610
Event: 19.411 Thread 0x00000234a863ba70 flushing nmethod 0x00000234937e6b10
Event: 19.411 Thread 0x00000234a863ba70 flushing nmethod 0x00000234937e8a90
Event: 19.411 Thread 0x00000234a863ba70 flushing nmethod 0x00000234937e9190
Event: 19.411 Thread 0x00000234a863ba70 flushing nmethod 0x0000023493d5f190
Event: 19.411 Thread 0x00000234a863ba70 flushing nmethod 0x0000023493d67210
Event: 19.411 Thread 0x00000234a863ba70 flushing nmethod 0x0000023493d67990
Event: 19.411 Thread 0x00000234a863ba70 flushing nmethod 0x0000023493e8be10
Event: 19.411 Thread 0x00000234a863ba70 flushing nmethod 0x00000234940fa290
Event: 19.411 Thread 0x00000234a863ba70 flushing nmethod 0x000002349414e710


Dynamic libraries:
0x00007ff7ad210000 - 0x00007ff7ad220000 	C:\Java\jdk-22\bin\java.exe
0x00007ff95d700000 - 0x00007ff95d968000 	C:\WINDOWS\SYSTEM32\ntdll.dll
0x00007ff95bf60000 - 0x00007ff95c029000 	C:\WINDOWS\System32\KERNEL32.DLL
0x00007ff95acb0000 - 0x00007ff95b0a2000 	C:\WINDOWS\System32\KERNELBASE.dll
0x00007ff95a890000 - 0x00007ff95a9db000 	C:\WINDOWS\System32\ucrtbase.dll
0x00007ff94cfe0000 - 0x00007ff94cff7000 	C:\Java\jdk-22\bin\jli.dll
0x00007ff94d000000 - 0x00007ff94d01b000 	C:\Java\jdk-22\bin\VCRUNTIME140.dll
0x00007ff95b720000 - 0x00007ff95b7d4000 	C:\WINDOWS\System32\ADVAPI32.dll
0x00007ff95d600000 - 0x00007ff95d6a9000 	C:\WINDOWS\System32\msvcrt.dll
0x00007ff95b4d0000 - 0x00007ff95b576000 	C:\WINDOWS\System32\sechost.dll
0x00007ff95cf50000 - 0x00007ff95d068000 	C:\WINDOWS\System32\RPCRT4.dll
0x00007ff95d0f0000 - 0x00007ff95d2b5000 	C:\WINDOWS\System32\USER32.dll
0x00007ff95b4a0000 - 0x00007ff95b4c7000 	C:\WINDOWS\System32\win32u.dll
0x00007ff945f00000 - 0x00007ff946193000 	C:\WINDOWS\WinSxS\amd64_microsoft.windows.common-controls_6595b64144ccf1df_6.0.26100.6899_none_3e0efeeae32e88c1\COMCTL32.dll
0x00007ff95bea0000 - 0x00007ff95becb000 	C:\WINDOWS\System32\GDI32.dll
0x00007ff95b2e0000 - 0x00007ff95b40d000 	C:\WINDOWS\System32\gdi32full.dll
0x00007ff95a9e0000 - 0x00007ff95aa83000 	C:\WINDOWS\System32\msvcp_win.dll
0x00007ff951c90000 - 0x00007ff951c9b000 	C:\WINDOWS\SYSTEM32\VERSION.dll
0x00007ff95ce90000 - 0x00007ff95cebf000 	C:\WINDOWS\System32\IMM32.DLL
0x00007ff94cf80000 - 0x00007ff94cf8c000 	C:\Java\jdk-22\bin\vcruntime140_1.dll
0x00007ff93d170000 - 0x00007ff93d1fe000 	C:\Java\jdk-22\bin\msvcp140.dll
0x00007ff8d55d0000 - 0x00007ff8d6317000 	C:\Java\jdk-22\bin\server\jvm.dll
0x00007ff95d070000 - 0x00007ff95d0e4000 	C:\WINDOWS\System32\WS2_32.dll
0x00007ff95a550000 - 0x00007ff95a5ae000 	C:\WINDOWS\SYSTEM32\POWRPROF.dll
0x00007ff951c50000 - 0x00007ff951c85000 	C:\WINDOWS\SYSTEM32\WINMM.dll
0x00007ff95a530000 - 0x00007ff95a544000 	C:\WINDOWS\SYSTEM32\UMPDC.dll
0x00007ff959660000 - 0x00007ff95967b000 	C:\WINDOWS\SYSTEM32\kernel.appcore.dll
0x00007ff94cf70000 - 0x00007ff94cf7a000 	C:\Java\jdk-22\bin\jimage.dll
0x00007ff957bc0000 - 0x00007ff957e02000 	C:\WINDOWS\SYSTEM32\DBGHELP.DLL
0x00007ff95c8d0000 - 0x00007ff95cc4b000 	C:\WINDOWS\System32\combase.dll
0x00007ff95c080000 - 0x00007ff95c157000 	C:\WINDOWS\System32\OLEAUT32.dll
0x00007ff9553f0000 - 0x00007ff95542c000 	C:\WINDOWS\SYSTEM32\dbgcore.DLL
0x00007ff95aa90000 - 0x00007ff95ab28000 	C:\WINDOWS\System32\bcryptPrimitives.dll
0x00007ff946560000 - 0x00007ff94656f000 	C:\Java\jdk-22\bin\instrument.dll
0x00007ff94b5a0000 - 0x00007ff94b5be000 	C:\Java\jdk-22\bin\java.dll
0x00007ff95c180000 - 0x00007ff95c8cd000 	C:\WINDOWS\System32\SHELL32.dll
0x00007ff95b0b0000 - 0x00007ff95b21b000 	C:\WINDOWS\System32\wintypes.dll
0x00007ff95b580000 - 0x00007ff95b718000 	C:\WINDOWS\System32\ole32.dll
0x00007ff958500000 - 0x00007ff958d5d000 	C:\WINDOWS\SYSTEM32\windows.storage.dll
0x00007ff95d500000 - 0x00007ff95d5f2000 	C:\WINDOWS\System32\SHCORE.dll
0x00007ff95d320000 - 0x00007ff95d382000 	C:\WINDOWS\System32\shlwapi.dll
0x00007ff95a7b0000 - 0x00007ff95a7d9000 	C:\WINDOWS\SYSTEM32\profapi.dll
0x00007ff93b450000 - 0x00007ff93b527000 	C:\Java\jdk-22\bin\jsvml.dll
0x00007ff946610000 - 0x00007ff946627000 	C:\Java\jdk-22\bin\zip.dll
0x00007ff94cf60000 - 0x00007ff94cf70000 	C:\Java\jdk-22\bin\net.dll
0x00007ff959bd0000 - 0x00007ff959c3b000 	C:\WINDOWS\system32\mswsock.dll
0x00007ff947470000 - 0x00007ff947486000 	C:\Java\jdk-22\bin\nio.dll
0x00007ff947c40000 - 0x00007ff947c50000 	C:\Java\jdk-22\bin\verify.dll
0x00007ff93be20000 - 0x00007ff93be47000 	C:\Users\NGUYEN TRUNG KIEN\.gradle\native\c067742578af261105cb4f569cf0c3c89f3d7b1fecec35dd04571415982c5e48\windows-amd64\native-platform.dll
0x00007ff935600000 - 0x00007ff935744000 	C:\Users\NGUYEN TRUNG KIEN\.gradle\native\100fb08df4bc3b14c8652ba06237920a3bd2aa13389f12d3474272988ae205f9\windows-amd64\native-platform-file-events.dll
0x00007ff946600000 - 0x00007ff94660a000 	C:\Java\jdk-22\bin\management.dll
0x00007ff9465f0000 - 0x00007ff9465fb000 	C:\Java\jdk-22\bin\management_ext.dll
0x00007ff95b7e0000 - 0x00007ff95b7e8000 	C:\WINDOWS\System32\PSAPI.DLL
0x00007ff959e80000 - 0x00007ff959e9b000 	C:\WINDOWS\SYSTEM32\CRYPTSP.dll
0x00007ff9595c0000 - 0x00007ff9595fb000 	C:\WINDOWS\system32\rsaenh.dll
0x00007ff959c70000 - 0x00007ff959c9b000 	C:\WINDOWS\SYSTEM32\USERENV.dll
0x00007ff95a780000 - 0x00007ff95a7a6000 	C:\WINDOWS\SYSTEM32\bcrypt.dll
0x00007ff959ea0000 - 0x00007ff959eac000 	C:\WINDOWS\SYSTEM32\CRYPTBASE.dll
0x00007ff9590d0000 - 0x00007ff959104000 	C:\WINDOWS\SYSTEM32\IPHLPAPI.DLL
0x00007ff95d390000 - 0x00007ff95d39a000 	C:\WINDOWS\System32\NSI.dll
0x00007ff946550000 - 0x00007ff946559000 	C:\Java\jdk-22\bin\extnet.dll
0x00007ff946540000 - 0x00007ff94654e000 	C:\Java\jdk-22\bin\sunmscapi.dll
0x00007ff95ab30000 - 0x00007ff95aca7000 	C:\WINDOWS\System32\CRYPT32.dll
0x00007ff95a0a0000 - 0x00007ff95a0d0000 	C:\WINDOWS\SYSTEM32\ncrypt.dll
0x00007ff95a050000 - 0x00007ff95a08f000 	C:\WINDOWS\SYSTEM32\NTASN1.dll
0x00007ff8fa8c0000 - 0x00007ff8fa8c8000 	C:\WINDOWS\system32\wshunix.dll
0x00007ff91f0d0000 - 0x00007ff91f0e8000 	C:\WINDOWS\system32\napinsp.dll
0x00007ff959170000 - 0x00007ff959296000 	C:\WINDOWS\SYSTEM32\DNSAPI.dll
0x00007ff8f42b0000 - 0x00007ff8f42c2000 	C:\WINDOWS\System32\winrnr.dll
0x00007ff8ed3c0000 - 0x00007ff8ed3e8000 	C:\WINDOWS\system32\nlansp_c.dll
0x00007ff952d60000 - 0x00007ff952d76000 	C:\WINDOWS\system32\wshbth.dll
0x00007ff952e40000 - 0x00007ff952e4b000 	C:\Windows\System32\rasadhlp.dll
0x00007ff9542d0000 - 0x00007ff954356000 	C:\WINDOWS\System32\fwpuclnt.dll

dbghelp: loaded successfully - version: 4.0.5 - missing functions: none
symbol engine: initialized successfully - sym options: 0x614 - pdb path: .;C:\Java\jdk-22\bin;C:\WINDOWS\SYSTEM32;C:\WINDOWS\WinSxS\amd64_microsoft.windows.common-controls_6595b64144ccf1df_6.0.26100.6899_none_3e0efeeae32e88c1;C:\Java\jdk-22\bin\server;C:\Users\NGUYEN TRUNG KIEN\.gradle\native\c067742578af261105cb4f569cf0c3c89f3d7b1fecec35dd04571415982c5e48\windows-amd64;C:\Users\NGUYEN TRUNG KIEN\.gradle\native\100fb08df4bc3b14c8652ba06237920a3bd2aa13389f12d3474272988ae205f9\windows-amd64

VM Arguments:
jvm_args: --add-opens=java.base/java.lang=ALL-UNNAMED --add-opens=java.base/java.lang.invoke=ALL-UNNAMED --add-opens=java.base/java.util=ALL-UNNAMED --add-opens=java.prefs/java.util.prefs=ALL-UNNAMED --add-exports=jdk.compiler/com.sun.tools.javac.api=ALL-UNNAMED --add-exports=jdk.compiler/com.sun.tools.javac.util=ALL-UNNAMED --add-opens=java.base/java.util=ALL-UNNAMED --add-opens=java.prefs/java.util.prefs=ALL-UNNAMED --add-opens=java.base/java.nio.charset=ALL-UNNAMED --add-opens=java.base/java.net=ALL-UNNAMED --add-opens=java.base/java.util.concurrent.atomic=ALL-UNNAMED --add-opens=java.xml/javax.xml.namespace=ALL-UNNAMED -Xmx2048m -Dfile.encoding=UTF-8 -Duser.country=US -Duser.language=en -Duser.variant -javaagent:C:\Users\NGUYEN TRUNG KIEN\.gradle\wrapper\dists\gradle-8.11.1-bin\bpt9gzteqjrbo1mjrsomdt32c\gradle-8.11.1\lib\agents\gradle-instrumentation-agent-8.11.1.jar 
java_command: org.gradle.launcher.daemon.bootstrap.GradleDaemon 8.11.1
java_class_path (initial): C:\Users\NGUYEN TRUNG KIEN\.gradle\wrapper\dists\gradle-8.11.1-bin\bpt9gzteqjrbo1mjrsomdt32c\gradle-8.11.1\lib\gradle-daemon-main-8.11.1.jar
Launcher Type: SUN_STANDARD

[Global flags]
     intx CICompilerCount                          = 12                                        {product} {ergonomic}
     uint ConcGCThreads                            = 3                                         {product} {ergonomic}
     uint G1ConcRefinementThreads                  = 13                                        {product} {ergonomic}
   size_t G1HeapRegionSize                         = 1048576                                   {product} {ergonomic}
   size_t InitialHeapSize                          = 260046848                                 {product} {ergonomic}
   size_t MarkStackSize                            = 4194304                                   {product} {ergonomic}
   size_t MaxHeapSize                              = 2147483648                                {product} {command line}
   size_t MaxNewSize                               = 1287651328                                {product} {ergonomic}
   size_t MinHeapDeltaBytes                        = 1048576                                   {product} {ergonomic}
   size_t MinHeapSize                              = 8388608                                   {product} {ergonomic}
    uintx NonNMethodCodeHeapSize                   = 7602480                                {pd product} {ergonomic}
    uintx NonProfiledCodeHeapSize                  = 122027880                              {pd product} {ergonomic}
    uintx ProfiledCodeHeapSize                     = 122027880                              {pd product} {ergonomic}
    uintx ReservedCodeCacheSize                    = 251658240                              {pd product} {ergonomic}
     bool SegmentedCodeCache                       = true                                      {product} {ergonomic}
   size_t SoftMaxHeapSize                          = 2147483648                             {manageable} {ergonomic}
     bool UseCompressedOops                        = true                           {product lp64_product} {ergonomic}
     bool UseG1GC                                  = true                                      {product} {ergonomic}
     bool UseLargePagesIndividualAllocation        = false                                  {pd product} {ergonomic}

Logging:
Log output configuration:
 #0: stdout all=warning uptime,level,tags foldmultilines=false
 #1: stderr all=off uptime,level,tags foldmultilines=false

Environment Variables:
JAVA_HOME=C:\Java\jdk-22
CLASSPATH=D:\FBTP_CN\\gradle\wrapper\gradle-wrapper.jar
PATH=C:\Users\NGUYEN TRUNG KIEN\flutter\bin;C:\Program Files (x86)\VMware\VMware Workstation\bin\;C:\msys64\mingw64\bin;C:\Program Files\Microsoft\jdk-11.0.16.101-hotspot\bin;C:\Windows\system32;C:\Windows;C:\Windows\System32\Wbem;C:\Windows\System32\WindowsPowerShell\v1.0\;C:\Windows\System32\OpenSSH\;C:\Program Files (x86)\NVIDIA Corporation\PhysX\Common;C:\WINDOWS\system32;C:\WINDOWS;C:\WINDOWS\System32\Wbem;C:\WINDOWS\System32\WindowsPowerShell\v1.0\;C:\WINDOWS\System32\OpenSSH\;C:\Program Files\Microsoft SQL Server\150\Tools\Binn\;C:\Program Files\Java\jdk-22\bin;C:\Program Files\Microsoft SQL Server\Client SDK\ODBC\170\Tools\Binn\;C:\Program Files\dotnet\;C:\Program Files (x86)\Microsoft SQL Server\160\Tools\Binn\;C:\Program Files\Microsoft SQL Server\160\Tools\Binn\;C:\Program Files\Microsoft SQL Server\160\DTS\Binn\;C:\Program Files (x86)\Microsoft SQL Server\160\DTS\Binn\;C:\Program Files\Oracle\VirtualBox;C:\Users\NGUYEN TRUNG KIEN\AppData\Local\Android\Sdk\platform-tools;C:\Users\NGUYEN TRUNG KIEN\Android\Sdk\platform-tools;C:\Program Files\Git\cmd;C:\Program Files\nodejs\;C:\Program Files (x86)\Windows Kits\10\Windows Performance Toolkit\;C:\Users\NGUYEN TRUNG KIEN\AppData\Local\Programs\Python\Python312\Scripts\;C:\Users\NGUYEN TRUNG KIEN\AppData\Local\Programs\Python\Python312\;C:\Users\NGUYEN TRUNG KIEN\AppData\Local\Microsoft\WindowsApps;C:\altera\13.0sp1\modelsim_ase\win32aloem;C:\altera\13.0sp1\modelsim_ae\win32aloem;C:\Users\NGUYEN TRUNG KIEN\.dotnet\tools;D:\cursor\resources\app\bin;C:\Users\NGUYEN TRUNG KIEN\AppData\Local\Programs\Microsoft VS Code\bin;C:\OpenSSL-Win64\OpenSSL-Win64\bin;C:\Java\jdk-22\bin;C:\maven\apache-maven-3.9.11\bin;C:\Users\NGUYEN TRUNG KIEN\AppData\Roaming\npm;C:\Users\NGUYEN TRUNG KIEN\AppData\Local\Pub\Cache\bin;
USERNAME=NGUYEN TRUNG KIEN
TERM=dumb
OS=Windows_NT
PROCESSOR_IDENTIFIER=AMD64 Family 23 Model 96 Stepping 1, AuthenticAMD
TMP=C:\Users\NGUYEN~1\AppData\Local\Temp
TEMP=C:\Users\NGUYEN~1\AppData\Local\Temp




Periodic native trim disabled

---------------  S Y S T E M  ---------------

OS:
 Windows 11 , 64 bit Build 26100 (10.0.26100.6725)
OS uptime: 1 days 21:01 hours

CPU: total 16 (initial active 16) (16 cores per cpu, 2 threads per core) family 23 model 96 stepping 1 microcode 0x8600106, cx8, cmov, fxsr, ht, mmx, 3dnowpref, sse, sse2, sse3, ssse3, sse4a, sse4.1, sse4.2, popcnt, lzcnt, tsc, tscinvbit, avx, avx2, aes, clmul, bmi1, bmi2, adx, sha, fma, vzeroupper, clflush, clflushopt, rdtscp, rdpid, f16c
Processor Information for all 16 processors :
  Max Mhz: 2901, Current Mhz: 2901, Mhz Limit: 2901

Memory: 4k page, system-wide physical 15791M (1882M free)
TotalPageFile size 29316M (AvailPageFile size 7M)
current process WorkingSet (physical memory assigned to process): 482M, peak: 482M
current process commit charge ("private bytes"): 532M, peak: 551M

vm_info: Java HotSpot(TM) 64-Bit Server VM (22.0.1+8-16) for windows-amd64 JRE (22.0.1+8-16), built on 2024-03-12T10:33:16Z by "mach5one" with MS VC++ 17.6 (VS2022)

END.
