#
# There is insufficient memory for the Java Runtime Environment to continue.
# Native memory allocation (malloc) failed to allocate 1049136 bytes. Error detail: Chunk::new
# Possible reasons:
#   The system is out of physical RAM or swap space
#   This process is running with CompressedOops enabled, and the Java Heap may be blocking the growth of the native heap
# Possible solutions:
#   Reduce memory load on the system
#   Increase physical memory or swap space
#   Check if swap backing store is full
#   Decrease Java heap size (-Xmx/-Xms)
#   Decrease number of Java threads
#   Decrease Java thread stack sizes (-Xss)
#   Set larger code cache with -XX:ReservedCodeCacheSize=
#   JVM is running with Unscaled Compressed Oops mode in which the Java heap is
#     placed in the first 4GB address space. The Java Heap base address is the
#     maximum limit for the native heap growth. Please use -XX:HeapBaseMinAddress
#     to set the Java Heap base and to place the Java Heap above 4GB virtual address.
# This output file may be truncated or incomplete.
#
#  Out of Memory Error (arena.cpp:150), pid=19832, tid=21732
#
# JRE version: Java(TM) SE Runtime Environment (22.0.1+8) (build 22.0.1+8-16)
# Java VM: Java HotSpot(TM) 64-Bit Server VM (22.0.1+8-16, mixed mode, sharing, tiered, compressed oops, compressed class ptrs, g1 gc, windows-amd64)
# No core dump will be written. Minidumps are not enabled by default on client versions of Windows
#

---------------  S U M M A R Y ------------

Command Line: --add-opens=java.base/java.lang=ALL-UNNAMED --add-opens=java.base/java.lang.invoke=ALL-UNNAMED --add-opens=java.base/java.util=ALL-UNNAMED --add-opens=java.prefs/java.util.prefs=ALL-UNNAMED --add-exports=jdk.compiler/com.sun.tools.javac.api=ALL-UNNAMED --add-exports=jdk.compiler/com.sun.tools.javac.util=ALL-UNNAMED --add-opens=java.base/java.util=ALL-UNNAMED --add-opens=java.prefs/java.util.prefs=ALL-UNNAMED --add-opens=java.base/java.nio.charset=ALL-UNNAMED --add-opens=java.base/java.net=ALL-UNNAMED --add-opens=java.base/java.util.concurrent.atomic=ALL-UNNAMED --add-opens=java.xml/javax.xml.namespace=ALL-UNNAMED -Xmx2048m -Dfile.encoding=UTF-8 -Duser.country=US -Duser.language=en -Duser.variant -javaagent:C:\Users\NGUYEN TRUNG KIEN\.gradle\wrapper\dists\gradle-8.11.1-bin\bpt9gzteqjrbo1mjrsomdt32c\gradle-8.11.1\lib\agents\gradle-instrumentation-agent-8.11.1.jar org.gradle.launcher.daemon.bootstrap.GradleDaemon 8.11.1

Host: AMD Ryzen 7 4800H with Radeon Graphics         , 16 cores, 15G,  Windows 11 , 64 bit Build 26100 (10.0.26100.6725)
Time: Mon Nov  3 12:31:59 2025 SE Asia Standard Time elapsed time: 16.101833 seconds (0d 0h 0m 16s)

---------------  T H R E A D  ---------------

Current thread (0x000002946f893f60):  JavaThread "C2 CompilerThread2" daemon [_thread_in_native, id=21732, stack(0x000000c0c9600000,0x000000c0c9700000) (1024K)]


Current CompileTask:
C2:16101 13867       4       org.gradle.internal.snapshot.impl.DirectorySnapshotterStatistics$CollectingFileVisitor::visitFile (10 bytes)

Stack: [0x000000c0c9600000,0x000000c0c9700000]
Native frames: (J=compiled Java code, j=interpreted, Vv=VM code, C=native code)
V  [jvm.dll+0x6e2279]  (no source info available)
V  [jvm.dll+0x874e33]  (no source info available)
V  [jvm.dll+0x87725e]  (no source info available)
V  [jvm.dll+0x877933]  (no source info available)
V  [jvm.dll+0x27fd76]  (no source info available)
V  [jvm.dll+0xc3d0f]  (no source info available)
V  [jvm.dll+0xc3f6b]  (no source info available)
V  [jvm.dll+0x3bb0d2]  (no source info available)
V  [jvm.dll+0x387b6b]  (no source info available)
V  [jvm.dll+0x386fda]  (no source info available)
V  [jvm.dll+0x247918]  (no source info available)
V  [jvm.dll+0x246fbf]  (no source info available)
V  [jvm.dll+0x1c4e90]  (no source info available)
V  [jvm.dll+0x2569fe]  (no source info available)
V  [jvm.dll+0x254cba]  (no source info available)
V  [jvm.dll+0x3f5336]  (no source info available)
V  [jvm.dll+0x81d44b]  (no source info available)
V  [jvm.dll+0x6e0915]  (no source info available)
C  [ucrtbase.dll+0x37b0]  (no source info available)
C  [KERNEL32.DLL+0x2e8d7]  (no source info available)
C  [ntdll.dll+0x8c53c]  (no source info available)


---------------  P R O C E S S  ---------------

Threads class SMR info:
_java_thread_list=0x0000029470c29520, length=117, elements={
0x0000029405f09950, 0x000002942568b2e0, 0x000002942568de50, 0x00000294256935a0,
0x0000029425696e70, 0x00000294256948d0, 0x0000029425695f60, 0x000002942569a260,
0x000002942569b4b0, 0x0000029425833270, 0x0000029425839830, 0x000002942583a6c0,
0x00000294259e41a0, 0x000002946b05bab0, 0x000002946b9c1d80, 0x000002946cae50d0,
0x000002946c8bbf40, 0x000002946cd5ea80, 0x000002946c8b9ef0, 0x000002946ccb5440,
0x000002946ccf3440, 0x000002946ccf6230, 0x000002946ccf4e80, 0x000002946ccf47f0,
0x000002946ccf5510, 0x000002946ccf4160, 0x000002946ccf5ba0, 0x000002946ccf68c0,
0x000002946f5a6ad0, 0x000002946f5a7160, 0x000002946f5a6440, 0x000002946f5a9230,
0x000002946f5a7e80, 0x000002946f5a8510, 0x000002946f5a77f0, 0x000002946f5a8ba0,
0x000002946d1d5680, 0x000002946d1d8470, 0x000002946d1d7de0, 0x000002946d1d7750,
0x000002946d1d4ff0, 0x000002946d1d9190, 0x000002946d1d8b00, 0x000002946d1d63a0,
0x000002946d1d9820, 0x000002946d1d70c0, 0x000002946d1d6a30, 0x000002946d1d9eb0,
0x000002946d1dbf80, 0x000002946d1da540, 0x000002946d1dabd0, 0x000002946d1db260,
0x000002946d1db8f0, 0x000002946d1dc610, 0x0000029470b144e0, 0x0000029470b13e50,
0x0000029470b13130, 0x0000029470b11060, 0x0000029470b12aa0, 0x0000029470b116f0,
0x0000029470b11d80, 0x0000029470b137c0, 0x0000029470b12410, 0x000002946ff2fa10,
0x000002946ff31ae0, 0x000002946ff300a0, 0x000002946ff2e660, 0x000002946ff2f380,
0x000002946ff30dc0, 0x000002946ff2ecf0, 0x000002946ff33bb0, 0x000002946ff32170,
0x000002946ff30730, 0x000002946ff32800, 0x000002946ff32e90, 0x000002946ff33520,
0x000002946ff34240, 0x000002946ff348d0, 0x000002946ff31450, 0x000002946ff34f60,
0x000002946ff355f0, 0x0000029470b5d140, 0x0000029470b5f8a0, 0x000002946f893f60,
0x000002946f8908e0, 0x0000029471ea01e0, 0x0000029471ea0870, 0x0000029471ea4380,
0x0000029471ea4a10, 0x0000029471ea50a0, 0x0000029471ea6ae0, 0x0000029471ea5730,
0x0000029471ea5dc0, 0x0000029471ea6450, 0x0000029471ea7170, 0x0000029470b62690,
0x0000029470b612e0, 0x0000029470b61970, 0x0000029470b62000, 0x000002946f671e80,
0x000002946f670ad0, 0x000002946f673f50, 0x000002946f6738c0, 0x000002946f6745e0,
0x000002946f673230, 0x000002946f671160, 0x000002946f674c70, 0x000002946f6717f0,
0x000002946f6766b0, 0x000002946f675990, 0x000002946f676020, 0x000002946f676d40,
0x000002946f6773d0, 0x000002946f675300, 0x000002946f6780f0, 0x000002946f677a60,
0x000002946bf55000
}

Java Threads: ( => current thread )
  0x0000029405f09950 JavaThread "main"                              [_thread_blocked, id=5296, stack(0x000000c0c8100000,0x000000c0c8200000) (1024K)]
  0x000002942568b2e0 JavaThread "Reference Handler"          daemon [_thread_blocked, id=26308, stack(0x000000c0c8900000,0x000000c0c8a00000) (1024K)]
  0x000002942568de50 JavaThread "Finalizer"                  daemon [_thread_blocked, id=11936, stack(0x000000c0c8a00000,0x000000c0c8b00000) (1024K)]
  0x00000294256935a0 JavaThread "Signal Dispatcher"          daemon [_thread_blocked, id=26588, stack(0x000000c0c8b00000,0x000000c0c8c00000) (1024K)]
  0x0000029425696e70 JavaThread "Attach Listener"            daemon [_thread_blocked, id=22940, stack(0x000000c0c8c00000,0x000000c0c8d00000) (1024K)]
  0x00000294256948d0 JavaThread "Service Thread"             daemon [_thread_blocked, id=12096, stack(0x000000c0c8d00000,0x000000c0c8e00000) (1024K)]
  0x0000029425695f60 JavaThread "Monitor Deflation Thread"   daemon [_thread_blocked, id=11544, stack(0x000000c0c8e00000,0x000000c0c8f00000) (1024K)]
  0x000002942569a260 JavaThread "C2 CompilerThread0"         daemon [_thread_blocked, id=16052, stack(0x000000c0c8f00000,0x000000c0c9000000) (1024K)]
  0x000002942569b4b0 JavaThread "C1 CompilerThread0"         daemon [_thread_blocked, id=9864, stack(0x000000c0c9000000,0x000000c0c9100000) (1024K)]
  0x0000029425833270 JavaThread "Common-Cleaner"             daemon [_thread_blocked, id=4708, stack(0x000000c0c9100000,0x000000c0c9200000) (1024K)]
  0x0000029425839830 JavaThread "C1 CompilerThread1"         daemon [_thread_blocked, id=11604, stack(0x000000c0c9200000,0x000000c0c9300000) (1024K)]
  0x000002942583a6c0 JavaThread "C1 CompilerThread2"         daemon [_thread_blocked, id=15532, stack(0x000000c0c9300000,0x000000c0c9400000) (1024K)]
  0x00000294259e41a0 JavaThread "Notification Thread"        daemon [_thread_blocked, id=16596, stack(0x000000c0c9400000,0x000000c0c9500000) (1024K)]
  0x000002946b05bab0 JavaThread "C2 CompilerThread1"         daemon [_thread_blocked, id=6680, stack(0x000000c0c9500000,0x000000c0c9600000) (1024K)]
  0x000002946b9c1d80 JavaThread "C1 CompilerThread3"         daemon [_thread_blocked, id=17780, stack(0x000000c0c9d00000,0x000000c0c9e00000) (1024K)]
  0x000002946cae50d0 JavaThread "Daemon health stats"               [_thread_blocked, id=6388, stack(0x000000c0ca000000,0x000000c0ca100000) (1024K)]
  0x000002946c8bbf40 JavaThread "Incoming local TCP Connector on port 64474"        [_thread_in_native, id=6892, stack(0x000000c0ca100000,0x000000c0ca200000) (1024K)]
  0x000002946cd5ea80 JavaThread "Daemon periodic checks"            [_thread_blocked, id=16860, stack(0x000000c0ca200000,0x000000c0ca300000) (1024K)]
  0x000002946c8b9ef0 JavaThread "Daemon"                            [_thread_blocked, id=12988, stack(0x000000c0ca300000,0x000000c0ca400000) (1024K)]
  0x000002946ccb5440 JavaThread "Handler for socket connection from /127.0.0.1:64474 to /127.0.0.1:64475"        [_thread_in_native, id=14668, stack(0x000000c0ca400000,0x000000c0ca500000) (1024K)]
  0x000002946ccf3440 JavaThread "Cancel handler"                    [_thread_blocked, id=23292, stack(0x000000c0ca500000,0x000000c0ca600000) (1024K)]
  0x000002946ccf6230 JavaThread "Daemon worker"                     [_thread_blocked, id=18680, stack(0x000000c0ca600000,0x000000c0ca700000) (1024K)]
  0x000002946ccf4e80 JavaThread "Asynchronous log dispatcher for DefaultDaemonConnection: socket connection from /127.0.0.1:64474 to /127.0.0.1:64475"        [_thread_blocked, id=24436, stack(0x000000c0ca700000,0x000000c0ca800000) (1024K)]
  0x000002946ccf47f0 JavaThread "Stdin handler"                     [_thread_blocked, id=19048, stack(0x000000c0ca800000,0x000000c0ca900000) (1024K)]
  0x000002946ccf5510 JavaThread "Daemon client event forwarder"        [_thread_blocked, id=27288, stack(0x000000c0ca900000,0x000000c0caa00000) (1024K)]
  0x000002946ccf4160 JavaThread "Cache worker for journal cache (C:\Users\NGUYEN TRUNG KIEN\.gradle\caches\journal-1)"        [_thread_blocked, id=19604, stack(0x000000c0caa00000,0x000000c0cab00000) (1024K)]
  0x000002946ccf5ba0 JavaThread "File lock request listener"        [_thread_in_native, id=6548, stack(0x000000c0cab00000,0x000000c0cac00000) (1024K)]
  0x000002946ccf68c0 JavaThread "Cache worker for file hash cache (C:\Users\NGUYEN TRUNG KIEN\.gradle\caches\8.11.1\fileHashes)"        [_thread_blocked, id=10264, stack(0x000000c0c9800000,0x000000c0c9900000) (1024K)]
  0x000002946f5a6ad0 JavaThread "Cache worker for file content cache (C:\Users\NGUYEN TRUNG KIEN\.gradle\caches\8.11.1\fileContent)"        [_thread_blocked, id=3548, stack(0x000000c0cac00000,0x000000c0cad00000) (1024K)]
  0x000002946f5a7160 JavaThread "Cache worker for file hash cache (D:\FBTP_CN\.gradle\8.11.1\fileHashes)"        [_thread_blocked, id=1732, stack(0x000000c0cb500000,0x000000c0cb600000) (1024K)]
  0x000002946f5a6440 JavaThread "Cache worker for Build Output Cleanup Cache (D:\FBTP_CN\.gradle\buildOutputCleanup)"        [_thread_blocked, id=19444, stack(0x000000c0cb600000,0x000000c0cb700000) (1024K)]
  0x000002946f5a9230 JavaThread "File watcher server"        daemon [_thread_in_native, id=16604, stack(0x000000c0cb700000,0x000000c0cb800000) (1024K)]
  0x000002946f5a7e80 JavaThread "File watcher consumer"      daemon [_thread_blocked, id=4364, stack(0x000000c0cb800000,0x000000c0cb900000) (1024K)]
  0x000002946f5a8510 JavaThread "Cache worker for checksums cache (D:\FBTP_CN\.gradle\8.11.1\checksums)"        [_thread_blocked, id=24552, stack(0x000000c0c9700000,0x000000c0c9800000) (1024K)]
  0x000002946f5a77f0 JavaThread "Cache worker for cache directory md-rule (C:\Users\NGUYEN TRUNG KIEN\.gradle\caches\8.11.1\md-rule)"        [_thread_blocked, id=17276, stack(0x000000c0cb900000,0x000000c0cba00000) (1024K)]
  0x000002946f5a8ba0 JavaThread "Cache worker for cache directory md-supplier (C:\Users\NGUYEN TRUNG KIEN\.gradle\caches\8.11.1\md-supplier)"        [_thread_blocked, id=4356, stack(0x000000c0cba00000,0x000000c0cbb00000) (1024K)]
  0x000002946d1d5680 JavaThread "Unconstrained build operations"        [_thread_blocked, id=22920, stack(0x000000c0cbb00000,0x000000c0cbc00000) (1024K)]
  0x000002946d1d8470 JavaThread "Unconstrained build operations Thread 2"        [_thread_blocked, id=22792, stack(0x000000c0cbc00000,0x000000c0cbd00000) (1024K)]
  0x000002946d1d7de0 JavaThread "Unconstrained build operations Thread 3"        [_thread_blocked, id=27104, stack(0x000000c0cbd00000,0x000000c0cbe00000) (1024K)]
  0x000002946d1d7750 JavaThread "Unconstrained build operations Thread 4"        [_thread_blocked, id=11960, stack(0x000000c0cbe00000,0x000000c0cbf00000) (1024K)]
  0x000002946d1d4ff0 JavaThread "Unconstrained build operations Thread 5"        [_thread_blocked, id=10760, stack(0x000000c0cbf00000,0x000000c0cc000000) (1024K)]
  0x000002946d1d9190 JavaThread "Unconstrained build operations Thread 6"        [_thread_blocked, id=12304, stack(0x000000c0cc000000,0x000000c0cc100000) (1024K)]
  0x000002946d1d8b00 JavaThread "Unconstrained build operations Thread 7"        [_thread_blocked, id=26628, stack(0x000000c0cc100000,0x000000c0cc200000) (1024K)]
  0x000002946d1d63a0 JavaThread "Unconstrained build operations Thread 8"        [_thread_blocked, id=14456, stack(0x000000c0cc200000,0x000000c0cc300000) (1024K)]
  0x000002946d1d9820 JavaThread "Unconstrained build operations Thread 9"        [_thread_blocked, id=13244, stack(0x000000c0cc300000,0x000000c0cc400000) (1024K)]
  0x000002946d1d70c0 JavaThread "Unconstrained build operations Thread 10"        [_thread_blocked, id=23676, stack(0x000000c0cc400000,0x000000c0cc500000) (1024K)]
  0x000002946d1d6a30 JavaThread "Unconstrained build operations Thread 11"        [_thread_blocked, id=25168, stack(0x000000c0cc500000,0x000000c0cc600000) (1024K)]
  0x000002946d1d9eb0 JavaThread "Unconstrained build operations Thread 12"        [_thread_blocked, id=14688, stack(0x000000c0cc600000,0x000000c0cc700000) (1024K)]
  0x000002946d1dbf80 JavaThread "Unconstrained build operations Thread 13"        [_thread_blocked, id=15556, stack(0x000000c0cc700000,0x000000c0cc800000) (1024K)]
  0x000002946d1da540 JavaThread "Unconstrained build operations Thread 14"        [_thread_blocked, id=15032, stack(0x000000c0cc800000,0x000000c0cc900000) (1024K)]
  0x000002946d1dabd0 JavaThread "Unconstrained build operations Thread 15"        [_thread_blocked, id=7652, stack(0x000000c0cc900000,0x000000c0cca00000) (1024K)]
  0x000002946d1db260 JavaThread "Unconstrained build operations Thread 16"        [_thread_blocked, id=17904, stack(0x000000c0cca00000,0x000000c0ccb00000) (1024K)]
  0x000002946d1db8f0 JavaThread "Unconstrained build operations Thread 17"        [_thread_blocked, id=21932, stack(0x000000c0ccb00000,0x000000c0ccc00000) (1024K)]
  0x000002946d1dc610 JavaThread "Unconstrained build operations Thread 18"        [_thread_blocked, id=21452, stack(0x000000c0ccc00000,0x000000c0ccd00000) (1024K)]
  0x0000029470b144e0 JavaThread "Unconstrained build operations Thread 19"        [_thread_blocked, id=696, stack(0x000000c0ccd00000,0x000000c0cce00000) (1024K)]
  0x0000029470b13e50 JavaThread "Unconstrained build operations Thread 20"        [_thread_blocked, id=12332, stack(0x000000c0cce00000,0x000000c0ccf00000) (1024K)]
  0x0000029470b13130 JavaThread "Unconstrained build operations Thread 21"        [_thread_blocked, id=10324, stack(0x000000c0ccf00000,0x000000c0cd000000) (1024K)]
  0x0000029470b11060 JavaThread "Unconstrained build operations Thread 22"        [_thread_blocked, id=26960, stack(0x000000c0cd000000,0x000000c0cd100000) (1024K)]
  0x0000029470b12aa0 JavaThread "Unconstrained build operations Thread 23"        [_thread_blocked, id=15416, stack(0x000000c0cd100000,0x000000c0cd200000) (1024K)]
  0x0000029470b116f0 JavaThread "Unconstrained build operations Thread 24"        [_thread_blocked, id=14440, stack(0x000000c0cd200000,0x000000c0cd300000) (1024K)]
  0x0000029470b11d80 JavaThread "Unconstrained build operations Thread 25"        [_thread_blocked, id=15124, stack(0x000000c0cd300000,0x000000c0cd400000) (1024K)]
  0x0000029470b137c0 JavaThread "Unconstrained build operations Thread 26"        [_thread_blocked, id=21004, stack(0x000000c0cd400000,0x000000c0cd500000) (1024K)]
  0x0000029470b12410 JavaThread "Unconstrained build operations Thread 27"        [_thread_blocked, id=7276, stack(0x000000c0cd500000,0x000000c0cd600000) (1024K)]
  0x000002946ff2fa10 JavaThread "Unconstrained build operations Thread 28"        [_thread_blocked, id=10176, stack(0x000000c0cd600000,0x000000c0cd700000) (1024K)]
  0x000002946ff31ae0 JavaThread "Unconstrained build operations Thread 29"        [_thread_blocked, id=17524, stack(0x000000c0cd700000,0x000000c0cd800000) (1024K)]
  0x000002946ff300a0 JavaThread "Unconstrained build operations Thread 30"        [_thread_blocked, id=19572, stack(0x000000c0cd800000,0x000000c0cd900000) (1024K)]
  0x000002946ff2e660 JavaThread "Unconstrained build operations Thread 31"        [_thread_blocked, id=18540, stack(0x000000c0cd900000,0x000000c0cda00000) (1024K)]
  0x000002946ff2f380 JavaThread "Unconstrained build operations Thread 32"        [_thread_blocked, id=21832, stack(0x000000c0cda00000,0x000000c0cdb00000) (1024K)]
  0x000002946ff30dc0 JavaThread "Unconstrained build operations Thread 33"        [_thread_blocked, id=7524, stack(0x000000c0cdb00000,0x000000c0cdc00000) (1024K)]
  0x000002946ff2ecf0 JavaThread "Unconstrained build operations Thread 34"        [_thread_blocked, id=12536, stack(0x000000c0cdc00000,0x000000c0cdd00000) (1024K)]
  0x000002946ff33bb0 JavaThread "Unconstrained build operations Thread 35"        [_thread_blocked, id=19932, stack(0x000000c0cdd00000,0x000000c0cde00000) (1024K)]
  0x000002946ff32170 JavaThread "Unconstrained build operations Thread 36"        [_thread_blocked, id=23844, stack(0x000000c0cde00000,0x000000c0cdf00000) (1024K)]
  0x000002946ff30730 JavaThread "Unconstrained build operations Thread 37"        [_thread_blocked, id=27076, stack(0x000000c0cdf00000,0x000000c0ce000000) (1024K)]
  0x000002946ff32800 JavaThread "Unconstrained build operations Thread 38"        [_thread_blocked, id=12380, stack(0x000000c0ce000000,0x000000c0ce100000) (1024K)]
  0x000002946ff32e90 JavaThread "Unconstrained build operations Thread 39"        [_thread_blocked, id=11352, stack(0x000000c0ce100000,0x000000c0ce200000) (1024K)]
  0x000002946ff33520 JavaThread "Unconstrained build operations Thread 40"        [_thread_blocked, id=14908, stack(0x000000c0ce200000,0x000000c0ce300000) (1024K)]
  0x000002946ff34240 JavaThread "Unconstrained build operations Thread 41"        [_thread_blocked, id=2692, stack(0x000000c0ce300000,0x000000c0ce400000) (1024K)]
  0x000002946ff348d0 JavaThread "Unconstrained build operations Thread 42"        [_thread_blocked, id=23300, stack(0x000000c0ce400000,0x000000c0ce500000) (1024K)]
  0x000002946ff31450 JavaThread "Unconstrained build operations Thread 43"        [_thread_blocked, id=16740, stack(0x000000c0ce500000,0x000000c0ce600000) (1024K)]
  0x000002946ff34f60 JavaThread "Unconstrained build operations Thread 44"        [_thread_blocked, id=20212, stack(0x000000c0ce600000,0x000000c0ce700000) (1024K)]
  0x000002946ff355f0 JavaThread "Unconstrained build operations Thread 45"        [_thread_blocked, id=21432, stack(0x000000c0ce700000,0x000000c0ce800000) (1024K)]
  0x0000029470b5d140 JavaThread "Memory manager"                    [_thread_blocked, id=25244, stack(0x000000c0ce900000,0x000000c0cea00000) (1024K)]
  0x0000029470b5f8a0 JavaThread "build event listener"              [_thread_blocked, id=13304, stack(0x000000c0ce800000,0x000000c0ce900000) (1024K)]
=>0x000002946f893f60 JavaThread "C2 CompilerThread2"         daemon [_thread_in_native, id=21732, stack(0x000000c0c9600000,0x000000c0c9700000) (1024K)]
  0x000002946f8908e0 JavaThread "C2 CompilerThread3"         daemon [_thread_in_native, id=26704, stack(0x000000c0cea00000,0x000000c0ceb00000) (1024K)]
  0x0000029471ea01e0 JavaThread "included builds"                   [_thread_blocked, id=3288, stack(0x000000c0ceb00000,0x000000c0cec00000) (1024K)]
  0x0000029471ea0870 JavaThread "Execution worker"                  [_thread_blocked, id=19052, stack(0x000000c0cec00000,0x000000c0ced00000) (1024K)]
  0x0000029471ea4380 JavaThread "Execution worker Thread 2"         [_thread_blocked, id=11016, stack(0x000000c0ced00000,0x000000c0cee00000) (1024K)]
  0x0000029471ea4a10 JavaThread "Execution worker Thread 3"         [_thread_blocked, id=8308, stack(0x000000c0cee00000,0x000000c0cef00000) (1024K)]
  0x0000029471ea50a0 JavaThread "Execution worker Thread 4"         [_thread_blocked, id=6316, stack(0x000000c0cef00000,0x000000c0cf000000) (1024K)]
  0x0000029471ea6ae0 JavaThread "Execution worker Thread 5"         [_thread_blocked, id=24112, stack(0x000000c0cf000000,0x000000c0cf100000) (1024K)]
  0x0000029471ea5730 JavaThread "Execution worker Thread 6"         [_thread_blocked, id=25016, stack(0x000000c0cf100000,0x000000c0cf200000) (1024K)]
  0x0000029471ea5dc0 JavaThread "Execution worker Thread 7"         [_thread_blocked, id=1832, stack(0x000000c0cf200000,0x000000c0cf300000) (1024K)]
  0x0000029471ea6450 JavaThread "Execution worker Thread 8"         [_thread_blocked, id=27372, stack(0x000000c0cf300000,0x000000c0cf400000) (1024K)]
  0x0000029471ea7170 JavaThread "Execution worker Thread 9"         [_thread_blocked, id=10072, stack(0x000000c0cf400000,0x000000c0cf500000) (1024K)]
  0x0000029470b62690 JavaThread "Execution worker Thread 10"        [_thread_blocked, id=8432, stack(0x000000c0cf500000,0x000000c0cf600000) (1024K)]
  0x0000029470b612e0 JavaThread "Execution worker Thread 11"        [_thread_blocked, id=17660, stack(0x000000c0cf600000,0x000000c0cf700000) (1024K)]
  0x0000029470b61970 JavaThread "Execution worker Thread 12"        [_thread_blocked, id=9548, stack(0x000000c0cf700000,0x000000c0cf800000) (1024K)]
  0x0000029470b62000 JavaThread "Execution worker Thread 13"        [_thread_blocked, id=26792, stack(0x000000c0cf800000,0x000000c0cf900000) (1024K)]
  0x000002946f671e80 JavaThread "Execution worker Thread 14"        [_thread_blocked, id=26828, stack(0x000000c0cf900000,0x000000c0cfa00000) (1024K)]
  0x000002946f670ad0 JavaThread "Execution worker Thread 15"        [_thread_blocked, id=22208, stack(0x000000c0cfa00000,0x000000c0cfb00000) (1024K)]
  0x000002946f673f50 JavaThread "Cache worker for execution history cache (D:\FBTP_CN\.gradle\8.11.1\executionHistory)"        [_thread_blocked, id=9908, stack(0x000000c0cfb00000,0x000000c0cfc00000) (1024K)]
  0x000002946f6738c0 JavaThread "Unconstrained build operations Thread 46"        [_thread_blocked, id=18420, stack(0x000000c0cfc00000,0x000000c0cfd00000) (1024K)]
  0x000002946f6745e0 JavaThread "Unconstrained build operations Thread 47"        [_thread_blocked, id=27388, stack(0x000000c0cfd00000,0x000000c0cfe00000) (1024K)]
  0x000002946f673230 JavaThread "Unconstrained build operations Thread 48"        [_thread_blocked, id=3636, stack(0x000000c0cfe00000,0x000000c0cff00000) (1024K)]
  0x000002946f671160 JavaThread "Unconstrained build operations Thread 49"        [_thread_blocked, id=19792, stack(0x000000c0cff00000,0x000000c0d0000000) (1024K)]
  0x000002946f674c70 JavaThread "Unconstrained build operations Thread 50"        [_thread_blocked, id=20084, stack(0x000000c0d0000000,0x000000c0d0100000) (1024K)]
  0x000002946f6717f0 JavaThread "Unconstrained build operations Thread 51"        [_thread_blocked, id=20540, stack(0x000000c0d0100000,0x000000c0d0200000) (1024K)]
  0x000002946f6766b0 JavaThread "Unconstrained build operations Thread 52"        [_thread_blocked, id=15588, stack(0x000000c0d0200000,0x000000c0d0300000) (1024K)]
  0x000002946f675990 JavaThread "Unconstrained build operations Thread 53"        [_thread_blocked, id=4940, stack(0x000000c0d0300000,0x000000c0d0400000) (1024K)]
  0x000002946f676020 JavaThread "Unconstrained build operations Thread 54"        [_thread_blocked, id=20328, stack(0x000000c0d0400000,0x000000c0d0500000) (1024K)]
  0x000002946f676d40 JavaThread "Unconstrained build operations Thread 55"        [_thread_blocked, id=18032, stack(0x000000c0d0500000,0x000000c0d0600000) (1024K)]
  0x000002946f6773d0 JavaThread "Unconstrained build operations Thread 56"        [_thread_blocked, id=25804, stack(0x000000c0d0600000,0x000000c0d0700000) (1024K)]
  0x000002946f675300 JavaThread "Unconstrained build operations Thread 57"        [_thread_blocked, id=18640, stack(0x000000c0d0700000,0x000000c0d0800000) (1024K)]
  0x000002946f6780f0 JavaThread "Unconstrained build operations Thread 58"        [_thread_blocked, id=19640, stack(0x000000c0d0800000,0x000000c0d0900000) (1024K)]
  0x000002946f677a60 JavaThread "Unconstrained build operations Thread 59"        [_thread_blocked, id=3728, stack(0x000000c0d0900000,0x000000c0d0a00000) (1024K)]
  0x000002946bf55000 JavaThread "Unconstrained build operations Thread 60"        [_thread_blocked, id=17440, stack(0x000000c0d0a00000,0x000000c0d0b00000) (1024K)]
Total: 117

Other Threads:
  0x000002942566e390 VMThread "VM Thread"                           [id=27536, stack(0x000000c0c8800000,0x000000c0c8900000) (1024K)]
  0x00000294257219e0 WatcherThread "VM Periodic Task Thread"        [id=21236, stack(0x000000c0c8700000,0x000000c0c8800000) (1024K)]
  0x0000029408368870 WorkerThread "GC Thread#0"                     [id=18800, stack(0x000000c0c8200000,0x000000c0c8300000) (1024K)]
  0x000002946b4c9330 WorkerThread "GC Thread#1"                     [id=22976, stack(0x000000c0c9900000,0x000000c0c9a00000) (1024K)]
  0x0000029425a58ad0 WorkerThread "GC Thread#2"                     [id=24428, stack(0x000000c0c9a00000,0x000000c0c9b00000) (1024K)]
  0x000002946b4c96e0 WorkerThread "GC Thread#3"                     [id=11200, stack(0x000000c0c9b00000,0x000000c0c9c00000) (1024K)]
  0x000002946b3f9960 WorkerThread "GC Thread#4"                     [id=2096, stack(0x000000c0c9c00000,0x000000c0c9d00000) (1024K)]
  0x000002946b3f9200 WorkerThread "GC Thread#5"                     [id=8200, stack(0x000000c0c9e00000,0x000000c0c9f00000) (1024K)]
  0x000002946b3f95b0 WorkerThread "GC Thread#6"                     [id=3532, stack(0x000000c0c9f00000,0x000000c0ca000000) (1024K)]
  0x000002946e134740 WorkerThread "GC Thread#7"                     [id=21644, stack(0x000000c0cad00000,0x000000c0cae00000) (1024K)]
  0x000002946e136870 WorkerThread "GC Thread#8"                     [id=5456, stack(0x000000c0cae00000,0x000000c0caf00000) (1024K)]
  0x000002946e136c20 WorkerThread "GC Thread#9"                     [id=5420, stack(0x000000c0caf00000,0x000000c0cb000000) (1024K)]
  0x000002946e133fe0 WorkerThread "GC Thread#10"                    [id=12204, stack(0x000000c0cb000000,0x000000c0cb100000) (1024K)]
  0x000002946e134af0 WorkerThread "GC Thread#11"                    [id=5804, stack(0x000000c0cb100000,0x000000c0cb200000) (1024K)]
  0x000002946e1334d0 WorkerThread "GC Thread#12"                    [id=11116, stack(0x000000c0cb200000,0x000000c0cb300000) (1024K)]
  0x0000029408379770 ConcurrentGCThread "G1 Main Marker"            [id=8984, stack(0x000000c0c8300000,0x000000c0c8400000) (1024K)]
  0x000002940837b0b0 WorkerThread "G1 Conc#0"                       [id=18144, stack(0x000000c0c8400000,0x000000c0c8500000) (1024K)]
  0x000002946e134390 WorkerThread "G1 Conc#1"                       [id=12844, stack(0x000000c0cb300000,0x000000c0cb400000) (1024K)]
  0x000002946e135250 WorkerThread "G1 Conc#2"                       [id=23192, stack(0x000000c0cb400000,0x000000c0cb500000) (1024K)]
  0x0000029425598e70 ConcurrentGCThread "G1 Refine#0"               [id=27396, stack(0x000000c0c8500000,0x000000c0c8600000) (1024K)]
  0x000002942559a6b0 ConcurrentGCThread "G1 Service"                [id=22132, stack(0x000000c0c8600000,0x000000c0c8700000) (1024K)]
Total: 21

Threads with active compile tasks:
C2 CompilerThread2  16164 13867       4       org.gradle.internal.snapshot.impl.DirectorySnapshotterStatistics$CollectingFileVisitor::visitFile (10 bytes)
C2 CompilerThread3  16164 13868       4       org.gradle.internal.snapshot.impl.DirectorySnapshotter$PathVisitor::visitResolvedFile (44 bytes)
Total: 2

VM state: at safepoint (normal execution)

VM Mutex/Monitor currently owned by a thread:  ([mutex/lock_event])
[0x00007ff8d623bbb8] Threads_lock - owner thread: 0x000002942566e390
[0x00007ff8d623bcb8] Heap_lock - owner thread: 0x0000029408379770

Heap address: 0x0000000080000000, size: 2048 MB, Compressed Oops mode: 32-bit

CDS archive(s) mapped at: [0x0000029426000000-0x0000029426c60000-0x0000029426c60000), size 12976128, SharedBaseAddress: 0x0000029426000000, ArchiveRelocationMode: 1.
Compressed class space mapped at: 0x0000029427000000-0x0000029467000000, reserved size: 1073741824
Narrow klass base: 0x0000029426000000, Narrow klass shift: 0, Narrow klass range: 0x41000000

GC Precious Log:
 CardTable entry size: 512
 Card Set container configuration: InlinePtr #cards 5 size 8 Array Of Cards #cards 12 size 40 Howl #buckets 4 coarsen threshold 1843 Howl Bitmap #cards 512 size 80 coarsen threshold 460 Card regions per heap region 1 cards per card region 2048
 CPUs: 16 total, 16 available
 Memory: 15791M
 Large Page Support: Disabled
 NUMA Support: Disabled
 Compressed Oops: Enabled (32-bit)
 Heap Region Size: 1M
 Heap Min Capacity: 8M
 Heap Initial Capacity: 248M
 Heap Max Capacity: 2G
 Pre-touch: Disabled
 Parallel Workers: 13
 Concurrent Workers: 3
 Concurrent Refinement Workers: 13
 Periodic GC: Disabled

Heap:
 garbage-first heap   total reserved 2097152K, committed 188416K, used 121531K [0x0000000080000000, 0x0000000100000000)
  region size 1024K, 9 young (9216K), 6 survivors (6144K)
 Metaspace       used 95489K, committed 97856K, reserved 1179648K
  class space    used 13750K, committed 14912K, reserved 1048576K

Heap Regions: E=young(eden), S=young(survivor), O=old, HS=humongous(starts), HC=humongous(continues), CS=collection set, F=free, TAMS=top-at-mark-start, PB=parsable bottom
|   0|0x0000000080000000, 0x0000000080100000, 0x0000000080100000|100%|HS|  |TAMS 0x0000000080100000| PB 0x0000000080000000| Complete |  0
|   1|0x0000000080100000, 0x0000000080200000, 0x0000000080200000|100%|HC|  |TAMS 0x0000000080200000| PB 0x0000000080100000| Complete |  0
|   2|0x0000000080200000, 0x0000000080300000, 0x0000000080300000|100%|HC|  |TAMS 0x0000000080300000| PB 0x0000000080200000| Complete |  0
|   3|0x0000000080300000, 0x0000000080400000, 0x0000000080400000|100%| O|  |TAMS 0x0000000080400000| PB 0x0000000080400000| Untracked |  0
|   4|0x0000000080400000, 0x0000000080500000, 0x0000000080500000|100%| O|  |TAMS 0x0000000080500000| PB 0x0000000080500000| Untracked |  0
|   5|0x0000000080500000, 0x0000000080600000, 0x0000000080600000|100%| O|  |TAMS 0x0000000080600000| PB 0x0000000080600000| Untracked |  0
|   6|0x0000000080600000, 0x0000000080700000, 0x0000000080700000|100%|HS|  |TAMS 0x0000000080700000| PB 0x0000000080600000| Complete |  0
|   7|0x0000000080700000, 0x0000000080800000, 0x0000000080800000|100%| O|  |TAMS 0x0000000080800000| PB 0x0000000080800000| Untracked |  0
|   8|0x0000000080800000, 0x0000000080900000, 0x0000000080900000|100%| O|  |TAMS 0x0000000080900000| PB 0x0000000080900000| Untracked |  0
|   9|0x0000000080900000, 0x0000000080a00000, 0x0000000080a00000|100%| O|  |TAMS 0x0000000080a00000| PB 0x0000000080a00000| Untracked |  0
|  10|0x0000000080a00000, 0x0000000080b00000, 0x0000000080b00000|100%| O|  |TAMS 0x0000000080b00000| PB 0x0000000080b00000| Untracked |  0
|  11|0x0000000080b00000, 0x0000000080c00000, 0x0000000080c00000|100%| O|  |TAMS 0x0000000080c00000| PB 0x0000000080c00000| Untracked |  0
|  12|0x0000000080c00000, 0x0000000080d00000, 0x0000000080d00000|100%| O|  |TAMS 0x0000000080d00000| PB 0x0000000080d00000| Untracked |  0
|  13|0x0000000080d00000, 0x0000000080e00000, 0x0000000080e00000|100%| O|  |TAMS 0x0000000080e00000| PB 0x0000000080e00000| Untracked |  0
|  14|0x0000000080e00000, 0x0000000080f00000, 0x0000000080f00000|100%| O|  |TAMS 0x0000000080f00000| PB 0x0000000080f00000| Untracked |  0
|  15|0x0000000080f00000, 0x0000000081000000, 0x0000000081000000|100%| O|  |TAMS 0x0000000081000000| PB 0x0000000081000000| Updating |  0
|  16|0x0000000081000000, 0x0000000081100000, 0x0000000081100000|100%| O|  |TAMS 0x0000000081100000| PB 0x0000000081100000| Untracked |  0
|  17|0x0000000081100000, 0x0000000081200000, 0x0000000081200000|100%| O|  |TAMS 0x0000000081200000| PB 0x0000000081200000| Untracked |  0
|  18|0x0000000081200000, 0x0000000081300000, 0x0000000081300000|100%| O|  |TAMS 0x0000000081300000| PB 0x0000000081300000| Untracked |  0
|  19|0x0000000081300000, 0x0000000081400000, 0x0000000081400000|100%| O|  |TAMS 0x0000000081400000| PB 0x0000000081400000| Untracked |  0
|  20|0x0000000081400000, 0x0000000081500000, 0x0000000081500000|100%| O|  |TAMS 0x0000000081500000| PB 0x0000000081500000| Untracked |  0
|  21|0x0000000081500000, 0x0000000081600000, 0x0000000081600000|100%| O|  |TAMS 0x0000000081600000| PB 0x0000000081600000| Untracked |  0
|  22|0x0000000081600000, 0x0000000081700000, 0x0000000081700000|100%| O|  |TAMS 0x0000000081700000| PB 0x0000000081700000| Untracked |  0
|  23|0x0000000081700000, 0x0000000081800000, 0x0000000081800000|100%| O|  |TAMS 0x0000000081800000| PB 0x0000000081800000| Updating |  0
|  24|0x0000000081800000, 0x0000000081900000, 0x0000000081900000|100%| O|  |TAMS 0x0000000081900000| PB 0x0000000081900000| Updating |  0
|  25|0x0000000081900000, 0x0000000081a00000, 0x0000000081a00000|100%| O|  |TAMS 0x0000000081a00000| PB 0x0000000081a00000| Untracked |  0
|  26|0x0000000081a00000, 0x0000000081b00000, 0x0000000081b00000|100%| O|  |TAMS 0x0000000081b00000| PB 0x0000000081b00000| Untracked |  0
|  27|0x0000000081b00000, 0x0000000081c00000, 0x0000000081c00000|100%| O|  |TAMS 0x0000000081c00000| PB 0x0000000081c00000| Updating |  0
|  28|0x0000000081c00000, 0x0000000081d00000, 0x0000000081d00000|100%| O|  |TAMS 0x0000000081d00000| PB 0x0000000081d00000| Updating |  0
|  29|0x0000000081d00000, 0x0000000081e00000, 0x0000000081e00000|100%| O|  |TAMS 0x0000000081e00000| PB 0x0000000081e00000| Untracked |  0
|  30|0x0000000081e00000, 0x0000000081f00000, 0x0000000081f00000|100%| O|  |TAMS 0x0000000081f00000| PB 0x0000000081f00000| Updating |  0
|  31|0x0000000081f00000, 0x0000000082000000, 0x0000000082000000|100%| O|  |TAMS 0x0000000082000000| PB 0x0000000082000000| Untracked |  0
|  32|0x0000000082000000, 0x0000000082100000, 0x0000000082100000|100%| O|  |TAMS 0x0000000082100000| PB 0x0000000082100000| Untracked |  0
|  33|0x0000000082100000, 0x0000000082200000, 0x0000000082200000|100%| O|  |TAMS 0x0000000082200000| PB 0x0000000082200000| Updating |  0
|  34|0x0000000082200000, 0x0000000082300000, 0x0000000082300000|100%| O|  |TAMS 0x0000000082300000| PB 0x0000000082300000| Updating |  0
|  35|0x0000000082300000, 0x0000000082400000, 0x0000000082400000|100%| O|  |TAMS 0x0000000082400000| PB 0x0000000082400000| Updating |  0
|  36|0x0000000082400000, 0x0000000082500000, 0x0000000082500000|100%| O|  |TAMS 0x0000000082500000| PB 0x0000000082500000| Updating |  0
|  37|0x0000000082500000, 0x0000000082600000, 0x0000000082600000|100%| O|  |TAMS 0x0000000082600000| PB 0x0000000082600000| Untracked |  0
|  38|0x0000000082600000, 0x0000000082700000, 0x0000000082700000|100%| O|  |TAMS 0x0000000082700000| PB 0x0000000082700000| Untracked |  0
|  39|0x0000000082700000, 0x0000000082800000, 0x0000000082800000|100%|HS|  |TAMS 0x0000000082800000| PB 0x0000000082700000| Complete |  0
|  40|0x0000000082800000, 0x0000000082900000, 0x0000000082900000|100%|HS|  |TAMS 0x0000000082900000| PB 0x0000000082800000| Complete |  0
|  41|0x0000000082900000, 0x0000000082a00000, 0x0000000082a00000|100%|HS|  |TAMS 0x0000000082a00000| PB 0x0000000082900000| Complete |  0
|  42|0x0000000082a00000, 0x0000000082b00000, 0x0000000082b00000|100%|HC|  |TAMS 0x0000000082b00000| PB 0x0000000082a00000| Complete |  0
|  43|0x0000000082b00000, 0x0000000082c00000, 0x0000000082c00000|100%|HS|  |TAMS 0x0000000082c00000| PB 0x0000000082b00000| Complete |  0
|  44|0x0000000082c00000, 0x0000000082d00000, 0x0000000082d00000|100%|HC|  |TAMS 0x0000000082d00000| PB 0x0000000082c00000| Complete |  0
|  45|0x0000000082d00000, 0x0000000082e00000, 0x0000000082e00000|100%|HS|  |TAMS 0x0000000082e00000| PB 0x0000000082d00000| Complete |  0
|  46|0x0000000082e00000, 0x0000000082f00000, 0x0000000082f00000|100%| O|  |TAMS 0x0000000082f00000| PB 0x0000000082f00000| Updating |  0
|  47|0x0000000082f00000, 0x0000000083000000, 0x0000000083000000|100%|HS|  |TAMS 0x0000000083000000| PB 0x0000000082f00000| Complete |  0
|  48|0x0000000083000000, 0x0000000083100000, 0x0000000083100000|100%|HC|  |TAMS 0x0000000083100000| PB 0x0000000083000000| Complete |  0
|  49|0x0000000083100000, 0x0000000083200000, 0x0000000083200000|100%|HC|  |TAMS 0x0000000083200000| PB 0x0000000083100000| Complete |  0
|  50|0x0000000083200000, 0x0000000083300000, 0x0000000083300000|100%|HS|  |TAMS 0x0000000083300000| PB 0x0000000083200000| Complete |  0
|  51|0x0000000083300000, 0x0000000083400000, 0x0000000083400000|100%| O|  |TAMS 0x0000000083400000| PB 0x0000000083400000| Untracked |  0
|  52|0x0000000083400000, 0x0000000083500000, 0x0000000083500000|100%| O|  |TAMS 0x0000000083500000| PB 0x0000000083500000| Untracked |  0
|  53|0x0000000083500000, 0x0000000083600000, 0x0000000083600000|100%| O|  |TAMS 0x0000000083600000| PB 0x0000000083600000| Untracked |  0
|  54|0x0000000083600000, 0x0000000083700000, 0x0000000083700000|100%| O|  |TAMS 0x0000000083700000| PB 0x0000000083700000| Untracked |  0
|  55|0x0000000083700000, 0x0000000083800000, 0x0000000083800000|100%|HS|  |TAMS 0x0000000083800000| PB 0x0000000083700000| Complete |  0
|  56|0x0000000083800000, 0x0000000083900000, 0x0000000083900000|100%|HS|  |TAMS 0x0000000083900000| PB 0x0000000083800000| Complete |  0
|  57|0x0000000083900000, 0x0000000083a00000, 0x0000000083a00000|100%| O|  |TAMS 0x0000000083a00000| PB 0x0000000083a00000| Updating |  0
|  58|0x0000000083a00000, 0x0000000083b00000, 0x0000000083b00000|100%| O|  |TAMS 0x0000000083b00000| PB 0x0000000083b00000| Untracked |  0
|  59|0x0000000083b00000, 0x0000000083c00000, 0x0000000083c00000|100%| O|  |TAMS 0x0000000083c00000| PB 0x0000000083c00000| Untracked |  0
|  60|0x0000000083c00000, 0x0000000083d00000, 0x0000000083d00000|100%| O|  |TAMS 0x0000000083d00000| PB 0x0000000083d00000| Untracked |  0
|  61|0x0000000083d00000, 0x0000000083e00000, 0x0000000083e00000|100%| O|  |TAMS 0x0000000083e00000| PB 0x0000000083e00000| Untracked |  0
|  62|0x0000000083e00000, 0x0000000083f00000, 0x0000000083f00000|100%| O|  |TAMS 0x0000000083f00000| PB 0x0000000083f00000| Untracked |  0
|  63|0x0000000083f00000, 0x0000000084000000, 0x0000000084000000|100%| O|  |TAMS 0x0000000084000000| PB 0x0000000084000000| Updating |  0
|  64|0x0000000084000000, 0x0000000084100000, 0x0000000084100000|100%|HS|  |TAMS 0x0000000084100000| PB 0x0000000084000000| Complete |  0
|  65|0x0000000084100000, 0x0000000084200000, 0x0000000084200000|100%|HC|  |TAMS 0x0000000084200000| PB 0x0000000084100000| Complete |  0
|  66|0x0000000084200000, 0x0000000084300000, 0x0000000084300000|100%|HC|  |TAMS 0x0000000084300000| PB 0x0000000084200000| Complete |  0
|  67|0x0000000084300000, 0x0000000084400000, 0x0000000084400000|100%| O|  |TAMS 0x0000000084400000| PB 0x0000000084400000| Updating |  0
|  68|0x0000000084400000, 0x0000000084500000, 0x0000000084500000|100%|HS|  |TAMS 0x0000000084500000| PB 0x0000000084400000| Complete |  0
|  69|0x0000000084500000, 0x0000000084600000, 0x0000000084600000|100%| O|  |TAMS 0x0000000084600000| PB 0x0000000084600000| Untracked |  0
|  70|0x0000000084600000, 0x0000000084700000, 0x0000000084700000|100%| O|  |TAMS 0x0000000084700000| PB 0x0000000084700000| Untracked |  0
|  71|0x0000000084700000, 0x0000000084800000, 0x0000000084800000|100%| O|  |TAMS 0x0000000084800000| PB 0x0000000084800000| Untracked |  0
|  72|0x0000000084800000, 0x0000000084900000, 0x0000000084900000|100%| O|  |TAMS 0x0000000084900000| PB 0x0000000084900000| Untracked |  0
|  73|0x0000000084900000, 0x0000000084a00000, 0x0000000084a00000|100%| O|  |TAMS 0x0000000084a00000| PB 0x0000000084a00000| Updating |  0
|  74|0x0000000084a00000, 0x0000000084b00000, 0x0000000084b00000|100%| O|  |TAMS 0x0000000084b00000| PB 0x0000000084b00000| Updating |  0
|  75|0x0000000084b00000, 0x0000000084c00000, 0x0000000084c00000|100%| O|  |TAMS 0x0000000084c00000| PB 0x0000000084c00000| Updating |  0
|  76|0x0000000084c00000, 0x0000000084d00000, 0x0000000084d00000|100%| O|  |TAMS 0x0000000084d00000| PB 0x0000000084d00000| Untracked |  0
|  77|0x0000000084d00000, 0x0000000084e00000, 0x0000000084e00000|100%| O|  |TAMS 0x0000000084e00000| PB 0x0000000084e00000| Untracked |  0
|  78|0x0000000084e00000, 0x0000000084f00000, 0x0000000084f00000|100%| O|  |TAMS 0x0000000084f00000| PB 0x0000000084f00000| Updating |  0
|  79|0x0000000084f00000, 0x0000000085000000, 0x0000000085000000|100%| O|  |TAMS 0x0000000084f00000| PB 0x0000000084f00000| Untracked |  0
|  80|0x0000000085000000, 0x000000008503e7c0, 0x0000000085100000| 24%| O|  |TAMS 0x0000000085000000| PB 0x0000000085000000| Updating |  0
|  81|0x0000000085100000, 0x0000000085200000, 0x0000000085200000|100%|HS|  |TAMS 0x0000000085100000| PB 0x0000000085100000| Complete |  0
|  82|0x0000000085200000, 0x0000000085300000, 0x0000000085300000|100%| O|  |TAMS 0x0000000085300000| PB 0x0000000085300000| Untracked |  0
|  83|0x0000000085300000, 0x0000000085400000, 0x0000000085400000|100%| O|  |TAMS 0x0000000085400000| PB 0x0000000085400000| Untracked |  0
|  84|0x0000000085400000, 0x0000000085500000, 0x0000000085500000|100%| O|  |TAMS 0x0000000085500000| PB 0x0000000085500000| Updating |  0
|  85|0x0000000085500000, 0x0000000085600000, 0x0000000085600000|100%| O|  |TAMS 0x0000000085600000| PB 0x0000000085600000| Untracked |  0
|  86|0x0000000085600000, 0x0000000085700000, 0x0000000085700000|100%| O|  |TAMS 0x0000000085700000| PB 0x0000000085700000| Untracked |  0
|  87|0x0000000085700000, 0x0000000085800000, 0x0000000085800000|100%| O|  |TAMS 0x0000000085800000| PB 0x0000000085800000| Untracked |  0
|  88|0x0000000085800000, 0x0000000085900000, 0x0000000085900000|100%| O|  |TAMS 0x0000000085900000| PB 0x0000000085900000| Untracked |  0
|  89|0x0000000085900000, 0x0000000085a00000, 0x0000000085a00000|100%| O|  |TAMS 0x0000000085a00000| PB 0x0000000085a00000| Updating |  0
|  90|0x0000000085a00000, 0x0000000085b00000, 0x0000000085b00000|100%| O|  |TAMS 0x0000000085b00000| PB 0x0000000085b00000| Untracked |  0
|  91|0x0000000085b00000, 0x0000000085c00000, 0x0000000085c00000|100%| O|  |TAMS 0x0000000085c00000| PB 0x0000000085c00000| Updating |  0
|  92|0x0000000085c00000, 0x0000000085d00000, 0x0000000085d00000|100%| O|  |TAMS 0x0000000085d00000| PB 0x0000000085d00000| Updating |  0
|  93|0x0000000085d00000, 0x0000000085e00000, 0x0000000085e00000|100%| O|  |TAMS 0x0000000085e00000| PB 0x0000000085e00000| Updating |  0
|  94|0x0000000085e00000, 0x0000000085f00000, 0x0000000085f00000|100%| O|  |TAMS 0x0000000085f00000| PB 0x0000000085f00000| Updating |  0
|  95|0x0000000085f00000, 0x0000000086000000, 0x0000000086000000|100%| O|  |TAMS 0x0000000086000000| PB 0x0000000086000000| Updating |  0
|  96|0x0000000086000000, 0x0000000086100000, 0x0000000086100000|100%| O|  |TAMS 0x0000000086100000| PB 0x0000000086100000| Updating |  0
|  97|0x0000000086100000, 0x0000000086200000, 0x0000000086200000|100%| O|  |TAMS 0x0000000086200000| PB 0x0000000086200000| Updating |  0
|  98|0x0000000086200000, 0x0000000086300000, 0x0000000086300000|100%|HS|  |TAMS 0x0000000086200000| PB 0x0000000086200000| Complete |  0
|  99|0x0000000086300000, 0x0000000086400000, 0x0000000086400000|100%| O|  |TAMS 0x0000000086400000| PB 0x0000000086400000| Updating |  0
| 100|0x0000000086400000, 0x0000000086500000, 0x0000000086500000|100%| O|  |TAMS 0x0000000086500000| PB 0x0000000086500000| Updating |  0
| 101|0x0000000086500000, 0x0000000086600000, 0x0000000086600000|100%|HS|  |TAMS 0x0000000086500000| PB 0x0000000086500000| Complete |  0
| 102|0x0000000086600000, 0x0000000086700000, 0x0000000086700000|100%|HS|  |TAMS 0x0000000086600000| PB 0x0000000086600000| Complete |  0
| 103|0x0000000086700000, 0x0000000086800000, 0x0000000086800000|100%|HS|  |TAMS 0x0000000086700000| PB 0x0000000086700000| Complete |  0
| 104|0x0000000086800000, 0x0000000086800000, 0x0000000086900000|  0%| F|  |TAMS 0x0000000086800000| PB 0x0000000086800000| Untracked |  0
| 105|0x0000000086900000, 0x0000000086900000, 0x0000000086a00000|  0%| F|  |TAMS 0x0000000086900000| PB 0x0000000086900000| Untracked |  0
| 106|0x0000000086a00000, 0x0000000086a00000, 0x0000000086b00000|  0%| F|  |TAMS 0x0000000086a00000| PB 0x0000000086a00000| Untracked |  0
| 107|0x0000000086b00000, 0x0000000086b00000, 0x0000000086c00000|  0%| F|  |TAMS 0x0000000086b00000| PB 0x0000000086b00000| Untracked |  0
| 108|0x0000000086c00000, 0x0000000086c00000, 0x0000000086d00000|  0%| F|  |TAMS 0x0000000086c00000| PB 0x0000000086c00000| Untracked |  0
| 109|0x0000000086d00000, 0x0000000086d00000, 0x0000000086e00000|  0%| F|  |TAMS 0x0000000086d00000| PB 0x0000000086d00000| Untracked |  0
| 110|0x0000000086e00000, 0x0000000086e00000, 0x0000000086f00000|  0%| F|  |TAMS 0x0000000086e00000| PB 0x0000000086e00000| Untracked |  0
| 111|0x0000000086f00000, 0x0000000086f00000, 0x0000000087000000|  0%| F|  |TAMS 0x0000000086f00000| PB 0x0000000086f00000| Untracked |  0
| 112|0x0000000087000000, 0x0000000087000000, 0x0000000087100000|  0%| F|  |TAMS 0x0000000087000000| PB 0x0000000087000000| Untracked |  0
| 113|0x0000000087100000, 0x0000000087100000, 0x0000000087200000|  0%| F|  |TAMS 0x0000000087100000| PB 0x0000000087100000| Untracked |  0
| 114|0x0000000087200000, 0x0000000087200000, 0x0000000087300000|  0%| F|  |TAMS 0x0000000087200000| PB 0x0000000087200000| Untracked |  0
| 115|0x0000000087300000, 0x0000000087300000, 0x0000000087400000|  0%| F|  |TAMS 0x0000000087300000| PB 0x0000000087300000| Untracked |  0
| 116|0x0000000087400000, 0x0000000087400000, 0x0000000087500000|  0%| F|  |TAMS 0x0000000087400000| PB 0x0000000087400000| Untracked |  0
| 117|0x0000000087500000, 0x0000000087500000, 0x0000000087600000|  0%| F|  |TAMS 0x0000000087500000| PB 0x0000000087500000| Untracked |  0
| 118|0x0000000087600000, 0x0000000087600000, 0x0000000087700000|  0%| F|  |TAMS 0x0000000087600000| PB 0x0000000087600000| Untracked |  0
| 119|0x0000000087700000, 0x0000000087700000, 0x0000000087800000|  0%| F|  |TAMS 0x0000000087700000| PB 0x0000000087700000| Untracked |  0
| 120|0x0000000087800000, 0x0000000087800000, 0x0000000087900000|  0%| F|  |TAMS 0x0000000087800000| PB 0x0000000087800000| Untracked |  0
| 121|0x0000000087900000, 0x0000000087900000, 0x0000000087a00000|  0%| F|  |TAMS 0x0000000087900000| PB 0x0000000087900000| Untracked |  0
| 122|0x0000000087a00000, 0x0000000087a00000, 0x0000000087b00000|  0%| F|  |TAMS 0x0000000087a00000| PB 0x0000000087a00000| Untracked |  0
| 123|0x0000000087b00000, 0x0000000087b00000, 0x0000000087c00000|  0%| F|  |TAMS 0x0000000087b00000| PB 0x0000000087b00000| Untracked |  0
| 124|0x0000000087c00000, 0x0000000087c00000, 0x0000000087d00000|  0%| F|  |TAMS 0x0000000087c00000| PB 0x0000000087c00000| Untracked |  0
| 125|0x0000000087d00000, 0x0000000087d00000, 0x0000000087e00000|  0%| F|  |TAMS 0x0000000087d00000| PB 0x0000000087d00000| Untracked |  0
| 126|0x0000000087e00000, 0x0000000087e00000, 0x0000000087f00000|  0%| F|  |TAMS 0x0000000087e00000| PB 0x0000000087e00000| Untracked |  0
| 127|0x0000000087f00000, 0x0000000087f00000, 0x0000000088000000|  0%| F|  |TAMS 0x0000000087f00000| PB 0x0000000087f00000| Untracked |  0
| 128|0x0000000088000000, 0x0000000088000000, 0x0000000088100000|  0%| F|  |TAMS 0x0000000088000000| PB 0x0000000088000000| Untracked |  0
| 129|0x0000000088100000, 0x0000000088100000, 0x0000000088200000|  0%| F|  |TAMS 0x0000000088100000| PB 0x0000000088100000| Untracked |  0
| 130|0x0000000088200000, 0x0000000088200000, 0x0000000088300000|  0%| F|  |TAMS 0x0000000088200000| PB 0x0000000088200000| Untracked |  0
| 131|0x0000000088300000, 0x0000000088300000, 0x0000000088400000|  0%| F|  |TAMS 0x0000000088300000| PB 0x0000000088300000| Untracked |  0
| 132|0x0000000088400000, 0x0000000088400000, 0x0000000088500000|  0%| F|  |TAMS 0x0000000088400000| PB 0x0000000088400000| Untracked |  0
| 133|0x0000000088500000, 0x0000000088500000, 0x0000000088600000|  0%| F|  |TAMS 0x0000000088500000| PB 0x0000000088500000| Untracked |  0
| 134|0x0000000088600000, 0x0000000088600000, 0x0000000088700000|  0%| F|  |TAMS 0x0000000088600000| PB 0x0000000088600000| Untracked |  0
| 135|0x0000000088700000, 0x0000000088700000, 0x0000000088800000|  0%| F|  |TAMS 0x0000000088700000| PB 0x0000000088700000| Untracked |  0
| 136|0x0000000088800000, 0x0000000088800000, 0x0000000088900000|  0%| F|  |TAMS 0x0000000088800000| PB 0x0000000088800000| Untracked |  0
| 137|0x0000000088900000, 0x0000000088900000, 0x0000000088a00000|  0%| F|  |TAMS 0x0000000088900000| PB 0x0000000088900000| Untracked |  0
| 138|0x0000000088a00000, 0x0000000088a00000, 0x0000000088b00000|  0%| F|  |TAMS 0x0000000088a00000| PB 0x0000000088a00000| Untracked |  0
| 139|0x0000000088b00000, 0x0000000088b00000, 0x0000000088c00000|  0%| F|  |TAMS 0x0000000088b00000| PB 0x0000000088b00000| Untracked |  0
| 140|0x0000000088c00000, 0x0000000088c00000, 0x0000000088d00000|  0%| F|  |TAMS 0x0000000088c00000| PB 0x0000000088c00000| Untracked |  0
| 141|0x0000000088d00000, 0x0000000088d00000, 0x0000000088e00000|  0%| F|  |TAMS 0x0000000088d00000| PB 0x0000000088d00000| Untracked |  0
| 142|0x0000000088e00000, 0x0000000088e00000, 0x0000000088f00000|  0%| F|  |TAMS 0x0000000088e00000| PB 0x0000000088e00000| Untracked |  0
| 143|0x0000000088f00000, 0x0000000088f00000, 0x0000000089000000|  0%| F|  |TAMS 0x0000000088f00000| PB 0x0000000088f00000| Untracked |  0
| 144|0x0000000089000000, 0x0000000089000000, 0x0000000089100000|  0%| F|  |TAMS 0x0000000089000000| PB 0x0000000089000000| Untracked |  0
| 145|0x0000000089100000, 0x0000000089100000, 0x0000000089200000|  0%| F|  |TAMS 0x0000000089100000| PB 0x0000000089100000| Untracked |  0
| 146|0x0000000089200000, 0x0000000089200000, 0x0000000089300000|  0%| F|  |TAMS 0x0000000089200000| PB 0x0000000089200000| Untracked |  0
| 147|0x0000000089300000, 0x0000000089300000, 0x0000000089400000|  0%| F|  |TAMS 0x0000000089300000| PB 0x0000000089300000| Untracked |  0
| 148|0x0000000089400000, 0x0000000089400000, 0x0000000089500000|  0%| F|  |TAMS 0x0000000089400000| PB 0x0000000089400000| Untracked |  0
| 149|0x0000000089500000, 0x0000000089500000, 0x0000000089600000|  0%| F|  |TAMS 0x0000000089500000| PB 0x0000000089500000| Untracked |  0
| 150|0x0000000089600000, 0x0000000089600000, 0x0000000089700000|  0%| F|  |TAMS 0x0000000089600000| PB 0x0000000089600000| Untracked |  0
| 151|0x0000000089700000, 0x0000000089700000, 0x0000000089800000|  0%| F|  |TAMS 0x0000000089700000| PB 0x0000000089700000| Untracked |  0
| 152|0x0000000089800000, 0x0000000089800000, 0x0000000089900000|  0%| F|  |TAMS 0x0000000089800000| PB 0x0000000089800000| Untracked |  0
| 153|0x0000000089900000, 0x0000000089900000, 0x0000000089a00000|  0%| F|  |TAMS 0x0000000089900000| PB 0x0000000089900000| Untracked |  0
| 154|0x0000000089a00000, 0x0000000089a00000, 0x0000000089b00000|  0%| F|  |TAMS 0x0000000089a00000| PB 0x0000000089a00000| Untracked |  0
| 155|0x0000000089b00000, 0x0000000089b704d0, 0x0000000089c00000| 43%| S|CS|TAMS 0x0000000089b00000| PB 0x0000000089b00000| Complete |  0
| 156|0x0000000089c00000, 0x0000000089d00000, 0x0000000089d00000|100%| S|CS|TAMS 0x0000000089c00000| PB 0x0000000089c00000| Complete |  0
| 157|0x0000000089d00000, 0x0000000089e00000, 0x0000000089e00000|100%| S|CS|TAMS 0x0000000089d00000| PB 0x0000000089d00000| Complete |  0
| 158|0x0000000089e00000, 0x0000000089f00000, 0x0000000089f00000|100%| S|CS|TAMS 0x0000000089e00000| PB 0x0000000089e00000| Complete |  0
| 159|0x0000000089f00000, 0x000000008a000000, 0x000000008a000000|100%| S|CS|TAMS 0x0000000089f00000| PB 0x0000000089f00000| Complete |  0
| 160|0x000000008a000000, 0x000000008a100000, 0x000000008a100000|100%| S|CS|TAMS 0x000000008a000000| PB 0x000000008a000000| Complete |  0
| 161|0x000000008a100000, 0x000000008a100000, 0x000000008a200000|  0%| F|  |TAMS 0x000000008a100000| PB 0x000000008a100000| Untracked |  0
| 162|0x000000008a200000, 0x000000008a200000, 0x000000008a300000|  0%| F|  |TAMS 0x000000008a200000| PB 0x000000008a200000| Untracked |  0
| 163|0x000000008a300000, 0x000000008a300000, 0x000000008a400000|  0%| F|  |TAMS 0x000000008a300000| PB 0x000000008a300000| Untracked |  0
| 164|0x000000008a400000, 0x000000008a400000, 0x000000008a500000|  0%| F|  |TAMS 0x000000008a400000| PB 0x000000008a400000| Untracked |  0
| 165|0x000000008a500000, 0x000000008a500000, 0x000000008a600000|  0%| F|  |TAMS 0x000000008a500000| PB 0x000000008a500000| Untracked |  0
| 166|0x000000008a600000, 0x000000008a600000, 0x000000008a700000|  0%| F|  |TAMS 0x000000008a600000| PB 0x000000008a600000| Untracked |  0
| 167|0x000000008a700000, 0x000000008a700000, 0x000000008a800000|  0%| F|  |TAMS 0x000000008a700000| PB 0x000000008a700000| Untracked |  0
| 168|0x000000008a800000, 0x000000008a800000, 0x000000008a900000|  0%| F|  |TAMS 0x000000008a800000| PB 0x000000008a800000| Untracked |  0
| 169|0x000000008a900000, 0x000000008a900000, 0x000000008aa00000|  0%| F|  |TAMS 0x000000008a900000| PB 0x000000008a900000| Untracked |  0
| 170|0x000000008aa00000, 0x000000008aa00000, 0x000000008ab00000|  0%| F|  |TAMS 0x000000008aa00000| PB 0x000000008aa00000| Untracked |  0
| 171|0x000000008ab00000, 0x000000008ab00000, 0x000000008ac00000|  0%| F|  |TAMS 0x000000008ab00000| PB 0x000000008ab00000| Untracked |  0
| 172|0x000000008ac00000, 0x000000008ac259f0, 0x000000008ad00000| 14%| E|  |TAMS 0x000000008ac00000| PB 0x000000008ac00000| Complete |  0
| 246|0x000000008f600000, 0x000000008f700000, 0x000000008f700000|100%| E|CS|TAMS 0x000000008f600000| PB 0x000000008f600000| Complete |  0
| 247|0x000000008f700000, 0x000000008f800000, 0x000000008f800000|100%| E|  |TAMS 0x000000008f700000| PB 0x000000008f700000| Complete |  0
|2039|0x00000000ff700000, 0x00000000ff800000, 0x00000000ff800000|100%| O|  |TAMS 0x00000000ff800000| PB 0x00000000ff800000| Updating |  0
|2040|0x00000000ff800000, 0x00000000ff900000, 0x00000000ff900000|100%| O|  |TAMS 0x00000000ff900000| PB 0x00000000ff900000| Untracked |  0
|2041|0x00000000ff900000, 0x00000000ffa00000, 0x00000000ffa00000|100%| O|  |TAMS 0x00000000ffa00000| PB 0x00000000ffa00000| Untracked |  0
|2042|0x00000000ffa00000, 0x00000000ffb00000, 0x00000000ffb00000|100%| O|  |TAMS 0x00000000ffb00000| PB 0x00000000ffb00000| Untracked |  0
|2043|0x00000000ffb00000, 0x00000000ffc00000, 0x00000000ffc00000|100%| O|  |TAMS 0x00000000ffc00000| PB 0x00000000ffc00000| Untracked |  0
|2044|0x00000000ffc00000, 0x00000000ffd00000, 0x00000000ffd00000|100%| O|  |TAMS 0x00000000ffd00000| PB 0x00000000ffd00000| Untracked |  0
|2045|0x00000000ffd00000, 0x00000000ffe00000, 0x00000000ffe00000|100%| O|  |TAMS 0x00000000ffe00000| PB 0x00000000ffe00000| Untracked |  0
|2046|0x00000000ffe00000, 0x00000000fff00000, 0x00000000fff00000|100%| O|  |TAMS 0x00000000fff00000| PB 0x00000000fff00000| Updating |  0
|2047|0x00000000fff00000, 0x0000000100000000, 0x0000000100000000|100%| O|  |TAMS 0x0000000100000000| PB 0x0000000100000000| Untracked |  0

Card table byte_map: [0x00000294202d0000,0x00000294206d0000] _byte_map_base: 0x000002941fed0000

Marking Bits: (CMBitMap*) 0x0000029408368e90
 Bits: [0x00000294206d0000, 0x00000294226d0000)

Polling page: 0x0000029406190000

Metaspace:

Usage:
  Non-class:     79.82 MB used.
      Class:     13.43 MB used.
       Both:     93.25 MB used.

Virtual space:
  Non-class space:      128.00 MB reserved,      81.00 MB ( 63%) committed,  2 nodes.
      Class space:        1.00 GB reserved,      14.56 MB (  1%) committed,  1 nodes.
             Both:        1.12 GB reserved,      95.56 MB (  8%) committed. 

Chunk freelists:
   Non-Class:  14.77 MB
       Class:  1.34 MB
        Both:  16.11 MB

MaxMetaspaceSize: unlimited
CompressedClassSpaceSize: 1.00 GB
Initial GC threshold: 21.00 MB
Current GC threshold: 157.12 MB
CDS: on
 - commit_granule_bytes: 65536.
 - commit_granule_words: 8192.
 - virtual_space_node_default_size: 8388608.
 - enlarge_chunks_in_place: 1.
 - use_allocation_guard: 0.


Internal statistics:

num_allocs_failed_limit: 6.
num_arena_births: 4044.
num_arena_deaths: 0.
num_vsnodes_births: 3.
num_vsnodes_deaths: 0.
num_space_committed: 1528.
num_space_uncommitted: 0.
num_chunks_returned_to_freelist: 6.
num_chunks_taken_from_freelist: 8165.
num_chunk_merges: 6.
num_chunk_splits: 5467.
num_chunks_enlarged: 3567.
num_inconsistent_stats: 0.

CodeHeap 'non-profiled nmethods': size=119168Kb used=6920Kb max_used=7075Kb free=112247Kb
 bounds [0x00000294181f0000, 0x00000294188e0000, 0x000002941f650000]
CodeHeap 'profiled nmethods': size=119104Kb used=20937Kb max_used=22255Kb free=98167Kb
 bounds [0x0000029410650000, 0x0000029411c10000, 0x0000029417aa0000]
CodeHeap 'non-nmethods': size=7488Kb used=3828Kb max_used=3888Kb free=3659Kb
 bounds [0x0000029417aa0000, 0x0000029417e80000, 0x00000294181f0000]
 total_blobs=12426 nmethods=11566 adapters=761
 compilation: enabled
              stopped_count=0, restarted_count=0
 full_count=0

Compilation events (20 events):
Event: 16.046 Thread 0x000002942569b4b0 13904       1       org.gradle.internal.fingerprint.impl.IgnoredPathFileSystemLocationFingerprint::getNormalizedContentHash (5 bytes)
Event: 16.046 Thread 0x000002946b9c1d80 13905       3       org.gradle.internal.fingerprint.impl.IgnoredPathFileSystemLocationFingerprint::compareTo (9 bytes)
Event: 16.046 Thread 0x0000029425839830 13906       3       org.gradle.internal.fingerprint.impl.IgnoredPathFileSystemLocationFingerprint::compareTo (23 bytes)
Event: 16.046 Thread 0x000002942569b4b0 nmethod 13904 0x00000294188cda10 code [0x00000294188cdba0, 0x00000294188cdc68]
Event: 16.046 Thread 0x0000029425839830 nmethod 13906 0x0000029410dae710 code [0x0000029410dae8e0, 0x0000029410daecc8]
Event: 16.046 Thread 0x000002946b9c1d80 nmethod 13905 0x0000029410723890 code [0x0000029410723a60, 0x0000029410723f88]
Event: 16.055 Thread 0x000002946b05bab0 nmethod 13883 0x00000294188cdd10 code [0x00000294188ce140, 0x00000294188d0340]
Event: 16.055 Thread 0x000002946b05bab0 13895       4       java.io.WinNTFileSystem::prefixLength (114 bytes)
Event: 16.059 Thread 0x000002946b05bab0 nmethod 13895 0x00000294188d1d10 code [0x00000294188d1ee0, 0x00000294188d2268]
Event: 16.059 Thread 0x000002946b05bab0 13907       4       java.lang.invoke.MethodHandle::isAncestorLoaderOf (35 bytes)
Event: 16.061 Thread 0x000002946b05bab0 nmethod 13907 0x00000294188d2610 code [0x00000294188d27a0, 0x00000294188d28d0]
Event: 16.061 Thread 0x000002946b05bab0 13899       4       org.gradle.internal.snapshot.VfsRelativePath::isEmpty (20 bytes)
Event: 16.062 Thread 0x000002946b05bab0 nmethod 13899 0x00000294188d2a10 code [0x00000294188d2ba0, 0x00000294188d2c88]
Event: 16.062 Thread 0x000002946b05bab0 13898       4       org.gradle.internal.snapshot.VfsRelativePath::of (14 bytes)
Event: 16.066 Thread 0x000002946b05bab0 nmethod 13898 0x00000294188d2d90 code [0x00000294188d2f60, 0x00000294188d33b8]
Event: 16.066 Thread 0x000002946b05bab0 13894       4       org.gradle.api.internal.artifacts.transform.ConsumerProvidedVariantFinder$CachingAttributeMatcher::isMatchingCandidate (29 bytes)
Event: 16.069 Thread 0x000002946b05bab0 nmethod 13894 0x00000294188d3710 code [0x00000294188d38e0, 0x00000294188d3c08]
Event: 16.069 Thread 0x000002946b05bab0 13892       4       org.gradle.api.internal.artifacts.transform.ConsumerProvidedVariantFinder$$Lambda/0x000002942784cee8::isSatisfiedBy (16 bytes)
Event: 16.073 Thread 0x000002942569a260 nmethod 13886 0x00000294188d3f10 code [0x00000294188d43a0, 0x00000294188d66b0]
Event: 16.074 Thread 0x000002946b05bab0 nmethod 13892 0x00000294188d8290 code [0x00000294188d8480, 0x00000294188d8848]

GC Heap History (20 events):
Event: 12.438 GC heap before
{Heap before GC invocations=24 (full 0):
 garbage-first heap   total reserved 2097152K, committed 155648K, used 137246K [0x0000000080000000, 0x0000000100000000)
  region size 1024K, 52 young (53248K), 8 survivors (8192K)
 Metaspace       used 77483K, committed 79552K, reserved 1179648K
  class space    used 10984K, committed 11968K, reserved 1048576K
}
Event: 12.442 GC heap after
{Heap after GC invocations=25 (full 0):
 garbage-first heap   total reserved 2097152K, committed 155648K, used 93988K [0x0000000080000000, 0x0000000100000000)
  region size 1024K, 4 young (4096K), 4 survivors (4096K)
 Metaspace       used 77483K, committed 79552K, reserved 1179648K
  class space    used 10984K, committed 11968K, reserved 1048576K
}
Event: 12.948 GC heap before
{Heap before GC invocations=26 (full 0):
 garbage-first heap   total reserved 2097152K, committed 157696K, used 143140K [0x0000000080000000, 0x0000000100000000)
  region size 1024K, 51 young (52224K), 4 survivors (4096K)
 Metaspace       used 80938K, committed 83008K, reserved 1179648K
  class space    used 11558K, committed 12544K, reserved 1048576K
}
Event: 12.951 GC heap after
{Heap after GC invocations=27 (full 0):
 garbage-first heap   total reserved 2097152K, committed 157696K, used 95092K [0x0000000080000000, 0x0000000100000000)
  region size 1024K, 5 young (5120K), 5 survivors (5120K)
 Metaspace       used 80938K, committed 83008K, reserved 1179648K
  class space    used 11558K, committed 12544K, reserved 1048576K
}
Event: 13.488 GC heap before
{Heap before GC invocations=27 (full 0):
 garbage-first heap   total reserved 2097152K, committed 157696K, used 143220K [0x0000000080000000, 0x0000000100000000)
  region size 1024K, 52 young (53248K), 5 survivors (5120K)
 Metaspace       used 84524K, committed 86784K, reserved 1179648K
  class space    used 12167K, committed 13248K, reserved 1048576K
}
Event: 13.492 GC heap after
{Heap after GC invocations=28 (full 0):
 garbage-first heap   total reserved 2097152K, committed 157696K, used 95862K [0x0000000080000000, 0x0000000100000000)
  region size 1024K, 4 young (4096K), 4 survivors (4096K)
 Metaspace       used 84524K, committed 86784K, reserved 1179648K
  class space    used 12167K, committed 13248K, reserved 1048576K
}
Event: 14.107 GC heap before
{Heap before GC invocations=28 (full 0):
 garbage-first heap   total reserved 2097152K, committed 157696K, used 143990K [0x0000000080000000, 0x0000000100000000)
  region size 1024K, 51 young (52224K), 4 survivors (4096K)
 Metaspace       used 88001K, committed 90304K, reserved 1179648K
  class space    used 12678K, committed 13760K, reserved 1048576K
}
Event: 14.111 GC heap after
{Heap after GC invocations=29 (full 0):
 garbage-first heap   total reserved 2097152K, committed 157696K, used 98687K [0x0000000080000000, 0x0000000100000000)
  region size 1024K, 7 young (7168K), 7 survivors (7168K)
 Metaspace       used 88001K, committed 90304K, reserved 1179648K
  class space    used 12678K, committed 13760K, reserved 1048576K
}
Event: 14.593 GC heap before
{Heap before GC invocations=30 (full 0):
 garbage-first heap   total reserved 2097152K, committed 165888K, used 140671K [0x0000000080000000, 0x0000000100000000)
  region size 1024K, 48 young (49152K), 7 survivors (7168K)
 Metaspace       used 90750K, committed 92992K, reserved 1179648K
  class space    used 13148K, committed 14208K, reserved 1048576K
}
Event: 14.598 GC heap after
{Heap after GC invocations=31 (full 0):
 garbage-first heap   total reserved 2097152K, committed 165888K, used 100215K [0x0000000080000000, 0x0000000100000000)
  region size 1024K, 5 young (5120K), 5 survivors (5120K)
 Metaspace       used 90750K, committed 92992K, reserved 1179648K
  class space    used 13148K, committed 14208K, reserved 1048576K
}
Event: 15.287 GC heap before
{Heap before GC invocations=31 (full 0):
 garbage-first heap   total reserved 2097152K, committed 165888K, used 149367K [0x0000000080000000, 0x0000000100000000)
  region size 1024K, 54 young (55296K), 5 survivors (5120K)
 Metaspace       used 93919K, committed 96320K, reserved 1179648K
  class space    used 13623K, committed 14784K, reserved 1048576K
}
Event: 15.294 GC heap after
{Heap after GC invocations=32 (full 0):
 garbage-first heap   total reserved 2097152K, committed 165888K, used 104845K [0x0000000080000000, 0x0000000100000000)
  region size 1024K, 7 young (7168K), 7 survivors (7168K)
 Metaspace       used 93919K, committed 96320K, reserved 1179648K
  class space    used 13623K, committed 14784K, reserved 1048576K
}
Event: 15.611 GC heap before
{Heap before GC invocations=32 (full 0):
 garbage-first heap   total reserved 2097152K, committed 165888K, used 148877K [0x0000000080000000, 0x0000000100000000)
  region size 1024K, 50 young (51200K), 7 survivors (7168K)
 Metaspace       used 94164K, committed 96512K, reserved 1179648K
  class space    used 13635K, committed 14784K, reserved 1048576K
}
Event: 15.618 GC heap after
{Heap after GC invocations=33 (full 0):
 garbage-first heap   total reserved 2097152K, committed 165888K, used 111973K [0x0000000080000000, 0x0000000100000000)
  region size 1024K, 7 young (7168K), 7 survivors (7168K)
 Metaspace       used 94164K, committed 96512K, reserved 1179648K
  class space    used 13635K, committed 14784K, reserved 1048576K
}
Event: 15.744 GC heap before
{Heap before GC invocations=34 (full 0):
 garbage-first heap   total reserved 2097152K, committed 188416K, used 147813K [0x0000000080000000, 0x0000000100000000)
  region size 1024K, 42 young (43008K), 7 survivors (7168K)
 Metaspace       used 94165K, committed 96512K, reserved 1179648K
  class space    used 13635K, committed 14784K, reserved 1048576K
}
Event: 15.749 GC heap after
{Heap after GC invocations=35 (full 0):
 garbage-first heap   total reserved 2097152K, committed 188416K, used 113770K [0x0000000080000000, 0x0000000100000000)
  region size 1024K, 4 young (4096K), 4 survivors (4096K)
 Metaspace       used 94165K, committed 96512K, reserved 1179648K
  class space    used 13635K, committed 14784K, reserved 1048576K
}
Event: 15.969 GC heap before
{Heap before GC invocations=35 (full 0):
 garbage-first heap   total reserved 2097152K, committed 188416K, used 170090K [0x0000000080000000, 0x0000000100000000)
  region size 1024K, 60 young (61440K), 4 survivors (4096K)
 Metaspace       used 94214K, committed 96576K, reserved 1179648K
  class space    used 13635K, committed 14784K, reserved 1048576K
}
Event: 15.973 GC heap after
{Heap after GC invocations=36 (full 0):
 garbage-first heap   total reserved 2097152K, committed 188416K, used 114215K [0x0000000080000000, 0x0000000100000000)
  region size 1024K, 6 young (6144K), 6 survivors (6144K)
 Metaspace       used 94214K, committed 96576K, reserved 1179648K
  class space    used 13635K, committed 14784K, reserved 1048576K
}
Event: 16.088 GC heap before
{Heap before GC invocations=36 (full 0):
 garbage-first heap   total reserved 2097152K, committed 188416K, used 127527K [0x0000000080000000, 0x0000000100000000)
  region size 1024K, 20 young (20480K), 6 survivors (6144K)
 Metaspace       used 94608K, committed 96960K, reserved 1179648K
  class space    used 13729K, committed 14848K, reserved 1048576K
}
Event: 16.092 GC heap after
{Heap after GC invocations=37 (full 0):
 garbage-first heap   total reserved 2097152K, committed 188416K, used 115387K [0x0000000080000000, 0x0000000100000000)
  region size 1024K, 6 young (6144K), 6 survivors (6144K)
 Metaspace       used 94608K, committed 96960K, reserved 1179648K
  class space    used 13729K, committed 14848K, reserved 1048576K
}

Dll operation events (15 events):
Event: 0.008 Loaded shared library C:\Java\jdk-22\bin\java.dll
Event: 0.033 Loaded shared library C:\Java\jdk-22\bin\jsvml.dll
Event: 0.066 Loaded shared library C:\Java\jdk-22\bin\zip.dll
Event: 0.070 Loaded shared library C:\Java\jdk-22\bin\instrument.dll
Event: 0.073 Loaded shared library C:\Java\jdk-22\bin\net.dll
Event: 0.075 Loaded shared library C:\Java\jdk-22\bin\nio.dll
Event: 0.077 Loaded shared library C:\Java\jdk-22\bin\zip.dll
Event: 0.286 Loaded shared library C:\Java\jdk-22\bin\jimage.dll
Event: 0.429 Loaded shared library C:\Java\jdk-22\bin\verify.dll
Event: 0.548 Loaded shared library C:\Users\NGUYEN TRUNG KIEN\.gradle\native\c067742578af261105cb4f569cf0c3c89f3d7b1fecec35dd04571415982c5e48\windows-amd64\native-platform.dll
Event: 0.552 Loaded shared library C:\Users\NGUYEN TRUNG KIEN\.gradle\native\100fb08df4bc3b14c8652ba06237920a3bd2aa13389f12d3474272988ae205f9\windows-amd64\native-platform-file-events.dll
Event: 1.489 Loaded shared library C:\Java\jdk-22\bin\management.dll
Event: 1.491 Loaded shared library C:\Java\jdk-22\bin\management_ext.dll
Event: 1.652 Loaded shared library C:\Java\jdk-22\bin\extnet.dll
Event: 1.841 Loaded shared library C:\Java\jdk-22\bin\sunmscapi.dll

Deoptimization events (20 events):
Event: 16.015 Thread 0x0000029471ea4380 Uncommon trap: trap_request=0xffffffde fr.pc=0x00000294188b7bec relative=0x00000000000023cc
Event: 16.015 Thread 0x0000029471ea4380 Uncommon trap: reason=class_check action=maybe_recompile pc=0x00000294188b7bec method=org.gradle.internal.snapshot.AbstractListChildMap.store(Lorg/gradle/internal/snapshot/VfsRelativePath;Lorg/gradle/internal/snapshot/CaseSensitivity;Lorg/gradle/internal/
Event: 16.015 Thread 0x0000029471ea4380 DEOPT PACKING pc=0x00000294188b7bec sp=0x000000c0cedfcd70
Event: 16.015 Thread 0x0000029471ea4380 DEOPT UNPACKING pc=0x0000029417af46a2 sp=0x000000c0cedfcd90 mode 2
Event: 16.025 Thread 0x0000029471ea4380 Uncommon trap: trap_request=0xffffff45 fr.pc=0x0000029418665a80 relative=0x00000000000009a0
Event: 16.025 Thread 0x0000029471ea4380 Uncommon trap: reason=unstable_if action=reinterpret pc=0x0000029418665a80 method=java.util.Collections.indexedBinarySearch(Ljava/util/List;Ljava/lang/Object;Ljava/util/Comparator;)I @ 62 c2
Event: 16.025 Thread 0x0000029471ea4380 DEOPT PACKING pc=0x0000029418665a80 sp=0x000000c0cedfcd70
Event: 16.025 Thread 0x0000029471ea4380 DEOPT UNPACKING pc=0x0000029417af46a2 sp=0x000000c0cedfcbd8 mode 2
Event: 16.038 Thread 0x0000029471ea4380 Uncommon trap: trap_request=0xffffff45 fr.pc=0x00000294188cd834 relative=0x0000000000000094
Event: 16.038 Thread 0x0000029471ea4380 Uncommon trap: reason=unstable_if action=reinterpret pc=0x00000294188cd834 method=org.gradle.internal.hash.HashCode$HashCode128.equals(Ljava/lang/Object;)Z @ 2 c2
Event: 16.038 Thread 0x0000029471ea4380 DEOPT PACKING pc=0x00000294188cd834 sp=0x000000c0cedfc8f0
Event: 16.038 Thread 0x0000029471ea4380 DEOPT UNPACKING pc=0x0000029417af46a2 sp=0x000000c0cedfc890 mode 2
Event: 16.065 Thread 0x0000029471ea4380 Uncommon trap: trap_request=0xffffffc6 fr.pc=0x000002941889fe8c relative=0x0000000000001d4c
Event: 16.065 Thread 0x0000029471ea4380 Uncommon trap: reason=bimorphic_or_optimized_type_check action=maybe_recompile pc=0x000002941889fe8c method=org.gradle.internal.snapshot.ChildMap$Entry.handleAncestorDescendantOrExactMatch(Lorg/gradle/internal/snapshot/VfsRelativePath;Lorg/gradle/internal
Event: 16.065 Thread 0x0000029471ea4380 DEOPT PACKING pc=0x000002941889fe8c sp=0x000000c0cedfb910
Event: 16.065 Thread 0x0000029471ea4380 DEOPT UNPACKING pc=0x0000029417af46a2 sp=0x000000c0cedfb918 mode 2
Event: 16.080 Thread 0x0000029471ea4380 Uncommon trap: trap_request=0xffffffde fr.pc=0x00000294188af96c relative=0x000000000000100c
Event: 16.080 Thread 0x0000029471ea4380 Uncommon trap: reason=class_check action=maybe_recompile pc=0x00000294188af96c method=org.gradle.internal.snapshot.impl.AbstractValueProcessor.processValue(Ljava/lang/Object;Lorg/gradle/internal/snapshot/impl/AbstractValueProcessor$ValueVisitor;)Ljava/lan
Event: 16.080 Thread 0x0000029471ea4380 DEOPT PACKING pc=0x00000294188af96c sp=0x000000c0cedfabc0
Event: 16.080 Thread 0x0000029471ea4380 DEOPT UNPACKING pc=0x0000029417af46a2 sp=0x000000c0cedfab78 mode 2

Classes loaded (20 events):
Event: 14.644 Loading class java/util/regex/Pattern$Neg
Event: 14.644 Loading class java/util/regex/Pattern$Neg done
Event: 14.652 Loading class javax/xml/datatype/DatatypeConfigurationException
Event: 14.652 Loading class javax/xml/datatype/DatatypeConfigurationException done
Event: 14.654 Loading class jdk/internal/reflect/MethodHandleBooleanFieldAccessorImpl
Event: 14.655 Loading class jdk/internal/reflect/MethodHandleBooleanFieldAccessorImpl done
Event: 14.966 Loading class java/util/TreeMap$KeySpliterator
Event: 14.966 Loading class java/util/TreeMap$TreeMapSpliterator
Event: 14.966 Loading class java/util/TreeMap$TreeMapSpliterator done
Event: 14.966 Loading class java/util/TreeMap$KeySpliterator done
Event: 14.989 Loading class java/io/SerialCallbackContext
Event: 14.990 Loading class java/io/SerialCallbackContext done
Event: 14.993 Loading class java/util/HashMap$UnsafeHolder
Event: 14.994 Loading class java/util/HashMap$UnsafeHolder done
Event: 15.078 Loading class java/io/CharArrayWriter
Event: 15.078 Loading class java/io/CharArrayWriter done
Event: 15.082 Loading class java/io/SequenceInputStream
Event: 15.082 Loading class java/io/SequenceInputStream done
Event: 15.088 Loading class java/util/function/IntUnaryOperator
Event: 15.088 Loading class java/util/function/IntUnaryOperator done

Classes unloaded (0 events):
No events

Classes redefined (0 events):
No events

Internal exceptions (20 events):
Event: 14.080 Thread 0x000002946ccf6230 Exception <a 'java/lang/NoSuchMethodError'{0x0000000086373f60}: 'java.lang.Object java.lang.invoke.DirectMethodHandle$Holder.invokeSpecial(java.lang.Object, java.lang.Object, java.lang.Object, java.lang.Object, java.lang.Object, java.lang.Object, java.lang.Object, int)'> (0x0000000086373f60) 
thrown [s\open\src\hotspot\share\interpreter\linkResolver.cpp, line 774]
Event: 14.080 Thread 0x000002946ccf6230 Exception <a 'java/lang/NoSuchMethodError'{0x0000000086378858}: 'java.lang.Object java.lang.invoke.Invokers$Holder.linkToTargetMethod(java.lang.Object, java.lang.Object, java.lang.Object, java.lang.Object, java.lang.Object, int, java.lang.Object)'> (0x0000000086378858) 
thrown [s\open\src\hotspot\share\interpreter\linkResolver.cpp, line 774]
Event: 14.239 Thread 0x000002946ccf6230 Exception <a 'sun/nio/fs/WindowsException'{0x000000008913ca28}> (0x000000008913ca28) 
thrown [s\open\src\hotspot\share\prims\jni.cpp, line 520]
Event: 14.239 Thread 0x000002946ccf6230 Exception <a 'sun/nio/fs/WindowsException'{0x000000008913e2b0}> (0x000000008913e2b0) 
thrown [s\open\src\hotspot\share\prims\jni.cpp, line 520]
Event: 14.239 Thread 0x000002946ccf6230 Exception <a 'sun/nio/fs/WindowsException'{0x000000008913fb88}> (0x000000008913fb88) 
thrown [s\open\src\hotspot\share\prims\jni.cpp, line 520]
Event: 14.240 Thread 0x000002946ccf6230 Exception <a 'sun/nio/fs/WindowsException'{0x0000000089141460}> (0x0000000089141460) 
thrown [s\open\src\hotspot\share\prims\jni.cpp, line 520]
Event: 14.352 Thread 0x000002946ccf6230 Exception <a 'java/lang/NullPointerException'{0x00000000883eb960}> (0x00000000883eb960) 
thrown [s\open\src\hotspot\share\interpreter\linkResolver.cpp, line 1458]
Event: 14.655 Thread 0x000002946ccf6230 Exception <a 'java/lang/NoSuchMethodError'{0x000000008975eb38}: 'void java.lang.invoke.DelegatingMethodHandle$Holder.reinvoke_L(java.lang.Object, java.lang.Object, int)'> (0x000000008975eb38) 
thrown [s\open\src\hotspot\share\interpreter\linkResolver.cpp, line 774]
Event: 14.656 Thread 0x000002946ccf6230 Exception <a 'java/lang/NoSuchMethodError'{0x0000000089766440}: 'void java.lang.invoke.Invokers$Holder.invokeExact_MT(java.lang.Object, java.lang.Object, int, java.lang.Object)'> (0x0000000089766440) 
thrown [s\open\src\hotspot\share\interpreter\linkResolver.cpp, line 774]
Event: 14.898 Thread 0x0000029471ea01e0 Exception <a 'java/lang/NoSuchMethodError'{0x00000000880b5118}: 'java.lang.Object java.lang.invoke.DirectMethodHandle$Holder.newInvokeSpecial(java.lang.Object, java.lang.Object, int, java.lang.Object, java.lang.Object)'> (0x00000000880b5118) 
thrown [s\open\src\hotspot\share\interpreter\linkResolver.cpp, line 774]
Event: 14.960 Thread 0x0000029471ea01e0 Exception <a 'java/lang/NoSuchMethodError'{0x0000000087b302c8}: 'java.lang.Object java.lang.invoke.DirectMethodHandle$Holder.invokeVirtual(java.lang.Object, java.lang.Object, java.lang.Object, java.lang.Object, java.lang.Object, java.lang.Object, java.lang.Object, java.lang.Object, java.lang.Object, java.lang.Object, java.lang.Object, java.lang.Object, java.lang.Object, java.lang.Object, java.lang.Object, java.lang.Object, java.lang.Object, java.lang.Object, java.lang.Object)'> (0x0000000087b302c8) 
thrown
Event: 14.982 Thread 0x0000029471ea01e0 Exception <a 'java/lang/NoSuchMethodError'{0x0000000087aa20b8}: 'void java.lang.invoke.DirectMethodHandle$Holder.invokeSpecial(java.lang.Object, java.lang.Object, java.lang.Object, java.lang.Object, int, java.lang.Object, java.lang.Object)'> (0x0000000087aa20b8) 
thrown [s\open\src\hotspot\share\interpreter\linkResolver.cpp, line 774]
Event: 14.989 Thread 0x0000029470b5f8a0 Exception <a 'java/lang/NoSuchMethodError'{0x000000008792cb80}: static Ljava/lang/Object;.<clinit>()V> (0x000000008792cb80) 
thrown [s\open\src\hotspot\share\prims\jni.cpp, line 1111]
Event: 14.990 Thread 0x0000029470b5f8a0 Exception <a 'java/lang/NoSuchMethodError'{0x000000008793bd88}: static Lorg/jetbrains/kotlin/gradle/plugin/statistics/MetricContainer;.<clinit>()V> (0x000000008793bd88) 
thrown [s\open\src\hotspot\share\prims\jni.cpp, line 1111]
Event: 15.025 Thread 0x0000029471ea4380 Exception <a 'java/lang/IncompatibleClassChangeError'{0x000000008773dec8}: Found class java.lang.Object, but interface was expected> (0x000000008773dec8) 
thrown [s\open\src\hotspot\share\interpreter\linkResolver.cpp, line 841]
Event: 15.088 Thread 0x0000029471ea4380 Exception <a 'java/lang/NoSuchMethodError'{0x00000000875eb980}: 'int java.lang.invoke.DirectMethodHandle$Holder.invokeSpecial(java.lang.Object, java.lang.Object, int)'> (0x00000000875eb980) 
thrown [s\open\src\hotspot\share\interpreter\linkResolver.cpp, line 774]
Event: 15.295 Thread 0x000002942568de50 Implicit null exception at 0x000002941840b9c8 to 0x000002941840c09c
Event: 15.551 Thread 0x000002946f6738c0 Implicit null exception at 0x0000029418394269 to 0x0000029418394318
Event: 15.827 Thread 0x000002946bf55000 Implicit null exception at 0x00000294187ac809 to 0x00000294187ad0ec
Event: 16.032 Thread 0x0000029471ea4380 Exception <a 'java/lang/NoSuchMethodError'{0x000000008a30b8c8}: 'int java.lang.invoke.DirectMethodHandle$Holder.invokeStaticInit(java.lang.Object, java.lang.Object, java.lang.Object, java.lang.Object, java.lang.Object)'> (0x000000008a30b8c8) 
thrown [s\open\src\hotspot\share\interpreter\linkResolver.cpp, line 774]

ZGC Phase Switch (0 events):
No events

VM Operations (20 events):
Event: 15.287 Executing VM operation: G1CollectForAllocation (G1 Evacuation Pause)
Event: 15.294 Executing VM operation: G1CollectForAllocation (G1 Evacuation Pause) done
Event: 15.503 Executing VM operation: ICBufferFull
Event: 15.503 Executing VM operation: ICBufferFull done
Event: 15.571 Executing VM operation: ICBufferFull
Event: 15.572 Executing VM operation: ICBufferFull done
Event: 15.611 Executing VM operation: G1CollectForAllocation (G1 Evacuation Pause)
Event: 15.618 Executing VM operation: G1CollectForAllocation (G1 Evacuation Pause) done
Event: 15.676 Executing VM operation: G1PauseRemark
Event: 15.683 Executing VM operation: G1PauseRemark done
Event: 15.709 Executing VM operation: G1PauseCleanup
Event: 15.709 Executing VM operation: G1PauseCleanup done
Event: 15.744 Executing VM operation: G1CollectForAllocation (G1 Evacuation Pause)
Event: 15.749 Executing VM operation: G1CollectForAllocation (G1 Evacuation Pause) done
Event: 15.969 Executing VM operation: G1CollectForAllocation (G1 Evacuation Pause)
Event: 15.973 Executing VM operation: G1CollectForAllocation (G1 Evacuation Pause) done
Event: 16.062 Executing VM operation: HandshakeAllThreads (Deoptimize)
Event: 16.062 Executing VM operation: HandshakeAllThreads (Deoptimize) done
Event: 16.088 Executing VM operation: G1TryInitiateConcMark (G1 Humongous Allocation)
Event: 16.092 Executing VM operation: G1TryInitiateConcMark (G1 Humongous Allocation) done

Events (20 events):
Event: 15.682 Thread 0x000002942566e390 flushing nmethod 0x00000294106c9610
Event: 15.682 Thread 0x000002942566e390 flushing nmethod 0x0000029410bf4390
Event: 15.682 Thread 0x000002942566e390 flushing nmethod 0x0000029410dc2510
Event: 15.682 Thread 0x000002942566e390 flushing nmethod 0x0000029410dc4490
Event: 15.682 Thread 0x000002942566e390 flushing nmethod 0x0000029410dc5490
Event: 15.682 Thread 0x000002942566e390 flushing nmethod 0x0000029410ff8e90
Event: 15.682 Thread 0x000002942566e390 flushing nmethod 0x000002941131ec10
Event: 15.682 Thread 0x000002942566e390 flushing nmethod 0x0000029411855b90
Event: 15.682 Thread 0x000002942566e390 flushing nmethod 0x00000294182d5790
Event: 15.682 Thread 0x000002942566e390 flushing nmethod 0x0000029410861090
Event: 15.682 Thread 0x000002942566e390 flushing nmethod 0x0000029410996610
Event: 15.682 Thread 0x000002942566e390 flushing nmethod 0x0000029410bd0310
Event: 15.682 Thread 0x000002942566e390 flushing nmethod 0x0000029410bd1c10
Event: 15.682 Thread 0x000002942566e390 flushing nmethod 0x0000029410dba190
Event: 15.682 Thread 0x000002942566e390 flushing nmethod 0x0000029410dbe690
Event: 15.682 Thread 0x000002942566e390 flushing nmethod 0x0000029410e08310
Event: 15.682 Thread 0x000002942566e390 flushing nmethod 0x0000029410f88310
Event: 15.682 Thread 0x000002942566e390 flushing nmethod 0x000002941127be90
Event: 15.682 Thread 0x000002942566e390 flushing nmethod 0x0000029411563790
Event: 15.682 Thread 0x000002942566e390 flushing nmethod 0x000002941192e410


Dynamic libraries:
0x00007ff7ad210000 - 0x00007ff7ad220000 	C:\Java\jdk-22\bin\java.exe
0x00007ff95d700000 - 0x00007ff95d968000 	C:\WINDOWS\SYSTEM32\ntdll.dll
0x00007ff95bf60000 - 0x00007ff95c029000 	C:\WINDOWS\System32\KERNEL32.DLL
0x00007ff95acb0000 - 0x00007ff95b0a2000 	C:\WINDOWS\System32\KERNELBASE.dll
0x00007ff95a890000 - 0x00007ff95a9db000 	C:\WINDOWS\System32\ucrtbase.dll
0x00007ff94cfe0000 - 0x00007ff94cffb000 	C:\Java\jdk-22\bin\VCRUNTIME140.dll
0x00007ff94d000000 - 0x00007ff94d017000 	C:\Java\jdk-22\bin\jli.dll
0x00007ff95b720000 - 0x00007ff95b7d4000 	C:\WINDOWS\System32\ADVAPI32.dll
0x00007ff95d600000 - 0x00007ff95d6a9000 	C:\WINDOWS\System32\msvcrt.dll
0x00007ff95b4d0000 - 0x00007ff95b576000 	C:\WINDOWS\System32\sechost.dll
0x00007ff95cf50000 - 0x00007ff95d068000 	C:\WINDOWS\System32\RPCRT4.dll
0x00007ff95d0f0000 - 0x00007ff95d2b5000 	C:\WINDOWS\System32\USER32.dll
0x00007ff95b4a0000 - 0x00007ff95b4c7000 	C:\WINDOWS\System32\win32u.dll
0x00007ff945f00000 - 0x00007ff946193000 	C:\WINDOWS\WinSxS\amd64_microsoft.windows.common-controls_6595b64144ccf1df_6.0.26100.6899_none_3e0efeeae32e88c1\COMCTL32.dll
0x00007ff95bea0000 - 0x00007ff95becb000 	C:\WINDOWS\System32\GDI32.dll
0x00007ff95b2e0000 - 0x00007ff95b40d000 	C:\WINDOWS\System32\gdi32full.dll
0x00007ff95a9e0000 - 0x00007ff95aa83000 	C:\WINDOWS\System32\msvcp_win.dll
0x00007ff951c90000 - 0x00007ff951c9b000 	C:\WINDOWS\SYSTEM32\VERSION.dll
0x00007ff95ce90000 - 0x00007ff95cebf000 	C:\WINDOWS\System32\IMM32.DLL
0x00007ff94cf80000 - 0x00007ff94cf8c000 	C:\Java\jdk-22\bin\vcruntime140_1.dll
0x00007ff93d170000 - 0x00007ff93d1fe000 	C:\Java\jdk-22\bin\msvcp140.dll
0x00007ff8d55d0000 - 0x00007ff8d6317000 	C:\Java\jdk-22\bin\server\jvm.dll
0x00007ff95d070000 - 0x00007ff95d0e4000 	C:\WINDOWS\System32\WS2_32.dll
0x00007ff95a550000 - 0x00007ff95a5ae000 	C:\WINDOWS\SYSTEM32\POWRPROF.dll
0x00007ff951c50000 - 0x00007ff951c85000 	C:\WINDOWS\SYSTEM32\WINMM.dll
0x00007ff95a530000 - 0x00007ff95a544000 	C:\WINDOWS\SYSTEM32\UMPDC.dll
0x00007ff959660000 - 0x00007ff95967b000 	C:\WINDOWS\SYSTEM32\kernel.appcore.dll
0x00007ff94cf70000 - 0x00007ff94cf7a000 	C:\Java\jdk-22\bin\jimage.dll
0x00007ff957bc0000 - 0x00007ff957e02000 	C:\WINDOWS\SYSTEM32\DBGHELP.DLL
0x00007ff95c8d0000 - 0x00007ff95cc4b000 	C:\WINDOWS\System32\combase.dll
0x00007ff95c080000 - 0x00007ff95c157000 	C:\WINDOWS\System32\OLEAUT32.dll
0x00007ff9553f0000 - 0x00007ff95542c000 	C:\WINDOWS\SYSTEM32\dbgcore.DLL
0x00007ff95aa90000 - 0x00007ff95ab28000 	C:\WINDOWS\System32\bcryptPrimitives.dll
0x00007ff946560000 - 0x00007ff94656f000 	C:\Java\jdk-22\bin\instrument.dll
0x00007ff94b5a0000 - 0x00007ff94b5be000 	C:\Java\jdk-22\bin\java.dll
0x00007ff95c180000 - 0x00007ff95c8cd000 	C:\WINDOWS\System32\SHELL32.dll
0x00007ff95b0b0000 - 0x00007ff95b21b000 	C:\WINDOWS\System32\wintypes.dll
0x00007ff95b580000 - 0x00007ff95b718000 	C:\WINDOWS\System32\ole32.dll
0x00007ff958500000 - 0x00007ff958d5d000 	C:\WINDOWS\SYSTEM32\windows.storage.dll
0x00007ff95d500000 - 0x00007ff95d5f2000 	C:\WINDOWS\System32\SHCORE.dll
0x00007ff95d320000 - 0x00007ff95d382000 	C:\WINDOWS\System32\shlwapi.dll
0x00007ff95a7b0000 - 0x00007ff95a7d9000 	C:\WINDOWS\SYSTEM32\profapi.dll
0x00007ff93b450000 - 0x00007ff93b527000 	C:\Java\jdk-22\bin\jsvml.dll
0x00007ff946610000 - 0x00007ff946627000 	C:\Java\jdk-22\bin\zip.dll
0x00007ff94cf60000 - 0x00007ff94cf70000 	C:\Java\jdk-22\bin\net.dll
0x00007ff959bd0000 - 0x00007ff959c3b000 	C:\WINDOWS\system32\mswsock.dll
0x00007ff947470000 - 0x00007ff947486000 	C:\Java\jdk-22\bin\nio.dll
0x00007ff947c40000 - 0x00007ff947c50000 	C:\Java\jdk-22\bin\verify.dll
0x00007ff93be20000 - 0x00007ff93be47000 	C:\Users\NGUYEN TRUNG KIEN\.gradle\native\c067742578af261105cb4f569cf0c3c89f3d7b1fecec35dd04571415982c5e48\windows-amd64\native-platform.dll
0x00007ff935600000 - 0x00007ff935744000 	C:\Users\NGUYEN TRUNG KIEN\.gradle\native\100fb08df4bc3b14c8652ba06237920a3bd2aa13389f12d3474272988ae205f9\windows-amd64\native-platform-file-events.dll
0x00007ff946600000 - 0x00007ff94660a000 	C:\Java\jdk-22\bin\management.dll
0x00007ff9465f0000 - 0x00007ff9465fb000 	C:\Java\jdk-22\bin\management_ext.dll
0x00007ff95b7e0000 - 0x00007ff95b7e8000 	C:\WINDOWS\System32\PSAPI.DLL
0x00007ff959e80000 - 0x00007ff959e9b000 	C:\WINDOWS\SYSTEM32\CRYPTSP.dll
0x00007ff9595c0000 - 0x00007ff9595fb000 	C:\WINDOWS\system32\rsaenh.dll
0x00007ff959c70000 - 0x00007ff959c9b000 	C:\WINDOWS\SYSTEM32\USERENV.dll
0x00007ff95a780000 - 0x00007ff95a7a6000 	C:\WINDOWS\SYSTEM32\bcrypt.dll
0x00007ff959ea0000 - 0x00007ff959eac000 	C:\WINDOWS\SYSTEM32\CRYPTBASE.dll
0x00007ff9590d0000 - 0x00007ff959104000 	C:\WINDOWS\SYSTEM32\IPHLPAPI.DLL
0x00007ff95d390000 - 0x00007ff95d39a000 	C:\WINDOWS\System32\NSI.dll
0x00007ff946550000 - 0x00007ff946559000 	C:\Java\jdk-22\bin\extnet.dll
0x00007ff946540000 - 0x00007ff94654e000 	C:\Java\jdk-22\bin\sunmscapi.dll
0x00007ff95ab30000 - 0x00007ff95aca7000 	C:\WINDOWS\System32\CRYPT32.dll
0x00007ff95a0a0000 - 0x00007ff95a0d0000 	C:\WINDOWS\SYSTEM32\ncrypt.dll
0x00007ff95a050000 - 0x00007ff95a08f000 	C:\WINDOWS\SYSTEM32\NTASN1.dll
0x00007ff8fa8c0000 - 0x00007ff8fa8c8000 	C:\WINDOWS\system32\wshunix.dll
0x00007ff91f0d0000 - 0x00007ff91f0e8000 	C:\WINDOWS\system32\napinsp.dll
0x00007ff959170000 - 0x00007ff959296000 	C:\WINDOWS\SYSTEM32\DNSAPI.dll
0x00007ff8f42b0000 - 0x00007ff8f42c2000 	C:\WINDOWS\System32\winrnr.dll
0x00007ff8ed3c0000 - 0x00007ff8ed3e8000 	C:\WINDOWS\system32\nlansp_c.dll
0x00007ff952d60000 - 0x00007ff952d76000 	C:\WINDOWS\system32\wshbth.dll
0x00007ff952e40000 - 0x00007ff952e4b000 	C:\Windows\System32\rasadhlp.dll
0x00007ff9542d0000 - 0x00007ff954356000 	C:\WINDOWS\System32\fwpuclnt.dll

dbghelp: loaded successfully - version: 4.0.5 - missing functions: none
symbol engine: initialized successfully - sym options: 0x614 - pdb path: .;C:\Java\jdk-22\bin;C:\WINDOWS\SYSTEM32;C:\WINDOWS\WinSxS\amd64_microsoft.windows.common-controls_6595b64144ccf1df_6.0.26100.6899_none_3e0efeeae32e88c1;C:\Java\jdk-22\bin\server;C:\Users\NGUYEN TRUNG KIEN\.gradle\native\c067742578af261105cb4f569cf0c3c89f3d7b1fecec35dd04571415982c5e48\windows-amd64;C:\Users\NGUYEN TRUNG KIEN\.gradle\native\100fb08df4bc3b14c8652ba06237920a3bd2aa13389f12d3474272988ae205f9\windows-amd64

VM Arguments:
jvm_args: --add-opens=java.base/java.lang=ALL-UNNAMED --add-opens=java.base/java.lang.invoke=ALL-UNNAMED --add-opens=java.base/java.util=ALL-UNNAMED --add-opens=java.prefs/java.util.prefs=ALL-UNNAMED --add-exports=jdk.compiler/com.sun.tools.javac.api=ALL-UNNAMED --add-exports=jdk.compiler/com.sun.tools.javac.util=ALL-UNNAMED --add-opens=java.base/java.util=ALL-UNNAMED --add-opens=java.prefs/java.util.prefs=ALL-UNNAMED --add-opens=java.base/java.nio.charset=ALL-UNNAMED --add-opens=java.base/java.net=ALL-UNNAMED --add-opens=java.base/java.util.concurrent.atomic=ALL-UNNAMED --add-opens=java.xml/javax.xml.namespace=ALL-UNNAMED -Xmx2048m -Dfile.encoding=UTF-8 -Duser.country=US -Duser.language=en -Duser.variant -javaagent:C:\Users\NGUYEN TRUNG KIEN\.gradle\wrapper\dists\gradle-8.11.1-bin\bpt9gzteqjrbo1mjrsomdt32c\gradle-8.11.1\lib\agents\gradle-instrumentation-agent-8.11.1.jar 
java_command: org.gradle.launcher.daemon.bootstrap.GradleDaemon 8.11.1
java_class_path (initial): C:\Users\NGUYEN TRUNG KIEN\.gradle\wrapper\dists\gradle-8.11.1-bin\bpt9gzteqjrbo1mjrsomdt32c\gradle-8.11.1\lib\gradle-daemon-main-8.11.1.jar
Launcher Type: SUN_STANDARD

[Global flags]
     intx CICompilerCount                          = 12                                        {product} {ergonomic}
     uint ConcGCThreads                            = 3                                         {product} {ergonomic}
     uint G1ConcRefinementThreads                  = 13                                        {product} {ergonomic}
   size_t G1HeapRegionSize                         = 1048576                                   {product} {ergonomic}
   size_t InitialHeapSize                          = 260046848                                 {product} {ergonomic}
   size_t MarkStackSize                            = 4194304                                   {product} {ergonomic}
   size_t MaxHeapSize                              = 2147483648                                {product} {command line}
   size_t MaxNewSize                               = 1287651328                                {product} {ergonomic}
   size_t MinHeapDeltaBytes                        = 1048576                                   {product} {ergonomic}
   size_t MinHeapSize                              = 8388608                                   {product} {ergonomic}
    uintx NonNMethodCodeHeapSize                   = 7602480                                {pd product} {ergonomic}
    uintx NonProfiledCodeHeapSize                  = 122027880                              {pd product} {ergonomic}
    uintx ProfiledCodeHeapSize                     = 122027880                              {pd product} {ergonomic}
    uintx ReservedCodeCacheSize                    = 251658240                              {pd product} {ergonomic}
     bool SegmentedCodeCache                       = true                                      {product} {ergonomic}
   size_t SoftMaxHeapSize                          = 2147483648                             {manageable} {ergonomic}
     bool UseCompressedOops                        = true                           {product lp64_product} {ergonomic}
     bool UseG1GC                                  = true                                      {product} {ergonomic}
     bool UseLargePagesIndividualAllocation        = false                                  {pd product} {ergonomic}

Logging:
Log output configuration:
 #0: stdout all=warning uptime,level,tags foldmultilines=false
 #1: stderr all=off uptime,level,tags foldmultilines=false

Environment Variables:
JAVA_HOME=C:\Java\jdk-22
CLASSPATH=D:\FBTP_CN\\gradle\wrapper\gradle-wrapper.jar
PATH=C:\Users\NGUYEN TRUNG KIEN\flutter\bin;C:\Program Files (x86)\VMware\VMware Workstation\bin\;C:\msys64\mingw64\bin;C:\Program Files\Microsoft\jdk-11.0.16.101-hotspot\bin;C:\Windows\system32;C:\Windows;C:\Windows\System32\Wbem;C:\Windows\System32\WindowsPowerShell\v1.0\;C:\Windows\System32\OpenSSH\;C:\Program Files (x86)\NVIDIA Corporation\PhysX\Common;C:\WINDOWS\system32;C:\WINDOWS;C:\WINDOWS\System32\Wbem;C:\WINDOWS\System32\WindowsPowerShell\v1.0\;C:\WINDOWS\System32\OpenSSH\;C:\Program Files\Microsoft SQL Server\150\Tools\Binn\;C:\Program Files\Java\jdk-22\bin;C:\Program Files\Microsoft SQL Server\Client SDK\ODBC\170\Tools\Binn\;C:\Program Files\dotnet\;C:\Program Files (x86)\Microsoft SQL Server\160\Tools\Binn\;C:\Program Files\Microsoft SQL Server\160\Tools\Binn\;C:\Program Files\Microsoft SQL Server\160\DTS\Binn\;C:\Program Files (x86)\Microsoft SQL Server\160\DTS\Binn\;C:\Program Files\Oracle\VirtualBox;C:\Users\NGUYEN TRUNG KIEN\AppData\Local\Android\Sdk\platform-tools;C:\Users\NGUYEN TRUNG KIEN\Android\Sdk\platform-tools;C:\Program Files\Git\cmd;C:\Program Files\nodejs\;C:\Program Files (x86)\Windows Kits\10\Windows Performance Toolkit\;C:\Users\NGUYEN TRUNG KIEN\AppData\Local\Programs\Python\Python312\Scripts\;C:\Users\NGUYEN TRUNG KIEN\AppData\Local\Programs\Python\Python312\;C:\Users\NGUYEN TRUNG KIEN\AppData\Local\Microsoft\WindowsApps;C:\altera\13.0sp1\modelsim_ase\win32aloem;C:\altera\13.0sp1\modelsim_ae\win32aloem;C:\Users\NGUYEN TRUNG KIEN\.dotnet\tools;D:\cursor\resources\app\bin;C:\Users\NGUYEN TRUNG KIEN\AppData\Local\Programs\Microsoft VS Code\bin;C:\OpenSSL-Win64\OpenSSL-Win64\bin;C:\Java\jdk-22\bin;C:\maven\apache-maven-3.9.11\bin;C:\Users\NGUYEN TRUNG KIEN\AppData\Roaming\npm;C:\Users\NGUYEN TRUNG KIEN\AppData\Local\Pub\Cache\bin;
USERNAME=NGUYEN TRUNG KIEN
TERM=dumb
OS=Windows_NT
PROCESSOR_IDENTIFIER=AMD64 Family 23 Model 96 Stepping 1, AuthenticAMD
TMP=C:\Users\NGUYEN~1\AppData\Local\Temp
TEMP=C:\Users\NGUYEN~1\AppData\Local\Temp




Periodic native trim disabled

---------------  S Y S T E M  ---------------

OS:
 Windows 11 , 64 bit Build 26100 (10.0.26100.6725)
OS uptime: 1 days 21:01 hours

CPU: total 16 (initial active 16) (16 cores per cpu, 2 threads per core) family 23 model 96 stepping 1 microcode 0x8600106, cx8, cmov, fxsr, ht, mmx, 3dnowpref, sse, sse2, sse3, ssse3, sse4a, sse4.1, sse4.2, popcnt, lzcnt, tsc, tscinvbit, avx, avx2, aes, clmul, bmi1, bmi2, adx, sha, fma, vzeroupper, clflush, clflushopt, rdtscp, rdpid, f16c
Processor Information for all 16 processors :
  Max Mhz: 2901, Current Mhz: 2901, Mhz Limit: 2901

Memory: 4k page, system-wide physical 15791M (1962M free)
TotalPageFile size 29316M (AvailPageFile size 4M)
current process WorkingSet (physical memory assigned to process): 479M, peak: 479M
current process commit charge ("private bytes"): 530M, peak: 545M

vm_info: Java HotSpot(TM) 64-Bit Server VM (22.0.1+8-16) for windows-amd64 JRE (22.0.1+8-16), built on 2024-03-12T10:33:16Z by "mach5one" with MS VC++ 17.6 (VS2022)

END.
