#
# There is insufficient memory for the Java Runtime Environment to continue.
# Native memory allocation (mmap) failed to map 65536 bytes. Error detail: Failed to commit metaspace.
# Possible reasons:
#   The system is out of physical RAM or swap space
#   This process is running with CompressedOops enabled, and the Java Heap may be blocking the growth of the native heap
# Possible solutions:
#   Reduce memory load on the system
#   Increase physical memory or swap space
#   Check if swap backing store is full
#   Decrease Java heap size (-Xmx/-Xms)
#   Decrease number of Java threads
#   Decrease Java thread stack sizes (-Xss)
#   Set larger code cache with -XX:ReservedCodeCacheSize=
#   JVM is running with Unscaled Compressed Oops mode in which the Java heap is
#     placed in the first 4GB address space. The Java Heap base address is the
#     maximum limit for the native heap growth. Please use -XX:HeapBaseMinAddress
#     to set the Java Heap base and to place the Java Heap above 4GB virtual address.
# This output file may be truncated or incomplete.
#
#  Out of Memory Error (virtualSpaceNode.cpp:113), pid=8016, tid=15724
#
# JRE version: OpenJDK Runtime Environment (21.0.6) (build 21.0.6+-13368085-b895.109)
# Java VM: OpenJDK 64-Bit Server VM (21.0.6+-13368085-b895.109, mixed mode, tiered, compressed oops, compressed class ptrs, g1 gc, windows-amd64)
# No core dump will be written. Minidumps are not enabled by default on client versions of Windows
#

---------------  S U M M A R Y ------------

Command Line: --add-opens=java.base/java.lang=ALL-UNNAMED --add-opens=java.base/java.lang.invoke=ALL-UNNAMED --add-opens=java.base/java.util=ALL-UNNAMED --add-opens=java.prefs/java.util.prefs=ALL-UNNAMED --add-exports=jdk.compiler/com.sun.tools.javac.api=ALL-UNNAMED --add-exports=jdk.compiler/com.sun.tools.javac.util=ALL-UNNAMED --add-opens=java.base/java.util=ALL-UNNAMED --add-opens=java.prefs/java.util.prefs=ALL-UNNAMED --add-opens=java.base/java.nio.charset=ALL-UNNAMED --add-opens=java.base/java.net=ALL-UNNAMED --add-opens=java.base/java.util.concurrent.atomic=ALL-UNNAMED --add-opens=java.xml/javax.xml.namespace=ALL-UNNAMED -Xmx2048m -Dfile.encoding=UTF-8 -Duser.country=US -Duser.language=en -Duser.variant -javaagent:C:\Users\NGUYEN TRUNG KIEN\.gradle\wrapper\dists\gradle-8.11.1-bin\bpt9gzteqjrbo1mjrsomdt32c\gradle-8.11.1\lib\agents\gradle-instrumentation-agent-8.11.1.jar org.gradle.launcher.daemon.bootstrap.GradleDaemon 8.11.1

Host: AMD Ryzen 7 4800H with Radeon Graphics         , 16 cores, 15G,  Windows 11 , 64 bit Build 26100 (10.0.26100.6725)
Time: Fri Nov 14 12:48:47 2025 SE Asia Standard Time elapsed time: 44.308838 seconds (0d 0h 0m 44s)

---------------  T H R E A D  ---------------

Current thread (0x000001a49f978460):  JavaThread "C1 CompilerThread0" daemon [_thread_in_vm, id=15724, stack(0x00000081cae00000,0x00000081caf00000) (1024K)]


Current CompileTask:
C1:44308 6950       3       sun.management.Util::newObjectName (11 bytes)

Stack: [0x00000081cae00000,0x00000081caf00000]
Native frames: (J=compiled Java code, j=interpreted, Vv=VM code, C=native code)
V  [jvm.dll+0x6d0639]
V  [jvm.dll+0x85eb03]
V  [jvm.dll+0x86105e]
V  [jvm.dll+0x861743]
V  [jvm.dll+0x27e6e6]
V  [jvm.dll+0x8599de]
V  [jvm.dll+0x674055]
V  [jvm.dll+0x1e3131]
V  [jvm.dll+0x1e2efe]
V  [jvm.dll+0x6769a8]
V  [jvm.dll+0x6767e2]
V  [jvm.dll+0x674a4e]
V  [jvm.dll+0x685dca]
V  [jvm.dll+0x67ed52]
V  [jvm.dll+0x1f0e70]
V  [jvm.dll+0x1f1058]
V  [jvm.dll+0x162d36]
V  [jvm.dll+0x162b86]
V  [jvm.dll+0x163f1b]
V  [jvm.dll+0x162abd]
V  [jvm.dll+0x15a109]
V  [jvm.dll+0x15c6a1]
V  [jvm.dll+0x15a8ac]
V  [jvm.dll+0x1636e4]
V  [jvm.dll+0x162b86]
V  [jvm.dll+0x15a109]
V  [jvm.dll+0x15c6a1]
V  [jvm.dll+0x15a9a4]
V  [jvm.dll+0x1544b0]
V  [jvm.dll+0x1648d6]
V  [jvm.dll+0x14f8a0]
V  [jvm.dll+0x14fc23]
V  [jvm.dll+0x14fee6]
V  [jvm.dll+0x14f25f]
V  [jvm.dll+0x151081]
V  [jvm.dll+0x2569ac]
V  [jvm.dll+0x254ef6]
V  [jvm.dll+0x3f0e96]
V  [jvm.dll+0x806ed8]
V  [jvm.dll+0x6cef0d]
C  [ucrtbase.dll+0x37b0]
C  [KERNEL32.DLL+0x2e8d7]
C  [ntdll.dll+0x8c53c]


---------------  P R O C E S S  ---------------

Threads class SMR info:
_java_thread_list=0x000001a4a80ff180, length=68, elements={
0x000001a48767d0e0, 0x000001a49f95f360, 0x000001a49f965150, 0x000001a49f9811f0,
0x000001a49f983c50, 0x000001a49f985210, 0x000001a49f9711c0, 0x000001a49f973a90,
0x000001a49f978460, 0x000001a49fb30e10, 0x000001a4a40ca240, 0x000001a4a5b2a850,
0x000001a4a40dd780, 0x000001a4a51f16a0, 0x000001a4a43527b0, 0x000001a4a4354600,
0x000001a4a4345040, 0x000001a4a520cd30, 0x000001a4a4ee5910, 0x000001a4a4265c10,
0x000001a4a42662a0, 0x000001a4a42641d0, 0x000001a4a4264ef0, 0x000001a4a4266930,
0x000001a4a4265580, 0x000001a4a66aa350, 0x000001a4a66a9cc0, 0x000001a4a66aa9e0,
0x000001a4a66a9630, 0x000001a4a66ab070, 0x000001a4a66a8910, 0x000001a4a66ab700,
0x000001a4a66a8fa0, 0x000001a4a66a8280, 0x000001a4a66abd90, 0x000001a4a66ac420,
0x000001a4a66acab0, 0x000001a4a66ad140, 0x000001a4a66af210, 0x000001a4a66ad7d0,
0x000001a4a66af8a0, 0x000001a4a66aeb80, 0x000001a4a66ae4f0, 0x000001a4a66ade60,
0x000001a4a9da22a0, 0x000001a4a9da2fc0, 0x000001a4a9da2930, 0x000001a4a9da1580,
0x000001a4a9da1c10, 0x000001a4a9da0ef0, 0x000001a4a9da5720, 0x000001a4a9da6440,
0x000001a4a9da6ad0, 0x000001a4a9da5090, 0x000001a4a9da7160, 0x000001a4a9da4a00,
0x000001a4a9da77f0, 0x000001a4a9da7e80, 0x000001a4a9da5db0, 0x000001a4aa56ce70,
0x000001a4aa56bac0, 0x000001a4aa56db90, 0x000001a4aa56d500, 0x000001a4aa56e220,
0x000001a4aa56e8b0, 0x000001a4aa56ef40, 0x000001a4aa56f5d0, 0x000001a4aa56c7e0
}

Java Threads: ( => current thread )
  0x000001a48767d0e0 JavaThread "main"                              [_thread_blocked, id=15108, stack(0x00000081c9f00000,0x00000081ca000000) (1024K)]
  0x000001a49f95f360 JavaThread "Reference Handler"          daemon [_thread_blocked, id=18124, stack(0x00000081ca700000,0x00000081ca800000) (1024K)]
  0x000001a49f965150 JavaThread "Finalizer"                  daemon [_thread_blocked, id=12492, stack(0x00000081ca800000,0x00000081ca900000) (1024K)]
  0x000001a49f9811f0 JavaThread "Signal Dispatcher"          daemon [_thread_blocked, id=11300, stack(0x00000081ca900000,0x00000081caa00000) (1024K)]
  0x000001a49f983c50 JavaThread "Attach Listener"            daemon [_thread_blocked, id=23304, stack(0x00000081caa00000,0x00000081cab00000) (1024K)]
  0x000001a49f985210 JavaThread "Service Thread"             daemon [_thread_blocked, id=20036, stack(0x00000081cab00000,0x00000081cac00000) (1024K)]
  0x000001a49f9711c0 JavaThread "Monitor Deflation Thread"   daemon [_thread_blocked, id=14500, stack(0x00000081cac00000,0x00000081cad00000) (1024K)]
  0x000001a49f973a90 JavaThread "C2 CompilerThread0"         daemon [_thread_blocked, id=6352, stack(0x00000081cad00000,0x00000081cae00000) (1024K)]
=>0x000001a49f978460 JavaThread "C1 CompilerThread0"         daemon [_thread_in_vm, id=15724, stack(0x00000081cae00000,0x00000081caf00000) (1024K)]
  0x000001a49fb30e10 JavaThread "Common-Cleaner"             daemon [_thread_blocked, id=17644, stack(0x00000081caf00000,0x00000081cb000000) (1024K)]
  0x000001a4a40ca240 JavaThread "Notification Thread"        daemon [_thread_blocked, id=22772, stack(0x00000081cb200000,0x00000081cb300000) (1024K)]
  0x000001a4a5b2a850 JavaThread "Daemon health stats"               [_thread_blocked, id=22156, stack(0x00000081cb900000,0x00000081cba00000) (1024K)]
  0x000001a4a40dd780 JavaThread "Incoming local TCP Connector on port 55186"        [_thread_in_native, id=24568, stack(0x00000081cba00000,0x00000081cbb00000) (1024K)]
  0x000001a4a51f16a0 JavaThread "Daemon periodic checks"            [_thread_blocked, id=16900, stack(0x00000081cbd00000,0x00000081cbe00000) (1024K)]
  0x000001a4a43527b0 JavaThread "Daemon"                            [_thread_blocked, id=13280, stack(0x00000081cbe00000,0x00000081cbf00000) (1024K)]
  0x000001a4a4354600 JavaThread "Handler for socket connection from /127.0.0.1:55186 to /127.0.0.1:55187"        [_thread_in_native, id=3548, stack(0x00000081cbf00000,0x00000081cc000000) (1024K)]
  0x000001a4a4345040 JavaThread "Cancel handler"                    [_thread_blocked, id=19728, stack(0x00000081cbb00000,0x00000081cbc00000) (1024K)]
  0x000001a4a520cd30 JavaThread "Daemon worker"                     [_thread_in_vm, id=10652, stack(0x00000081cbc00000,0x00000081cbd00000) (1024K)]
  0x000001a4a4ee5910 JavaThread "Asynchronous log dispatcher for DefaultDaemonConnection: socket connection from /127.0.0.1:55186 to /127.0.0.1:55187"        [_thread_blocked, id=3388, stack(0x00000081cc000000,0x00000081cc100000) (1024K)]
  0x000001a4a4265c10 JavaThread "Stdin handler"                     [_thread_blocked, id=11044, stack(0x00000081cc100000,0x00000081cc200000) (1024K)]
  0x000001a4a42662a0 JavaThread "Daemon client event forwarder"        [_thread_blocked, id=24704, stack(0x00000081cc200000,0x00000081cc300000) (1024K)]
  0x000001a4a42641d0 JavaThread "Cache worker for journal cache (C:\Users\NGUYEN TRUNG KIEN\.gradle\caches\journal-1)"        [_thread_blocked, id=21484, stack(0x00000081ccc00000,0x00000081ccd00000) (1024K)]
  0x000001a4a4264ef0 JavaThread "File lock request listener"        [_thread_in_native, id=11748, stack(0x00000081ccd00000,0x00000081cce00000) (1024K)]
  0x000001a4a4266930 JavaThread "Cache worker for file hash cache (C:\Users\NGUYEN TRUNG KIEN\.gradle\caches\8.11.1\fileHashes)"        [_thread_blocked, id=15856, stack(0x00000081cce00000,0x00000081ccf00000) (1024K)]
  0x000001a4a4265580 JavaThread "Cache worker for file content cache (C:\Users\NGUYEN TRUNG KIEN\.gradle\caches\8.11.1\fileContent)"        [_thread_blocked, id=1984, stack(0x00000081ccf00000,0x00000081cd000000) (1024K)]
  0x000001a4a66aa350 JavaThread "Cache worker for file hash cache (D:\FBTP_CN\.gradle\8.11.1\fileHashes)"        [_thread_blocked, id=21564, stack(0x00000081cd000000,0x00000081cd100000) (1024K)]
  0x000001a4a66a9cc0 JavaThread "Cache worker for Build Output Cleanup Cache (D:\FBTP_CN\.gradle\buildOutputCleanup)"        [_thread_blocked, id=20496, stack(0x00000081cd100000,0x00000081cd200000) (1024K)]
  0x000001a4a66aa9e0 JavaThread "File watcher server"        daemon [_thread_in_native, id=10252, stack(0x00000081cd200000,0x00000081cd300000) (1024K)]
  0x000001a4a66a9630 JavaThread "File watcher consumer"      daemon [_thread_blocked, id=20636, stack(0x00000081cd300000,0x00000081cd400000) (1024K)]
  0x000001a4a66ab070 JavaThread "jar transforms"                    [_thread_blocked, id=16220, stack(0x00000081cd400000,0x00000081cd500000) (1024K)]
  0x000001a4a66a8910 JavaThread "jar transforms Thread 2"           [_thread_blocked, id=24740, stack(0x00000081cd500000,0x00000081cd600000) (1024K)]
  0x000001a4a66ab700 JavaThread "jar transforms Thread 3"           [_thread_blocked, id=12624, stack(0x00000081cd600000,0x00000081cd700000) (1024K)]
  0x000001a4a66a8fa0 JavaThread "jar transforms Thread 4"           [_thread_blocked, id=23684, stack(0x00000081cd700000,0x00000081cd800000) (1024K)]
  0x000001a4a66a8280 JavaThread "jar transforms Thread 5"           [_thread_blocked, id=2056, stack(0x00000081cd800000,0x00000081cd900000) (1024K)]
  0x000001a4a66abd90 JavaThread "jar transforms Thread 6"           [_thread_blocked, id=20364, stack(0x00000081cd900000,0x00000081cda00000) (1024K)]
  0x000001a4a66ac420 JavaThread "jar transforms Thread 7"           [_thread_blocked, id=16108, stack(0x00000081cda00000,0x00000081cdb00000) (1024K)]
  0x000001a4a66acab0 JavaThread "jar transforms Thread 8"           [_thread_blocked, id=19272, stack(0x00000081cdb00000,0x00000081cdc00000) (1024K)]
  0x000001a4a66ad140 JavaThread "jar transforms Thread 9"           [_thread_blocked, id=19796, stack(0x00000081cdc00000,0x00000081cdd00000) (1024K)]
  0x000001a4a66af210 JavaThread "jar transforms Thread 10"          [_thread_blocked, id=25200, stack(0x00000081cdd00000,0x00000081cde00000) (1024K)]
  0x000001a4a66ad7d0 JavaThread "jar transforms Thread 11"          [_thread_blocked, id=14580, stack(0x00000081cde00000,0x00000081cdf00000) (1024K)]
  0x000001a4a66af8a0 JavaThread "jar transforms Thread 12"          [_thread_blocked, id=25712, stack(0x00000081cdf00000,0x00000081ce000000) (1024K)]
  0x000001a4a66aeb80 JavaThread "jar transforms Thread 13"          [_thread_blocked, id=7520, stack(0x00000081ce000000,0x00000081ce100000) (1024K)]
  0x000001a4a66ae4f0 JavaThread "jar transforms Thread 14"          [_thread_blocked, id=22288, stack(0x00000081ce100000,0x00000081ce200000) (1024K)]
  0x000001a4a66ade60 JavaThread "jar transforms Thread 15"          [_thread_blocked, id=6688, stack(0x00000081ce200000,0x00000081ce300000) (1024K)]
  0x000001a4a9da22a0 JavaThread "jar transforms Thread 16"          [_thread_blocked, id=9484, stack(0x00000081ce300000,0x00000081ce400000) (1024K)]
  0x000001a4a9da2fc0 JavaThread "Cache worker for checksums cache (D:\FBTP_CN\.gradle\8.11.1\checksums)"        [_thread_blocked, id=19480, stack(0x00000081ce400000,0x00000081ce500000) (1024K)]
  0x000001a4a9da2930 JavaThread "Cache worker for cache directory md-rule (C:\Users\NGUYEN TRUNG KIEN\.gradle\caches\8.11.1\md-rule)"        [_thread_blocked, id=5460, stack(0x00000081ce500000,0x00000081ce600000) (1024K)]
  0x000001a4a9da1580 JavaThread "File lock release action executor"        [_thread_blocked, id=25428, stack(0x00000081ce600000,0x00000081ce700000) (1024K)]
  0x000001a4a9da1c10 JavaThread "Cache worker for cache directory md-supplier (C:\Users\NGUYEN TRUNG KIEN\.gradle\caches\8.11.1\md-supplier)"        [_thread_blocked, id=9860, stack(0x00000081ce700000,0x00000081ce800000) (1024K)]
  0x000001a4a9da0ef0 JavaThread "Unconstrained build operations"        [_thread_blocked, id=25396, stack(0x00000081ce800000,0x00000081ce900000) (1024K)]
  0x000001a4a9da5720 JavaThread "Unconstrained build operations Thread 2"        [_thread_blocked, id=22452, stack(0x00000081ce900000,0x00000081cea00000) (1024K)]
  0x000001a4a9da6440 JavaThread "Unconstrained build operations Thread 3"        [_thread_blocked, id=23188, stack(0x00000081cea00000,0x00000081ceb00000) (1024K)]
  0x000001a4a9da6ad0 JavaThread "Unconstrained build operations Thread 4"        [_thread_blocked, id=18264, stack(0x00000081ceb00000,0x00000081cec00000) (1024K)]
  0x000001a4a9da5090 JavaThread "Unconstrained build operations Thread 5"        [_thread_blocked, id=5224, stack(0x00000081ced00000,0x00000081cee00000) (1024K)]
  0x000001a4a9da7160 JavaThread "Unconstrained build operations Thread 6"        [_thread_blocked, id=12264, stack(0x00000081cee00000,0x00000081cef00000) (1024K)]
  0x000001a4a9da4a00 JavaThread "Unconstrained build operations Thread 7"        [_thread_blocked, id=10372, stack(0x00000081cef00000,0x00000081cf000000) (1024K)]
  0x000001a4a9da77f0 JavaThread "Unconstrained build operations Thread 8"        [_thread_blocked, id=14472, stack(0x00000081cf000000,0x00000081cf100000) (1024K)]
  0x000001a4a9da7e80 JavaThread "Unconstrained build operations Thread 9"        [_thread_blocked, id=18260, stack(0x00000081cf100000,0x00000081cf200000) (1024K)]
  0x000001a4a9da5db0 JavaThread "Unconstrained build operations Thread 10"        [_thread_blocked, id=8724, stack(0x00000081cf200000,0x00000081cf300000) (1024K)]
  0x000001a4aa56ce70 JavaThread "Unconstrained build operations Thread 11"        [_thread_blocked, id=13328, stack(0x00000081cf300000,0x00000081cf400000) (1024K)]
  0x000001a4aa56bac0 JavaThread "Unconstrained build operations Thread 12"        [_thread_blocked, id=25868, stack(0x00000081cf400000,0x00000081cf500000) (1024K)]
  0x000001a4aa56db90 JavaThread "Unconstrained build operations Thread 13"        [_thread_blocked, id=23692, stack(0x00000081cf500000,0x00000081cf600000) (1024K)]
  0x000001a4aa56d500 JavaThread "Unconstrained build operations Thread 14"        [_thread_blocked, id=18984, stack(0x00000081cf600000,0x00000081cf700000) (1024K)]
  0x000001a4aa56e220 JavaThread "Unconstrained build operations Thread 15"        [_thread_blocked, id=10300, stack(0x00000081cf700000,0x00000081cf800000) (1024K)]
  0x000001a4aa56e8b0 JavaThread "Unconstrained build operations Thread 16"        [_thread_blocked, id=16312, stack(0x00000081cf800000,0x00000081cf900000) (1024K)]
  0x000001a4aa56ef40 JavaThread "Unconstrained build operations Thread 17"        [_thread_blocked, id=24880, stack(0x00000081cf900000,0x00000081cfa00000) (1024K)]
  0x000001a4aa56f5d0 JavaThread "Unconstrained build operations Thread 18"        [_thread_blocked, id=12788, stack(0x00000081cfa00000,0x00000081cfb00000) (1024K)]
  0x000001a4aa56c7e0 JavaThread "Unconstrained build operations Thread 19"        [_thread_blocked, id=2616, stack(0x00000081cfb00000,0x00000081cfc00000) (1024K)]
Total: 68

Other Threads:
  0x000001a49f90dba0 VMThread "VM Thread"                           [id=19288, stack(0x00000081ca600000,0x00000081ca700000) (1024K)]
  0x000001a49f8a10a0 WatcherThread "VM Periodic Task Thread"        [id=25656, stack(0x00000081ca500000,0x00000081ca600000) (1024K)]
  0x000001a4876d6340 WorkerThread "GC Thread#0"                     [id=1772, stack(0x00000081ca000000,0x00000081ca100000) (1024K)]
  0x000001a4a43dbfc0 WorkerThread "GC Thread#1"                     [id=20688, stack(0x00000081cb500000,0x00000081cb600000) (1024K)]
  0x000001a4a43dc360 WorkerThread "GC Thread#2"                     [id=4008, stack(0x00000081cb600000,0x00000081cb700000) (1024K)]
  0x000001a4a4310570 WorkerThread "GC Thread#3"                     [id=24476, stack(0x00000081cb700000,0x00000081cb800000) (1024K)]
  0x000001a4a43a1410 WorkerThread "GC Thread#4"                     [id=18192, stack(0x00000081cb800000,0x00000081cb900000) (1024K)]
  0x000001a4a5045590 WorkerThread "GC Thread#5"                     [id=18976, stack(0x00000081cb100000,0x00000081cb200000) (1024K)]
  0x000001a4a519d540 WorkerThread "GC Thread#6"                     [id=4676, stack(0x00000081cc300000,0x00000081cc400000) (1024K)]
  0x000001a4a519e3c0 WorkerThread "GC Thread#7"                     [id=18336, stack(0x00000081cc400000,0x00000081cc500000) (1024K)]
  0x000001a4a519d8e0 WorkerThread "GC Thread#8"                     [id=14092, stack(0x00000081cc500000,0x00000081cc600000) (1024K)]
  0x000001a4a519ce00 WorkerThread "GC Thread#9"                     [id=23856, stack(0x00000081cc600000,0x00000081cc700000) (1024K)]
  0x000001a4a519dc80 WorkerThread "GC Thread#10"                    [id=21884, stack(0x00000081cc700000,0x00000081cc800000) (1024K)]
  0x000001a4a519e020 WorkerThread "GC Thread#11"                    [id=13204, stack(0x00000081cc800000,0x00000081cc900000) (1024K)]
  0x000001a4a519ca60 WorkerThread "GC Thread#12"                    [id=18112, stack(0x00000081cc900000,0x00000081cca00000) (1024K)]
  0x000001a4876e7230 ConcurrentGCThread "G1 Main Marker"            [id=13264, stack(0x00000081ca100000,0x00000081ca200000) (1024K)]
  0x000001a4876e7c40 WorkerThread "G1 Conc#0"                       [id=22324, stack(0x00000081ca200000,0x00000081ca300000) (1024K)]
  0x000001a4a519d1a0 WorkerThread "G1 Conc#1"                       [id=6932, stack(0x00000081cca00000,0x00000081ccb00000) (1024K)]
  0x000001a4a525d050 WorkerThread "G1 Conc#2"                       [id=23204, stack(0x00000081ccb00000,0x00000081ccc00000) (1024K)]
  0x000001a49f6fef20 ConcurrentGCThread "G1 Refine#0"               [id=18636, stack(0x00000081ca300000,0x00000081ca400000) (1024K)]
  0x000001a49f700580 ConcurrentGCThread "G1 Service"                [id=13200, stack(0x00000081ca400000,0x00000081ca500000) (1024K)]
Total: 21

Threads with active compile tasks:
C1 CompilerThread0  51330 6950       3       sun.management.Util::newObjectName (11 bytes)
Total: 1

VM state: not at safepoint (normal execution)

VM Mutex/Monitor currently owned by a thread:  ([mutex/lock_event])
[0x00007ffbd069c1a0] Metaspace_lock - owner thread: 0x000001a49f978460

Heap address: 0x0000000080000000, size: 2048 MB, Compressed Oops mode: 32-bit

CDS archive(s) not mapped
Compressed class space mapped at: 0x0000000100000000-0x0000000140000000, reserved size: 1073741824
Narrow klass base: 0x0000000000000000, Narrow klass shift: 3, Narrow klass range: 0x140000000

GC Precious Log:
 CardTable entry size: 512
 Card Set container configuration: InlinePtr #cards 5 size 8 Array Of Cards #cards 12 size 40 Howl #buckets 4 coarsen threshold 1843 Howl Bitmap #cards 512 size 80 coarsen threshold 460 Card regions per heap region 1 cards per card region 2048
 CPUs: 16 total, 16 available
 Memory: 15791M
 Large Page Support: Disabled
 NUMA Support: Disabled
 Compressed Oops: Enabled (32-bit)
 Heap Region Size: 1M
 Heap Min Capacity: 8M
 Heap Initial Capacity: 248M
 Heap Max Capacity: 2G
 Pre-touch: Disabled
 Parallel Workers: 13
 Concurrent Workers: 3
 Concurrent Refinement Workers: 13
 Periodic GC: Disabled

Heap:
 garbage-first heap   total 137216K, used 95275K [0x0000000080000000, 0x0000000100000000)
  region size 1024K, 20 young (20480K), 5 survivors (5120K)
 Metaspace       used 67604K, committed 69376K, reserved 1114112K
  class space    used 9136K, committed 10048K, reserved 1048576K

Heap Regions: E=young(eden), S=young(survivor), O=old, HS=humongous(starts), HC=humongous(continues), CS=collection set, F=free, TAMS=top-at-mark-start, PB=parsable bottom
|   0|0x0000000080000000, 0x0000000080100000, 0x0000000080100000|100%|HS|  |TAMS 0x0000000080000000| PB 0x0000000080000000| Complete 
|   1|0x0000000080100000, 0x0000000080200000, 0x0000000080200000|100%|HC|  |TAMS 0x0000000080100000| PB 0x0000000080100000| Complete 
|   2|0x0000000080200000, 0x0000000080300000, 0x0000000080300000|100%|HC|  |TAMS 0x0000000080200000| PB 0x0000000080200000| Complete 
|   3|0x0000000080300000, 0x0000000080400000, 0x0000000080400000|100%| O|  |TAMS 0x0000000080300000| PB 0x0000000080300000| Untracked 
|   4|0x0000000080400000, 0x0000000080500000, 0x0000000080500000|100%| O|  |TAMS 0x0000000080400000| PB 0x0000000080400000| Untracked 
|   5|0x0000000080500000, 0x0000000080600000, 0x0000000080600000|100%| O|  |TAMS 0x0000000080500000| PB 0x0000000080500000| Untracked 
|   6|0x0000000080600000, 0x0000000080700000, 0x0000000080700000|100%|HS|  |TAMS 0x0000000080600000| PB 0x0000000080600000| Complete 
|   7|0x0000000080700000, 0x0000000080800000, 0x0000000080800000|100%| O|  |TAMS 0x0000000080700000| PB 0x0000000080700000| Untracked 
|   8|0x0000000080800000, 0x0000000080900000, 0x0000000080900000|100%| O|  |TAMS 0x0000000080800000| PB 0x0000000080800000| Untracked 
|   9|0x0000000080900000, 0x0000000080a00000, 0x0000000080a00000|100%| O|  |TAMS 0x0000000080900000| PB 0x0000000080900000| Untracked 
|  10|0x0000000080a00000, 0x0000000080b00000, 0x0000000080b00000|100%| O|  |TAMS 0x0000000080a00000| PB 0x0000000080a00000| Untracked 
|  11|0x0000000080b00000, 0x0000000080c00000, 0x0000000080c00000|100%| O|  |TAMS 0x0000000080b00000| PB 0x0000000080b00000| Untracked 
|  12|0x0000000080c00000, 0x0000000080d00000, 0x0000000080d00000|100%| O|  |TAMS 0x0000000080c00000| PB 0x0000000080c00000| Untracked 
|  13|0x0000000080d00000, 0x0000000080e00000, 0x0000000080e00000|100%| O|  |TAMS 0x0000000080d00000| PB 0x0000000080d00000| Untracked 
|  14|0x0000000080e00000, 0x0000000080f00000, 0x0000000080f00000|100%| O|  |TAMS 0x0000000080e00000| PB 0x0000000080e00000| Untracked 
|  15|0x0000000080f00000, 0x0000000081000000, 0x0000000081000000|100%| O|  |TAMS 0x0000000080f00000| PB 0x0000000080f00000| Untracked 
|  16|0x0000000081000000, 0x0000000081100000, 0x0000000081100000|100%| O|  |TAMS 0x0000000081000000| PB 0x0000000081000000| Untracked 
|  17|0x0000000081100000, 0x0000000081200000, 0x0000000081200000|100%| O|  |TAMS 0x0000000081100000| PB 0x0000000081100000| Untracked 
|  18|0x0000000081200000, 0x0000000081300000, 0x0000000081300000|100%| O|  |TAMS 0x0000000081200000| PB 0x0000000081200000| Untracked 
|  19|0x0000000081300000, 0x0000000081400000, 0x0000000081400000|100%| O|  |TAMS 0x0000000081300000| PB 0x0000000081300000| Untracked 
|  20|0x0000000081400000, 0x0000000081500000, 0x0000000081500000|100%| O|  |TAMS 0x0000000081400000| PB 0x0000000081400000| Untracked 
|  21|0x0000000081500000, 0x0000000081600000, 0x0000000081600000|100%|HS|  |TAMS 0x0000000081500000| PB 0x0000000081500000| Complete 
|  22|0x0000000081600000, 0x0000000081700000, 0x0000000081700000|100%|HC|  |TAMS 0x0000000081600000| PB 0x0000000081600000| Complete 
|  23|0x0000000081700000, 0x0000000081800000, 0x0000000081800000|100%|HC|  |TAMS 0x0000000081700000| PB 0x0000000081700000| Complete 
|  24|0x0000000081800000, 0x0000000081900000, 0x0000000081900000|100%|HC|  |TAMS 0x0000000081800000| PB 0x0000000081800000| Complete 
|  25|0x0000000081900000, 0x0000000081a00000, 0x0000000081a00000|100%|HC|  |TAMS 0x0000000081900000| PB 0x0000000081900000| Complete 
|  26|0x0000000081a00000, 0x0000000081b00000, 0x0000000081b00000|100%|HC|  |TAMS 0x0000000081a00000| PB 0x0000000081a00000| Complete 
|  27|0x0000000081b00000, 0x0000000081c00000, 0x0000000081c00000|100%|HS|  |TAMS 0x0000000081b00000| PB 0x0000000081b00000| Complete 
|  28|0x0000000081c00000, 0x0000000081d00000, 0x0000000081d00000|100%| O|  |TAMS 0x0000000081c00000| PB 0x0000000081c00000| Untracked 
|  29|0x0000000081d00000, 0x0000000081e00000, 0x0000000081e00000|100%| O|  |TAMS 0x0000000081d00000| PB 0x0000000081d00000| Untracked 
|  30|0x0000000081e00000, 0x0000000081f00000, 0x0000000081f00000|100%| O|  |TAMS 0x0000000081e00000| PB 0x0000000081e00000| Untracked 
|  31|0x0000000081f00000, 0x0000000081f00000, 0x0000000082000000|  0%| F|  |TAMS 0x0000000081f00000| PB 0x0000000081f00000| Untracked 
|  32|0x0000000082000000, 0x0000000082100000, 0x0000000082100000|100%|HS|  |TAMS 0x0000000082000000| PB 0x0000000082000000| Complete 
|  33|0x0000000082100000, 0x0000000082200000, 0x0000000082200000|100%|HS|  |TAMS 0x0000000082100000| PB 0x0000000082100000| Complete 
|  34|0x0000000082200000, 0x0000000082300000, 0x0000000082300000|100%|HC|  |TAMS 0x0000000082200000| PB 0x0000000082200000| Complete 
|  35|0x0000000082300000, 0x0000000082400000, 0x0000000082400000|100%|HC|  |TAMS 0x0000000082300000| PB 0x0000000082300000| Complete 
|  36|0x0000000082400000, 0x0000000082500000, 0x0000000082500000|100%|HC|  |TAMS 0x0000000082400000| PB 0x0000000082400000| Complete 
|  37|0x0000000082500000, 0x0000000082600000, 0x0000000082600000|100%|HS|  |TAMS 0x0000000082500000| PB 0x0000000082500000| Complete 
|  38|0x0000000082600000, 0x0000000082700000, 0x0000000082700000|100%|HC|  |TAMS 0x0000000082600000| PB 0x0000000082600000| Complete 
|  39|0x0000000082700000, 0x0000000082800000, 0x0000000082800000|100%| O|  |TAMS 0x0000000082700000| PB 0x0000000082700000| Untracked 
|  40|0x0000000082800000, 0x0000000082800000, 0x0000000082900000|  0%| F|  |TAMS 0x0000000082800000| PB 0x0000000082800000| Untracked 
|  41|0x0000000082900000, 0x0000000082a00000, 0x0000000082a00000|100%| O|  |TAMS 0x0000000082900000| PB 0x0000000082900000| Untracked 
|  42|0x0000000082a00000, 0x0000000082b00000, 0x0000000082b00000|100%| O|  |TAMS 0x0000000082a00000| PB 0x0000000082a00000| Untracked 
|  43|0x0000000082b00000, 0x0000000082c00000, 0x0000000082c00000|100%| O|  |TAMS 0x0000000082b00000| PB 0x0000000082b00000| Untracked 
|  44|0x0000000082c00000, 0x0000000082d00000, 0x0000000082d00000|100%| O|  |TAMS 0x0000000082c00000| PB 0x0000000082c00000| Untracked 
|  45|0x0000000082d00000, 0x0000000082e00000, 0x0000000082e00000|100%| O|  |TAMS 0x0000000082d00000| PB 0x0000000082d00000| Untracked 
|  46|0x0000000082e00000, 0x0000000082f00000, 0x0000000082f00000|100%| O|  |TAMS 0x0000000082e00000| PB 0x0000000082e00000| Untracked 
|  47|0x0000000082f00000, 0x0000000083000000, 0x0000000083000000|100%| O|Cm|TAMS 0x0000000082f00000| PB 0x0000000082f00000| Complete 
|  48|0x0000000083000000, 0x0000000083100000, 0x0000000083100000|100%|HS|  |TAMS 0x0000000083000000| PB 0x0000000083000000| Complete 
|  49|0x0000000083100000, 0x0000000083200000, 0x0000000083200000|100%|HC|  |TAMS 0x0000000083100000| PB 0x0000000083100000| Complete 
|  50|0x0000000083200000, 0x0000000083300000, 0x0000000083300000|100%| O|Cm|TAMS 0x0000000083200000| PB 0x0000000083200000| Complete 
|  51|0x0000000083300000, 0x0000000083400000, 0x0000000083400000|100%| O|  |TAMS 0x0000000083300000| PB 0x0000000083300000| Untracked 
|  52|0x0000000083400000, 0x0000000083500000, 0x0000000083500000|100%| O|  |TAMS 0x0000000083400000| PB 0x0000000083400000| Untracked 
|  53|0x0000000083500000, 0x0000000083600000, 0x0000000083600000|100%|HS|  |TAMS 0x0000000083500000| PB 0x0000000083500000| Complete 
|  54|0x0000000083600000, 0x0000000083700000, 0x0000000083700000|100%|HC|  |TAMS 0x0000000083600000| PB 0x0000000083600000| Complete 
|  55|0x0000000083700000, 0x0000000083800000, 0x0000000083800000|100%|HC|  |TAMS 0x0000000083700000| PB 0x0000000083700000| Complete 
|  56|0x0000000083800000, 0x0000000083900000, 0x0000000083900000|100%|HC|  |TAMS 0x0000000083800000| PB 0x0000000083800000| Complete 
|  57|0x0000000083900000, 0x0000000083a00000, 0x0000000083a00000|100%|HC|  |TAMS 0x0000000083900000| PB 0x0000000083900000| Complete 
|  58|0x0000000083a00000, 0x0000000083b00000, 0x0000000083b00000|100%|HC|  |TAMS 0x0000000083a00000| PB 0x0000000083a00000| Complete 
|  59|0x0000000083b00000, 0x0000000083c00000, 0x0000000083c00000|100%|HS|  |TAMS 0x0000000083b00000| PB 0x0000000083b00000| Complete 
|  60|0x0000000083c00000, 0x0000000083d00000, 0x0000000083d00000|100%|HC|  |TAMS 0x0000000083c00000| PB 0x0000000083c00000| Complete 
|  61|0x0000000083d00000, 0x0000000083e00000, 0x0000000083e00000|100%|HC|  |TAMS 0x0000000083d00000| PB 0x0000000083d00000| Complete 
|  62|0x0000000083e00000, 0x0000000083f00000, 0x0000000083f00000|100%|HC|  |TAMS 0x0000000083e00000| PB 0x0000000083e00000| Complete 
|  63|0x0000000083f00000, 0x0000000084000000, 0x0000000084000000|100%|HC|  |TAMS 0x0000000083f00000| PB 0x0000000083f00000| Complete 
|  64|0x0000000084000000, 0x0000000084100000, 0x0000000084100000|100%|HC|  |TAMS 0x0000000084000000| PB 0x0000000084000000| Complete 
|  65|0x0000000084100000, 0x0000000084200000, 0x0000000084200000|100%| O|  |TAMS 0x0000000084100000| PB 0x0000000084100000| Untracked 
|  66|0x0000000084200000, 0x0000000084300000, 0x0000000084300000|100%| O|  |TAMS 0x0000000084200000| PB 0x0000000084200000| Untracked 
|  67|0x0000000084300000, 0x0000000084400000, 0x0000000084400000|100%| O|  |TAMS 0x0000000084300000| PB 0x0000000084300000| Untracked 
|  68|0x0000000084400000, 0x0000000084500000, 0x0000000084500000|100%| O|  |TAMS 0x0000000084400000| PB 0x0000000084400000| Untracked 
|  69|0x0000000084500000, 0x0000000084600000, 0x0000000084600000|100%| O|  |TAMS 0x0000000084500000| PB 0x0000000084500000| Untracked 
|  70|0x0000000084600000, 0x0000000084700000, 0x0000000084700000|100%| O|  |TAMS 0x0000000084600000| PB 0x0000000084600000| Untracked 
|  71|0x0000000084700000, 0x00000000847dc0f0, 0x0000000084800000| 85%| O|  |TAMS 0x0000000084700000| PB 0x0000000084700000| Untracked 
|  72|0x0000000084800000, 0x0000000084800000, 0x0000000084900000|  0%| F|  |TAMS 0x0000000084800000| PB 0x0000000084800000| Untracked 
|  73|0x0000000084900000, 0x0000000084900000, 0x0000000084a00000|  0%| F|  |TAMS 0x0000000084900000| PB 0x0000000084900000| Untracked 
|  74|0x0000000084a00000, 0x0000000084a00000, 0x0000000084b00000|  0%| F|  |TAMS 0x0000000084a00000| PB 0x0000000084a00000| Untracked 
|  75|0x0000000084b00000, 0x0000000084b00000, 0x0000000084c00000|  0%| F|  |TAMS 0x0000000084b00000| PB 0x0000000084b00000| Untracked 
|  76|0x0000000084c00000, 0x0000000084c00000, 0x0000000084d00000|  0%| F|  |TAMS 0x0000000084c00000| PB 0x0000000084c00000| Untracked 
|  77|0x0000000084d00000, 0x0000000084d00000, 0x0000000084e00000|  0%| F|  |TAMS 0x0000000084d00000| PB 0x0000000084d00000| Untracked 
|  78|0x0000000084e00000, 0x0000000084e00000, 0x0000000084f00000|  0%| F|  |TAMS 0x0000000084e00000| PB 0x0000000084e00000| Untracked 
|  79|0x0000000084f00000, 0x0000000084f00000, 0x0000000085000000|  0%| F|  |TAMS 0x0000000084f00000| PB 0x0000000084f00000| Untracked 
|  80|0x0000000085000000, 0x000000008502ed10, 0x0000000085100000| 18%| S|CS|TAMS 0x0000000085000000| PB 0x0000000085000000| Complete 
|  81|0x0000000085100000, 0x0000000085200000, 0x0000000085200000|100%| S|CS|TAMS 0x0000000085100000| PB 0x0000000085100000| Complete 
|  82|0x0000000085200000, 0x0000000085300000, 0x0000000085300000|100%| S|CS|TAMS 0x0000000085200000| PB 0x0000000085200000| Complete 
|  83|0x0000000085300000, 0x0000000085400000, 0x0000000085400000|100%| S|CS|TAMS 0x0000000085300000| PB 0x0000000085300000| Complete 
|  84|0x0000000085400000, 0x0000000085500000, 0x0000000085500000|100%| S|CS|TAMS 0x0000000085400000| PB 0x0000000085400000| Complete 
|  85|0x0000000085500000, 0x0000000085500000, 0x0000000085600000|  0%| F|  |TAMS 0x0000000085500000| PB 0x0000000085500000| Untracked 
|  86|0x0000000085600000, 0x0000000085600000, 0x0000000085700000|  0%| F|  |TAMS 0x0000000085600000| PB 0x0000000085600000| Untracked 
|  87|0x0000000085700000, 0x0000000085700000, 0x0000000085800000|  0%| F|  |TAMS 0x0000000085700000| PB 0x0000000085700000| Untracked 
|  88|0x0000000085800000, 0x0000000085800000, 0x0000000085900000|  0%| F|  |TAMS 0x0000000085800000| PB 0x0000000085800000| Untracked 
|  89|0x0000000085900000, 0x0000000085900000, 0x0000000085a00000|  0%| F|  |TAMS 0x0000000085900000| PB 0x0000000085900000| Untracked 
|  90|0x0000000085a00000, 0x0000000085a00000, 0x0000000085b00000|  0%| F|  |TAMS 0x0000000085a00000| PB 0x0000000085a00000| Untracked 
|  91|0x0000000085b00000, 0x0000000085b00000, 0x0000000085c00000|  0%| F|  |TAMS 0x0000000085b00000| PB 0x0000000085b00000| Untracked 
|  92|0x0000000085c00000, 0x0000000085c00000, 0x0000000085d00000|  0%| F|  |TAMS 0x0000000085c00000| PB 0x0000000085c00000| Untracked 
|  93|0x0000000085d00000, 0x0000000085d00000, 0x0000000085e00000|  0%| F|  |TAMS 0x0000000085d00000| PB 0x0000000085d00000| Untracked 
|  94|0x0000000085e00000, 0x0000000085e00000, 0x0000000085f00000|  0%| F|  |TAMS 0x0000000085e00000| PB 0x0000000085e00000| Untracked 
|  95|0x0000000085f00000, 0x0000000085f00000, 0x0000000086000000|  0%| F|  |TAMS 0x0000000085f00000| PB 0x0000000085f00000| Untracked 
|  96|0x0000000086000000, 0x0000000086000000, 0x0000000086100000|  0%| F|  |TAMS 0x0000000086000000| PB 0x0000000086000000| Untracked 
|  97|0x0000000086100000, 0x0000000086100000, 0x0000000086200000|  0%| F|  |TAMS 0x0000000086100000| PB 0x0000000086100000| Untracked 
|  98|0x0000000086200000, 0x0000000086200000, 0x0000000086300000|  0%| F|  |TAMS 0x0000000086200000| PB 0x0000000086200000| Untracked 
|  99|0x0000000086300000, 0x0000000086300000, 0x0000000086400000|  0%| F|  |TAMS 0x0000000086300000| PB 0x0000000086300000| Untracked 
| 100|0x0000000086400000, 0x0000000086400000, 0x0000000086500000|  0%| F|  |TAMS 0x0000000086400000| PB 0x0000000086400000| Untracked 
| 101|0x0000000086500000, 0x0000000086500000, 0x0000000086600000|  0%| F|  |TAMS 0x0000000086500000| PB 0x0000000086500000| Untracked 
| 102|0x0000000086600000, 0x0000000086600000, 0x0000000086700000|  0%| F|  |TAMS 0x0000000086600000| PB 0x0000000086600000| Untracked 
| 103|0x0000000086700000, 0x0000000086700000, 0x0000000086800000|  0%| F|  |TAMS 0x0000000086700000| PB 0x0000000086700000| Untracked 
| 104|0x0000000086800000, 0x0000000086800000, 0x0000000086900000|  0%| F|  |TAMS 0x0000000086800000| PB 0x0000000086800000| Untracked 
| 105|0x0000000086900000, 0x0000000086900000, 0x0000000086a00000|  0%| F|  |TAMS 0x0000000086900000| PB 0x0000000086900000| Untracked 
| 106|0x0000000086a00000, 0x0000000086a00000, 0x0000000086b00000|  0%| F|  |TAMS 0x0000000086a00000| PB 0x0000000086a00000| Untracked 
| 107|0x0000000086b00000, 0x0000000086b00000, 0x0000000086c00000|  0%| F|  |TAMS 0x0000000086b00000| PB 0x0000000086b00000| Untracked 
| 108|0x0000000086c00000, 0x0000000086c00000, 0x0000000086d00000|  0%| F|  |TAMS 0x0000000086c00000| PB 0x0000000086c00000| Untracked 
| 109|0x0000000086d00000, 0x0000000086d00000, 0x0000000086e00000|  0%| F|  |TAMS 0x0000000086d00000| PB 0x0000000086d00000| Untracked 
| 110|0x0000000086e00000, 0x0000000086e00000, 0x0000000086f00000|  0%| F|  |TAMS 0x0000000086e00000| PB 0x0000000086e00000| Untracked 
| 111|0x0000000086f00000, 0x0000000086f00000, 0x0000000087000000|  0%| F|  |TAMS 0x0000000086f00000| PB 0x0000000086f00000| Untracked 
| 112|0x0000000087000000, 0x0000000087000000, 0x0000000087100000|  0%| F|  |TAMS 0x0000000087000000| PB 0x0000000087000000| Untracked 
| 113|0x0000000087100000, 0x0000000087100000, 0x0000000087200000|  0%| F|  |TAMS 0x0000000087100000| PB 0x0000000087100000| Untracked 
| 114|0x0000000087200000, 0x0000000087236018, 0x0000000087300000| 21%| E|  |TAMS 0x0000000087200000| PB 0x0000000087200000| Complete 
| 115|0x0000000087300000, 0x0000000087400000, 0x0000000087400000|100%| E|CS|TAMS 0x0000000087300000| PB 0x0000000087300000| Complete 
| 116|0x0000000087400000, 0x0000000087500000, 0x0000000087500000|100%| E|CS|TAMS 0x0000000087400000| PB 0x0000000087400000| Complete 
| 117|0x0000000087500000, 0x0000000087600000, 0x0000000087600000|100%| E|CS|TAMS 0x0000000087500000| PB 0x0000000087500000| Complete 
| 212|0x000000008d400000, 0x000000008d500000, 0x000000008d500000|100%| E|CS|TAMS 0x000000008d400000| PB 0x000000008d400000| Complete 
| 213|0x000000008d500000, 0x000000008d600000, 0x000000008d600000|100%| E|CS|TAMS 0x000000008d500000| PB 0x000000008d500000| Complete 
| 214|0x000000008d600000, 0x000000008d700000, 0x000000008d700000|100%| E|CS|TAMS 0x000000008d600000| PB 0x000000008d600000| Complete 
| 215|0x000000008d700000, 0x000000008d800000, 0x000000008d800000|100%| E|CS|TAMS 0x000000008d700000| PB 0x000000008d700000| Complete 
| 216|0x000000008d800000, 0x000000008d900000, 0x000000008d900000|100%| E|CS|TAMS 0x000000008d800000| PB 0x000000008d800000| Complete 
| 217|0x000000008d900000, 0x000000008da00000, 0x000000008da00000|100%| E|CS|TAMS 0x000000008d900000| PB 0x000000008d900000| Complete 
| 218|0x000000008da00000, 0x000000008db00000, 0x000000008db00000|100%| E|CS|TAMS 0x000000008da00000| PB 0x000000008da00000| Complete 
| 219|0x000000008db00000, 0x000000008dc00000, 0x000000008dc00000|100%| E|CS|TAMS 0x000000008db00000| PB 0x000000008db00000| Complete 
| 220|0x000000008dc00000, 0x000000008dd00000, 0x000000008dd00000|100%| E|CS|TAMS 0x000000008dc00000| PB 0x000000008dc00000| Complete 
| 246|0x000000008f600000, 0x000000008f700000, 0x000000008f700000|100%| E|CS|TAMS 0x000000008f600000| PB 0x000000008f600000| Complete 
| 247|0x000000008f700000, 0x000000008f800000, 0x000000008f800000|100%| E|CS|TAMS 0x000000008f700000| PB 0x000000008f700000| Complete 
|2043|0x00000000ffb00000, 0x00000000ffc00000, 0x00000000ffc00000|100%| O|  |TAMS 0x00000000ffb00000| PB 0x00000000ffb00000| Untracked 
|2044|0x00000000ffc00000, 0x00000000ffd00000, 0x00000000ffd00000|100%| O|  |TAMS 0x00000000ffc00000| PB 0x00000000ffc00000| Untracked 
|2045|0x00000000ffd00000, 0x00000000ffe00000, 0x00000000ffe00000|100%| O|  |TAMS 0x00000000ffd00000| PB 0x00000000ffd00000| Untracked 
|2046|0x00000000ffe00000, 0x00000000fff00000, 0x00000000fff00000|100%| O|  |TAMS 0x00000000ffe00000| PB 0x00000000ffe00000| Untracked 
|2047|0x00000000fff00000, 0x0000000100000000, 0x0000000100000000|100%| O|  |TAMS 0x00000000fff00000| PB 0x00000000fff00000| Untracked 

Card table byte_map: [0x000001a49a450000,0x000001a49a850000] _byte_map_base: 0x000001a49a050000

Marking Bits: (CMBitMap*) 0x000001a4876d6950
 Bits: [0x000001a49a850000, 0x000001a49c850000)

Polling page: 0x000001a4853f0000

Metaspace:

Usage:
  Non-class:     57.10 MB used.
      Class:      8.92 MB used.
       Both:     66.02 MB used.

Virtual space:
  Non-class space:       64.00 MB reserved,      57.94 MB ( 91%) committed,  1 nodes.
      Class space:        1.00 GB reserved,       9.81 MB ( <1%) committed,  1 nodes.
             Both:        1.06 GB reserved,      67.75 MB (  6%) committed. 

Chunk freelists:
   Non-Class:  5.19 MB
       Class:  6.11 MB
        Both:  11.29 MB

MaxMetaspaceSize: unlimited
CompressedClassSpaceSize: 1.00 GB
Initial GC threshold: 21.00 MB
Current GC threshold: 110.88 MB
CDS: off
 - commit_granule_bytes: 65536.
 - commit_granule_words: 8192.
 - virtual_space_node_default_size: 8388608.
 - enlarge_chunks_in_place: 1.
 - use_allocation_guard: 0.


Internal statistics:

num_allocs_failed_limit: 6.
num_arena_births: 3184.
num_arena_deaths: 0.
num_vsnodes_births: 2.
num_vsnodes_deaths: 0.
num_space_committed: 1084.
num_space_uncommitted: 0.
num_chunks_returned_to_freelist: 6.
num_chunks_taken_from_freelist: 5950.
num_chunk_merges: 6.
num_chunk_splits: 3860.
num_chunks_enlarged: 2384.
num_inconsistent_stats: 0.

CodeHeap 'non-profiled nmethods': size=119168Kb used=3379Kb max_used=3379Kb free=115788Kb
 bounds [0x000001a492370000, 0x000001a4926d0000, 0x000001a4997d0000]
CodeHeap 'profiled nmethods': size=119104Kb used=11233Kb max_used=11451Kb free=107871Kb
 bounds [0x000001a48a7d0000, 0x000001a48b300000, 0x000001a491c20000]
CodeHeap 'non-nmethods': size=7488Kb used=2740Kb max_used=4474Kb free=4747Kb
 bounds [0x000001a491c20000, 0x000001a492090000, 0x000001a492370000]
 total_blobs=6883 nmethods=5998 adapters=789
 compilation: enabled
              stopped_count=0, restarted_count=0
 full_count=0

Compilation events (20 events):
Event: 36.136 Thread 0x000001a49f973a90 nmethod 6936 0x000001a492442b10 code [0x000001a492442e40, 0x000001a492444818]
Event: 36.136 Thread 0x000001a49f973a90 6938       4       java.lang.invoke.LambdaForm$NamedFunction::member (26 bytes)
Event: 36.136 Thread 0x000001a49f973a90 nmethod 6938 0x000001a4923ec810 code [0x000001a4923ec9a0, 0x000001a4923eca30]
Event: 39.153 Thread 0x000001a49fbc28b0 6942       3       javax.management.ObjectName::setCanonicalName (251 bytes)
Event: 39.153 Thread 0x000001a49f978460 6943       3       javax.management.ObjectName::isPropertyListPattern (17 bytes)
Event: 39.153 Thread 0x000001a49f978460 nmethod 6943 0x000001a48afa3d90 code [0x000001a48afa3f20, 0x000001a48afa4088]
Event: 39.154 Thread 0x000001a49fbc28b0 nmethod 6942 0x000001a48a958d90 code [0x000001a48a959020, 0x000001a48a959f68]
Event: 39.827 Thread 0x000001a49f973a90 6944       4       java.util.concurrent.locks.LockSupport::setBlocker (12 bytes)
Event: 39.828 Thread 0x000001a49f973a90 nmethod 6944 0x000001a4923ec490 code [0x000001a4923ec620, 0x000001a4923ec758]
Event: 40.155 Thread 0x000001a49f978460 6945       3       java.util.ComparableTimSort::reverseRange (32 bytes)
Event: 40.155 Thread 0x000001a49f978460 nmethod 6945 0x000001a48a94de10 code [0x000001a48a94dfe0, 0x000001a48a94e498]
Event: 41.147 Thread 0x000001a49f978460 6946       3       java.lang.invoke.DirectMethodHandle$Holder::invokeStatic (17 bytes)
Event: 41.148 Thread 0x000001a49f978460 nmethod 6946 0x000001a48a94d490 code [0x000001a48a94d660, 0x000001a48a94db30]
Event: 42.020 Thread 0x000001a49f978460 6947       3       sun.nio.ch.FileKey::hashCode (42 bytes)
Event: 42.020 Thread 0x000001a49f978460 nmethod 6947 0x000001a48b0b1b10 code [0x000001a48b0b1ca0, 0x000001a48b0b1de0]
Event: 42.021 Thread 0x000001a49f973a90 6948   !   4       java.io.WinNTFileSystem::isInvalid (78 bytes)
Event: 42.022 Thread 0x000001a49f973a90 nmethod 6948 0x000001a4923ebe10 code [0x000001a4923ebfa0, 0x000001a4923ec1e0]
Event: 42.145 Thread 0x000001a49f978460 6949       3       javax.management.ObjectName::<init> (15 bytes)
Event: 42.146 Thread 0x000001a49f978460 nmethod 6949 0x000001a48a9df410 code [0x000001a48a9df5c0, 0x000001a48a9df760]
Event: 42.146 Thread 0x000001a49f978460 6950       3       sun.management.Util::newObjectName (11 bytes)

GC Heap History (20 events):
Event: 19.017 GC heap before
{Heap before GC invocations=7 (full 0):
 garbage-first heap   total 82944K, used 49735K [0x0000000080000000, 0x0000000100000000)
  region size 1024K, 19 young (19456K), 6 survivors (6144K)
 Metaspace       used 35153K, committed 35968K, reserved 1114112K
  class space    used 4690K, committed 5056K, reserved 1048576K
}
Event: 19.022 GC heap after
{Heap after GC invocations=8 (full 0):
 garbage-first heap   total 82944K, used 41595K [0x0000000080000000, 0x0000000100000000)
  region size 1024K, 6 young (6144K), 6 survivors (6144K)
 Metaspace       used 35153K, committed 35968K, reserved 1114112K
  class space    used 4690K, committed 5056K, reserved 1048576K
}
Event: 20.556 GC heap before
{Heap before GC invocations=9 (full 0):
 garbage-first heap   total 82944K, used 71291K [0x0000000080000000, 0x0000000100000000)
  region size 1024K, 35 young (35840K), 6 survivors (6144K)
 Metaspace       used 38629K, committed 39616K, reserved 1114112K
  class space    used 5235K, committed 5760K, reserved 1048576K
}
Event: 20.560 GC heap after
{Heap after GC invocations=10 (full 0):
 garbage-first heap   total 82944K, used 44944K [0x0000000080000000, 0x0000000100000000)
  region size 1024K, 3 young (3072K), 3 survivors (3072K)
 Metaspace       used 38629K, committed 39616K, reserved 1114112K
  class space    used 5235K, committed 5760K, reserved 1048576K
}
Event: 21.639 GC heap before
{Heap before GC invocations=10 (full 0):
 garbage-first heap   total 82944K, used 71568K [0x0000000080000000, 0x0000000100000000)
  region size 1024K, 30 young (30720K), 3 survivors (3072K)
 Metaspace       used 42185K, committed 43456K, reserved 1114112K
  class space    used 5812K, committed 6464K, reserved 1048576K
}
Event: 21.642 GC heap after
{Heap after GC invocations=11 (full 0):
 garbage-first heap   total 82944K, used 46246K [0x0000000080000000, 0x0000000100000000)
  region size 1024K, 2 young (2048K), 2 survivors (2048K)
 Metaspace       used 42185K, committed 43456K, reserved 1114112K
  class space    used 5812K, committed 6464K, reserved 1048576K
}
Event: 22.876 GC heap before
{Heap before GC invocations=11 (full 0):
 garbage-first heap   total 82944K, used 73894K [0x0000000080000000, 0x0000000100000000)
  region size 1024K, 29 young (29696K), 2 survivors (2048K)
 Metaspace       used 48079K, committed 49344K, reserved 1114112K
  class space    used 6530K, committed 7168K, reserved 1048576K
}
Event: 22.880 GC heap after
{Heap after GC invocations=12 (full 0):
 garbage-first heap   total 82944K, used 49299K [0x0000000080000000, 0x0000000100000000)
  region size 1024K, 4 young (4096K), 4 survivors (4096K)
 Metaspace       used 48079K, committed 49344K, reserved 1114112K
  class space    used 6530K, committed 7168K, reserved 1048576K
}
Event: 23.140 GC heap before
{Heap before GC invocations=13 (full 0):
 garbage-first heap   total 83968K, used 71827K [0x0000000080000000, 0x0000000100000000)
  region size 1024K, 27 young (27648K), 4 survivors (4096K)
 Metaspace       used 49412K, committed 50752K, reserved 1114112K
  class space    used 6664K, committed 7360K, reserved 1048576K
}
Event: 23.144 GC heap after
{Heap after GC invocations=14 (full 0):
 garbage-first heap   total 83968K, used 52503K [0x0000000080000000, 0x0000000100000000)
  region size 1024K, 3 young (3072K), 3 survivors (3072K)
 Metaspace       used 49412K, committed 50752K, reserved 1114112K
  class space    used 6664K, committed 7360K, reserved 1048576K
}
Event: 23.572 GC heap before
{Heap before GC invocations=14 (full 0):
 garbage-first heap   total 83968K, used 79127K [0x0000000080000000, 0x0000000100000000)
  region size 1024K, 25 young (25600K), 3 survivors (3072K)
 Metaspace       used 51989K, committed 53376K, reserved 1114112K
  class space    used 6921K, committed 7616K, reserved 1048576K
}
Event: 23.575 GC heap after
{Heap after GC invocations=15 (full 0):
 garbage-first heap   total 116736K, used 53075K [0x0000000080000000, 0x0000000100000000)
  region size 1024K, 3 young (3072K), 3 survivors (3072K)
 Metaspace       used 51989K, committed 53376K, reserved 1114112K
  class space    used 6921K, committed 7616K, reserved 1048576K
}
Event: 24.764 GC heap before
{Heap before GC invocations=15 (full 0):
 garbage-first heap   total 116736K, used 91987K [0x0000000080000000, 0x0000000100000000)
  region size 1024K, 42 young (43008K), 3 survivors (3072K)
 Metaspace       used 56334K, committed 57856K, reserved 1114112K
  class space    used 7651K, committed 8384K, reserved 1048576K
}
Event: 24.769 GC heap after
{Heap after GC invocations=16 (full 0):
 garbage-first heap   total 116736K, used 56545K [0x0000000080000000, 0x0000000100000000)
  region size 1024K, 6 young (6144K), 6 survivors (6144K)
 Metaspace       used 56334K, committed 57856K, reserved 1114112K
  class space    used 7651K, committed 8384K, reserved 1048576K
}
Event: 25.722 GC heap before
{Heap before GC invocations=17 (full 0):
 garbage-first heap   total 116736K, used 114913K [0x0000000080000000, 0x0000000100000000)
  region size 1024K, 47 young (48128K), 6 survivors (6144K)
 Metaspace       used 59134K, committed 60736K, reserved 1114112K
  class space    used 7886K, committed 8640K, reserved 1048576K
}
Event: 25.730 GC heap after
{Heap after GC invocations=18 (full 0):
 garbage-first heap   total 128000K, used 77406K [0x0000000080000000, 0x0000000100000000)
  region size 1024K, 7 young (7168K), 7 survivors (7168K)
 Metaspace       used 59134K, committed 60736K, reserved 1114112K
  class space    used 7886K, committed 8640K, reserved 1048576K
}
Event: 26.410 GC heap before
{Heap before GC invocations=18 (full 0):
 garbage-first heap   total 128000K, used 113246K [0x0000000080000000, 0x0000000100000000)
  region size 1024K, 42 young (43008K), 7 survivors (7168K)
 Metaspace       used 61220K, committed 62848K, reserved 1114112K
  class space    used 8199K, committed 9024K, reserved 1048576K
}
Event: 26.415 GC heap after
{Heap after GC invocations=19 (full 0):
 garbage-first heap   total 128000K, used 78855K [0x0000000080000000, 0x0000000100000000)
  region size 1024K, 3 young (3072K), 3 survivors (3072K)
 Metaspace       used 61220K, committed 62848K, reserved 1114112K
  class space    used 8199K, committed 9024K, reserved 1048576K
}
Event: 27.926 GC heap before
{Heap before GC invocations=19 (full 0):
 garbage-first heap   total 128000K, used 114695K [0x0000000080000000, 0x0000000100000000)
  region size 1024K, 38 young (38912K), 3 survivors (3072K)
 Metaspace       used 66343K, committed 68032K, reserved 1114112K
  class space    used 8937K, committed 9728K, reserved 1048576K
}
Event: 27.930 GC heap after
{Heap after GC invocations=20 (full 0):
 garbage-first heap   total 128000K, used 80939K [0x0000000080000000, 0x0000000100000000)
  region size 1024K, 5 young (5120K), 5 survivors (5120K)
 Metaspace       used 66343K, committed 68032K, reserved 1114112K
  class space    used 8937K, committed 9728K, reserved 1048576K
}

Dll operation events (3 events):
Event: 0.042 Loaded shared library C:\Program Files\Android\Android Studio\jbr\bin\java.dll
Event: 0.112 Loaded shared library C:\Program Files\Android\Android Studio\jbr\bin\zip.dll
Event: 3.598 Loaded shared library C:\Program Files\Android\Android Studio\jbr\bin\verify.dll

Deoptimization events (20 events):
Event: 35.873 Thread 0x000001a4a520cd30 Uncommon trap: trap_request=0xffffff45 fr.pc=0x000001a49264dabc relative=0x00000000000007fc
Event: 35.873 Thread 0x000001a4a520cd30 Uncommon trap: reason=unstable_if action=reinterpret pc=0x000001a49264dabc method=java.util.HashMap.putVal(ILjava/lang/Object;Ljava/lang/Object;ZZ)Ljava/lang/Object; @ 109 c2
Event: 35.873 Thread 0x000001a4a520cd30 DEOPT PACKING pc=0x000001a49264dabc sp=0x00000081cbcf82e0
Event: 35.873 Thread 0x000001a4a520cd30 DEOPT UNPACKING pc=0x000001a491c746a2 sp=0x00000081cbcf8210 mode 2
Event: 35.873 Thread 0x000001a4a520cd30 Uncommon trap: trap_request=0xffffff45 fr.pc=0x000001a4923a209c relative=0x000000000000097c
Event: 35.873 Thread 0x000001a4a520cd30 Uncommon trap: reason=unstable_if action=reinterpret pc=0x000001a4923a209c method=java.util.HashMap.resize()[Ljava/util/HashMap$Node; @ 203 c2
Event: 35.873 Thread 0x000001a4a520cd30 DEOPT PACKING pc=0x000001a4923a209c sp=0x00000081cbcf81b0
Event: 35.873 Thread 0x000001a4a520cd30 DEOPT UNPACKING pc=0x000001a491c746a2 sp=0x00000081cbcf8150 mode 2
Event: 35.873 Thread 0x000001a4a520cd30 Uncommon trap: trap_request=0xffffff45 fr.pc=0x000001a4925632cc relative=0x00000000000002ec
Event: 35.873 Thread 0x000001a4a520cd30 Uncommon trap: reason=unstable_if action=reinterpret pc=0x000001a4925632cc method=java.util.HashMap.getNode(Ljava/lang/Object;)Ljava/util/HashMap$Node; @ 85 c2
Event: 35.873 Thread 0x000001a4a520cd30 DEOPT PACKING pc=0x000001a4925632cc sp=0x00000081cbcf8320
Event: 35.873 Thread 0x000001a4a520cd30 DEOPT UNPACKING pc=0x000001a491c746a2 sp=0x00000081cbcf8230 mode 2
Event: 35.873 Thread 0x000001a4a520cd30 Uncommon trap: trap_request=0xffffff45 fr.pc=0x000001a4925c2c78 relative=0x0000000000000238
Event: 35.873 Thread 0x000001a4a520cd30 Uncommon trap: reason=unstable_if action=reinterpret pc=0x000001a4925c2c78 method=java.util.HashMap.getNode(Ljava/lang/Object;)Ljava/util/HashMap$Node; @ 85 c2
Event: 35.873 Thread 0x000001a4a520cd30 DEOPT PACKING pc=0x000001a4925c2c78 sp=0x00000081cbcf82b0
Event: 35.873 Thread 0x000001a4a520cd30 DEOPT UNPACKING pc=0x000001a491c746a2 sp=0x00000081cbcf8230 mode 2
Event: 35.873 Thread 0x000001a4a520cd30 Uncommon trap: trap_request=0xffffff45 fr.pc=0x000001a4924a4fdc relative=0x000000000000073c
Event: 35.873 Thread 0x000001a4a520cd30 Uncommon trap: reason=unstable_if action=reinterpret pc=0x000001a4924a4fdc method=java.util.HashMap.putVal(ILjava/lang/Object;Ljava/lang/Object;ZZ)Ljava/lang/Object; @ 109 c2
Event: 35.873 Thread 0x000001a4a520cd30 DEOPT PACKING pc=0x000001a4924a4fdc sp=0x00000081cbcf8250
Event: 35.873 Thread 0x000001a4a520cd30 DEOPT UNPACKING pc=0x000001a491c746a2 sp=0x00000081cbcf8208 mode 2

Classes loaded (20 events):
Event: 27.105 Loading class java/security/cert/CertificateParsingException
Event: 27.105 Loading class java/security/cert/CertificateException
Event: 27.105 Loading class java/security/cert/CertificateException done
Event: 27.105 Loading class java/security/cert/CertificateParsingException done
Event: 27.105 Loading class javax/naming/NamingException
Event: 27.106 Loading class javax/naming/NamingException done
Event: 27.106 Loading class javax/naming/InvalidNameException
Event: 27.106 Loading class javax/naming/InvalidNameException done
Event: 27.289 Loading class java/nio/channels/Channels$ReadableByteChannelImpl
Event: 27.289 Loading class java/nio/channels/Channels$ReadableByteChannelImpl done
Event: 27.318 Loading class java/util/EmptyStackException
Event: 27.319 Loading class java/util/EmptyStackException done
Event: 27.357 Loading class java/io/InvalidClassException
Event: 27.357 Loading class java/io/InvalidClassException done
Event: 28.242 Loading class java/util/Comparators$NaturalOrderComparator
Event: 28.242 Loading class java/util/Comparators$NaturalOrderComparator done
Event: 35.542 Loading class java/nio/file/AtomicMoveNotSupportedException
Event: 35.542 Loading class java/nio/file/AtomicMoveNotSupportedException done
Event: 35.553 Loading class java/io/FileWriter
Event: 35.553 Loading class java/io/FileWriter done

Classes unloaded (0 events):
No events

Classes redefined (0 events):
No events

Internal exceptions (20 events):
Event: 25.560 Thread 0x000001a4a520cd30 Exception <a 'sun/nio/fs/WindowsException'{0x00000000851525d8}> (0x00000000851525d8) 
thrown [s\src\hotspot\share\prims\jni.cpp, line 535]
Event: 25.563 Thread 0x000001a4a520cd30 Exception <a 'sun/nio/fs/WindowsException'{0x0000000085153e60}> (0x0000000085153e60) 
thrown [s\src\hotspot\share\prims\jni.cpp, line 535]
Event: 25.564 Thread 0x000001a4a520cd30 Exception <a 'sun/nio/fs/WindowsException'{0x0000000085155690}> (0x0000000085155690) 
thrown [s\src\hotspot\share\prims\jni.cpp, line 535]
Event: 25.564 Thread 0x000001a4a520cd30 Exception <a 'sun/nio/fs/WindowsException'{0x0000000085156eb0}> (0x0000000085156eb0) 
thrown [s\src\hotspot\share\prims\jni.cpp, line 535]
Event: 25.568 Thread 0x000001a4a520cd30 Exception <a 'java/lang/NoSuchMethodError'{0x0000000085167ed0}: 'java.lang.Object java.lang.invoke.Invokers$Holder.invoker(java.lang.Object, java.lang.Object, java.lang.Object, java.lang.Object, java.lang.Object, java.lang.Object)'> (0x0000000085167ed0) 
thrown [s\src\hotspot\share\interpreter\linkResolver.cpp, line 784]
Event: 25.618 Thread 0x000001a4a520cd30 Exception <a 'java/lang/NoSuchMethodError'{0x00000000850673f0}: 'java.lang.Object java.lang.invoke.Invokers$Holder.invoker(java.lang.Object, java.lang.Object, java.lang.Object, java.lang.Object, java.lang.Object, java.lang.Object, java.lang.Object, java.lang.Object, java.lang.Object, java.lang.Object, java.lang.Object, java.lang.Object, java.lang.Object, java.lang.Object, java.lang.Object, java.lang.Object, java.lang.Object, java.lang.Object, java.lang.Object, java.lang.Object, java.lang.Object, java.lang.
Event: 25.621 Thread 0x000001a4a520cd30 Exception <a 'java/lang/NoSuchMethodError'{0x000000008506dfb8}: 'java.lang.Object java.lang.invoke.DelegatingMethodHandle$Holder.delegate(java.lang.Object, java.lang.Object, java.lang.Object, java.lang.Object, java.lang.Object, java.lang.Object, java.lang.Object, java.lang.Object, java.lang.Object, java.lang.Object, java.lang.Object, java.lang.Object, java.lang.Object, java.lang.Object, java.lang.Object, java.lang.Object, java.lang.Object, java.lang.Object, java.lang.Object, java.lang.Object, java.lang.Obj
Event: 26.153 Thread 0x000001a4a520cd30 Exception <a 'java/lang/IncompatibleClassChangeError'{0x00000000856d98c8}: Found class java.lang.Object, but interface was expected> (0x00000000856d98c8) 
thrown [s\src\hotspot\share\interpreter\linkResolver.cpp, line 851]
Event: 26.936 Thread 0x000001a4a520cd30 Exception <a 'java/lang/NoSuchMethodError'{0x00000000865cb748}: 'java.lang.Object java.lang.invoke.DirectMethodHandle$Holder.newInvokeSpecial(java.lang.Object, java.lang.Object, java.lang.Object, java.lang.Object, java.lang.Object, java.lang.Object, java.lang.Object, java.lang.Object, java.lang.Object, java.lang.Object, java.lang.Object, java.lang.Object, java.lang.Object, java.lang.Object, java.lang.Object, java.lang.Object, java.lang.Object, java.lang.Object)'> (0x00000000865cb748) 
thrown [s\src\hotspot
Event: 26.937 Thread 0x000001a4a520cd30 Exception <a 'java/lang/NoSuchMethodError'{0x00000000865d2250}: 'java.lang.Object java.lang.invoke.DirectMethodHandle$Holder.invokeSpecial(java.lang.Object, java.lang.Object, java.lang.Object, java.lang.Object, java.lang.Object, java.lang.Object, java.lang.Object, java.lang.Object, java.lang.Object, java.lang.Object, java.lang.Object, java.lang.Object, java.lang.Object, java.lang.Object, java.lang.Object, java.lang.Object, java.lang.Object, java.lang.Object, java.lang.Object)'> (0x00000000865d2250) 
thrown
Event: 26.937 Thread 0x000001a4a520cd30 Exception <a 'java/lang/NoSuchMethodError'{0x00000000865d7bb8}: 'java.lang.Object java.lang.invoke.DelegatingMethodHandle$Holder.reinvoke_L(java.lang.Object, java.lang.Object, java.lang.Object, java.lang.Object, java.lang.Object, java.lang.Object, java.lang.Object, java.lang.Object, java.lang.Object, java.lang.Object, java.lang.Object, java.lang.Object, java.lang.Object, java.lang.Object, java.lang.Object, java.lang.Object, java.lang.Object, java.lang.Object)'> (0x00000000865d7bb8) 
thrown [s\src\hotspot\s
Event: 27.035 Thread 0x000001a4a42662a0 Exception <a 'java/lang/NoSuchMethodError'{0x0000000086015168}: static Lorg/gradle/internal/build/event/types/DefaultOperationStartedProgressEvent;.<clinit>()V> (0x0000000086015168) 
thrown [s\src\hotspot\share\prims\jni.cpp, line 1139]
Event: 27.035 Thread 0x000001a4a42662a0 Exception <a 'java/lang/NoSuchMethodError'{0x0000000086016ec0}: static Lorg/gradle/internal/build/event/types/AbstractProgressEvent;.<clinit>()V> (0x0000000086016ec0) 
thrown [s\src\hotspot\share\prims\jni.cpp, line 1139]
Event: 27.038 Thread 0x000001a4a42662a0 Exception <a 'java/lang/NoSuchMethodError'{0x00000000860abbc8}: static Lorg/gradle/internal/build/event/types/DefaultBuildPhaseDescriptor;.<clinit>()V> (0x00000000860abbc8) 
thrown [s\src\hotspot\share\prims\jni.cpp, line 1139]
Event: 27.038 Thread 0x000001a4a42662a0 Exception <a 'java/lang/NoSuchMethodError'{0x00000000860af818}: static Lorg/gradle/internal/build/event/types/DefaultOperationDescriptor;.<clinit>()V> (0x00000000860af818) 
thrown [s\src\hotspot\share\prims\jni.cpp, line 1139]
Event: 27.041 Thread 0x000001a4a42662a0 Exception <a 'java/lang/NoSuchMethodError'{0x00000000860cab20}: static Lorg/gradle/internal/operations/OperationIdentifier;.<clinit>()V> (0x00000000860cab20) 
thrown [s\src\hotspot\share\prims\jni.cpp, line 1139]
Event: 27.241 Thread 0x000001a4a520cd30 Exception <a 'sun/nio/fs/WindowsException'{0x0000000085b99728}> (0x0000000085b99728) 
thrown [s\src\hotspot\share\prims\jni.cpp, line 535]
Event: 27.242 Thread 0x000001a4a520cd30 Exception <a 'sun/nio/fs/WindowsException'{0x0000000085b9add0}> (0x0000000085b9add0) 
thrown [s\src\hotspot\share\prims\jni.cpp, line 535]
Event: 27.250 Thread 0x000001a4a520cd30 Exception <a 'sun/nio/fs/WindowsException'{0x0000000085ba8120}> (0x0000000085ba8120) 
thrown [s\src\hotspot\share\prims\jni.cpp, line 535]
Event: 28.123 Thread 0x000001a4a520cd30 Exception <a 'java/lang/NoSuchMethodError'{0x000000008f62bc88}: 'void java.lang.invoke.DirectMethodHandle$Holder.invokeStatic(java.lang.Object, java.lang.Object, java.lang.Object, java.lang.Object, java.lang.Object, java.lang.Object, java.lang.Object)'> (0x000000008f62bc88) 
thrown [s\src\hotspot\share\interpreter\linkResolver.cpp, line 784]

ZGC Phase Switch (0 events):
No events

VM Operations (20 events):
Event: 27.962 Executing VM operation: G1PauseRemark
Event: 27.985 Executing VM operation: G1PauseRemark done
Event: 27.996 Executing VM operation: G1PauseCleanup
Event: 27.998 Executing VM operation: G1PauseCleanup done
Event: 28.254 Executing VM operation: HandshakeAllThreads (Deoptimize)
Event: 28.255 Executing VM operation: HandshakeAllThreads (Deoptimize) done
Event: 29.255 Executing VM operation: Cleanup
Event: 29.255 Executing VM operation: Cleanup done
Event: 30.256 Executing VM operation: Cleanup
Event: 30.256 Executing VM operation: Cleanup done
Event: 33.296 Executing VM operation: Cleanup
Event: 33.296 Executing VM operation: Cleanup done
Event: 35.310 Executing VM operation: Cleanup
Event: 35.310 Executing VM operation: Cleanup done
Event: 35.554 Executing VM operation: HandshakeAllThreads (Deoptimize)
Event: 35.554 Executing VM operation: HandshakeAllThreads (Deoptimize) done
Event: 36.559 Executing VM operation: Cleanup
Event: 36.560 Executing VM operation: Cleanup done
Event: 37.573 Executing VM operation: Cleanup
Event: 37.573 Executing VM operation: Cleanup done

Memory protections (0 events):
No events

Nmethod flushes (20 events):
Event: 27.983 Thread 0x000001a49f90dba0 flushing  nmethod 0x000001a48a958d90
Event: 27.983 Thread 0x000001a49f90dba0 flushing  nmethod 0x000001a48a960610
Event: 27.983 Thread 0x000001a49f90dba0 flushing  nmethod 0x000001a48a99b890
Event: 27.983 Thread 0x000001a49f90dba0 flushing  nmethod 0x000001a48a99c090
Event: 27.983 Thread 0x000001a49f90dba0 flushing  nmethod 0x000001a48a9e6810
Event: 27.983 Thread 0x000001a49f90dba0 flushing  nmethod 0x000001a48aa0fc10
Event: 27.983 Thread 0x000001a49f90dba0 flushing  nmethod 0x000001a48aa81c90
Event: 27.983 Thread 0x000001a49f90dba0 flushing  nmethod 0x000001a48aa84710
Event: 27.983 Thread 0x000001a49f90dba0 flushing  nmethod 0x000001a48abad010
Event: 27.983 Thread 0x000001a49f90dba0 flushing  nmethod 0x000001a48ac8e210
Event: 27.983 Thread 0x000001a49f90dba0 flushing  nmethod 0x000001a48ae3a210
Event: 27.983 Thread 0x000001a49f90dba0 flushing  nmethod 0x000001a48ae3d210
Event: 27.983 Thread 0x000001a49f90dba0 flushing  nmethod 0x000001a48ae3e390
Event: 27.983 Thread 0x000001a49f90dba0 flushing  nmethod 0x000001a48b0b1b10
Event: 27.983 Thread 0x000001a49f90dba0 flushing  nmethod 0x000001a48a9df410
Event: 27.983 Thread 0x000001a49f90dba0 flushing  nmethod 0x000001a48aa23590
Event: 27.983 Thread 0x000001a49f90dba0 flushing  nmethod 0x000001a48abde910
Event: 27.983 Thread 0x000001a49f90dba0 flushing  nmethod 0x000001a48aed5710
Event: 27.983 Thread 0x000001a49f90dba0 flushing  nmethod 0x000001a48aed8690
Event: 27.983 Thread 0x000001a49f90dba0 flushing  nmethod 0x000001a48afa3d90

Events (20 events):
Event: 24.932 Thread 0x000001a4a520cd30 Thread added: 0x000001a4aa56e8b0
Event: 24.932 Thread 0x000001a4a520cd30 Thread added: 0x000001a4aa56ef40
Event: 24.934 Thread 0x000001a4a520cd30 Thread added: 0x000001a4aa56f5d0
Event: 24.936 Thread 0x000001a4a520cd30 Thread added: 0x000001a4aa56c7e0
Event: 24.971 Thread 0x000001a49fbc1440 Thread added: 0x000001a4a5db8fc0
Event: 25.442 Thread 0x000001a4a5db8fc0 Thread exited: 0x000001a4a5db8fc0
Event: 25.685 Thread 0x000001a4a5db88f0 Thread exited: 0x000001a4a5db88f0
Event: 25.731 Thread 0x000001a49f973a90 Thread added: 0x000001a4a5db88f0
Event: 25.731 Thread 0x000001a49f973a90 Thread added: 0x000001a4a5db8fc0
Event: 26.281 Thread 0x000001a4a5db8fc0 Thread exited: 0x000001a4a5db8fc0
Event: 26.284 Thread 0x000001a4a5db88f0 Thread exited: 0x000001a4a5db88f0
Event: 27.094 Thread 0x000001a49fbc1b10 Thread added: 0x000001a4a5db7480
Event: 27.697 Thread 0x000001a49f978460 Thread added: 0x000001a4a5db8fc0
Event: 28.612 Thread 0x000001a4a5db8fc0 Thread exited: 0x000001a4a5db8fc0
Event: 29.075 Thread 0x000001a4a5db7480 Thread exited: 0x000001a4a5db7480
Event: 29.076 Thread 0x000001a49fbc1b10 Thread exited: 0x000001a49fbc1b10
Event: 31.145 Thread 0x000001a49fbc1440 Thread exited: 0x000001a49fbc1440
Event: 35.188 Thread 0x000001a49f973a90 Thread added: 0x000001a4a5db8fc0
Event: 35.874 Thread 0x000001a4a5db8fc0 Thread exited: 0x000001a4a5db8fc0
Event: 39.827 Thread 0x000001a49fbc28b0 Thread exited: 0x000001a49fbc28b0


Dynamic libraries:
0x00007ff77db30000 - 0x00007ff77db3a000 	C:\Program Files\Android\Android Studio\jbr\bin\java.exe
0x00007ffc57e40000 - 0x00007ffc580a8000 	C:\WINDOWS\SYSTEM32\ntdll.dll
0x00007ffc56a00000 - 0x00007ffc56ac9000 	C:\WINDOWS\System32\KERNEL32.DLL
0x00007ffc55470000 - 0x00007ffc55862000 	C:\WINDOWS\System32\KERNELBASE.dll
0x00007ffc4fd20000 - 0x00007ffc4fd3b000 	C:\Program Files\Android\Android Studio\jbr\bin\VCRUNTIME140.dll
0x00007ffc4d9d0000 - 0x00007ffc4d9e8000 	C:\Program Files\Android\Android Studio\jbr\bin\jli.dll
0x00007ffc56c10000 - 0x00007ffc56dd5000 	C:\WINDOWS\System32\USER32.dll
0x00007ffc55ab0000 - 0x00007ffc55ad7000 	C:\WINDOWS\System32\win32u.dll
0x00007ffc57b00000 - 0x00007ffc57b2b000 	C:\WINDOWS\System32\GDI32.dll
0x00007ffc42bd0000 - 0x00007ffc42e63000 	C:\WINDOWS\WinSxS\amd64_microsoft.windows.common-controls_6595b64144ccf1df_6.0.26100.6899_none_3e0efeeae32e88c1\COMCTL32.dll
0x00007ffc54fd0000 - 0x00007ffc550fd000 	C:\WINDOWS\System32\gdi32full.dll
0x00007ffc565d0000 - 0x00007ffc56679000 	C:\WINDOWS\System32\msvcrt.dll
0x00007ffc55270000 - 0x00007ffc55313000 	C:\WINDOWS\System32\msvcp_win.dll
0x00007ffc55320000 - 0x00007ffc5546b000 	C:\WINDOWS\System32\ucrtbase.dll
0x00007ffc57740000 - 0x00007ffc5776f000 	C:\WINDOWS\System32\IMM32.DLL
0x00007ffc4fb40000 - 0x00007ffc4fb4c000 	C:\Program Files\Android\Android Studio\jbr\bin\vcruntime140_1.dll
0x00007ffc399d0000 - 0x00007ffc39a5d000 	C:\Program Files\Android\Android Studio\jbr\bin\msvcp140.dll
0x00007ffbcfaf0000 - 0x00007ffbd077b000 	C:\Program Files\Android\Android Studio\jbr\bin\server\jvm.dll
0x00007ffc56ad0000 - 0x00007ffc56b84000 	C:\WINDOWS\System32\ADVAPI32.dll
0x00007ffc55dc0000 - 0x00007ffc55e66000 	C:\WINDOWS\System32\sechost.dll
0x00007ffc57cc0000 - 0x00007ffc57dd8000 	C:\WINDOWS\System32\RPCRT4.dll
0x00007ffc56de0000 - 0x00007ffc56e54000 	C:\WINDOWS\System32\WS2_32.dll
0x00007ffc54e30000 - 0x00007ffc54e8e000 	C:\WINDOWS\SYSTEM32\POWRPROF.dll
0x00007ffc4c930000 - 0x00007ffc4c965000 	C:\WINDOWS\SYSTEM32\WINMM.dll
0x00007ffc4c970000 - 0x00007ffc4c97b000 	C:\WINDOWS\SYSTEM32\VERSION.dll
0x00007ffc54e10000 - 0x00007ffc54e24000 	C:\WINDOWS\SYSTEM32\UMPDC.dll
0x00007ffc53da0000 - 0x00007ffc53dbb000 	C:\WINDOWS\SYSTEM32\kernel.appcore.dll
0x00007ffc4fb30000 - 0x00007ffc4fb3a000 	C:\Program Files\Android\Android Studio\jbr\bin\jimage.dll
0x00007ffc52790000 - 0x00007ffc529d2000 	C:\WINDOWS\SYSTEM32\DBGHELP.DLL
0x00007ffc57780000 - 0x00007ffc57afb000 	C:\WINDOWS\System32\combase.dll
0x00007ffc56360000 - 0x00007ffc56437000 	C:\WINDOWS\System32\OLEAUT32.dll
0x00007ffc3acd0000 - 0x00007ffc3ad0c000 	C:\WINDOWS\SYSTEM32\dbgcore.DLL
0x00007ffc55b70000 - 0x00007ffc55c08000 	C:\WINDOWS\System32\bcryptPrimitives.dll
0x00007ffc4fd00000 - 0x00007ffc4fd0e000 	C:\Program Files\Android\Android Studio\jbr\bin\instrument.dll
0x00007ffc451b0000 - 0x00007ffc451d0000 	C:\Program Files\Android\Android Studio\jbr\bin\java.dll
0x00007ffc44550000 - 0x00007ffc44568000 	C:\Program Files\Android\Android Studio\jbr\bin\zip.dll
0x00007ffc56ff0000 - 0x00007ffc5773d000 	C:\WINDOWS\System32\SHELL32.dll
0x00007ffc55100000 - 0x00007ffc5526b000 	C:\WINDOWS\System32\wintypes.dll
0x00007ffc52c40000 - 0x00007ffc5349d000 	C:\WINDOWS\SYSTEM32\windows.storage.dll
0x00007ffc56450000 - 0x00007ffc56542000 	C:\WINDOWS\System32\SHCORE.dll
0x00007ffc56f80000 - 0x00007ffc56fe2000 	C:\WINDOWS\System32\shlwapi.dll
0x00007ffc54ef0000 - 0x00007ffc54f19000 	C:\WINDOWS\SYSTEM32\profapi.dll
0x00007ffc3a440000 - 0x00007ffc3a450000 	C:\Program Files\Android\Android Studio\jbr\bin\net.dll
0x00007ffc4dd90000 - 0x00007ffc4deaf000 	C:\WINDOWS\SYSTEM32\WINHTTP.dll
0x00007ffc54310000 - 0x00007ffc5437b000 	C:\WINDOWS\system32\mswsock.dll
0x00007ffc3a420000 - 0x00007ffc3a436000 	C:\Program Files\Android\Android Studio\jbr\bin\nio.dll
0x00007ffc39200000 - 0x00007ffc39210000 	C:\Program Files\Android\Android Studio\jbr\bin\verify.dll
0x00007ffc333c0000 - 0x00007ffc333e7000 	C:\Users\NGUYEN TRUNG KIEN\.gradle\native\c067742578af261105cb4f569cf0c3c89f3d7b1fecec35dd04571415982c5e48\windows-amd64\native-platform.dll
0x00007ffc23ea0000 - 0x00007ffc23fe4000 	C:\Users\NGUYEN TRUNG KIEN\.gradle\native\100fb08df4bc3b14c8652ba06237920a3bd2aa13389f12d3474272988ae205f9\windows-amd64\native-platform-file-events.dll
0x00007ffc396e0000 - 0x00007ffc396e9000 	C:\Program Files\Android\Android Studio\jbr\bin\management.dll
0x00007ffc396d0000 - 0x00007ffc396db000 	C:\Program Files\Android\Android Studio\jbr\bin\management_ext.dll
0x00007ffc57df0000 - 0x00007ffc57df8000 	C:\WINDOWS\System32\PSAPI.DLL
0x00007ffc545c0000 - 0x00007ffc545db000 	C:\WINDOWS\SYSTEM32\CRYPTSP.dll
0x00007ffc53d00000 - 0x00007ffc53d3b000 	C:\WINDOWS\system32\rsaenh.dll
0x00007ffc543b0000 - 0x00007ffc543db000 	C:\WINDOWS\SYSTEM32\USERENV.dll
0x00007ffc54ec0000 - 0x00007ffc54ee6000 	C:\WINDOWS\SYSTEM32\bcrypt.dll
0x00007ffc545e0000 - 0x00007ffc545ec000 	C:\WINDOWS\SYSTEM32\CRYPTBASE.dll
0x00007ffc53870000 - 0x00007ffc538a4000 	C:\WINDOWS\SYSTEM32\IPHLPAPI.DLL
0x00007ffc56440000 - 0x00007ffc5644a000 	C:\WINDOWS\System32\NSI.dll
0x00007ffc39f90000 - 0x00007ffc39f99000 	C:\Program Files\Android\Android Studio\jbr\bin\extnet.dll
0x00007ffc2a700000 - 0x00007ffc2a708000 	C:\WINDOWS\system32\wshunix.dll

dbghelp: loaded successfully - version: 4.0.5 - missing functions: none
symbol engine: initialized successfully - sym options: 0x614 - pdb path: .;C:\Program Files\Android\Android Studio\jbr\bin;C:\WINDOWS\SYSTEM32;C:\WINDOWS\WinSxS\amd64_microsoft.windows.common-controls_6595b64144ccf1df_6.0.26100.6899_none_3e0efeeae32e88c1;C:\Program Files\Android\Android Studio\jbr\bin\server;C:\Users\NGUYEN TRUNG KIEN\.gradle\native\c067742578af261105cb4f569cf0c3c89f3d7b1fecec35dd04571415982c5e48\windows-amd64;C:\Users\NGUYEN TRUNG KIEN\.gradle\native\100fb08df4bc3b14c8652ba06237920a3bd2aa13389f12d3474272988ae205f9\windows-amd64

VM Arguments:
jvm_args: --add-opens=java.base/java.lang=ALL-UNNAMED --add-opens=java.base/java.lang.invoke=ALL-UNNAMED --add-opens=java.base/java.util=ALL-UNNAMED --add-opens=java.prefs/java.util.prefs=ALL-UNNAMED --add-exports=jdk.compiler/com.sun.tools.javac.api=ALL-UNNAMED --add-exports=jdk.compiler/com.sun.tools.javac.util=ALL-UNNAMED --add-opens=java.base/java.util=ALL-UNNAMED --add-opens=java.prefs/java.util.prefs=ALL-UNNAMED --add-opens=java.base/java.nio.charset=ALL-UNNAMED --add-opens=java.base/java.net=ALL-UNNAMED --add-opens=java.base/java.util.concurrent.atomic=ALL-UNNAMED --add-opens=java.xml/javax.xml.namespace=ALL-UNNAMED -Xmx2048m -Dfile.encoding=UTF-8 -Duser.country=US -Duser.language=en -Duser.variant -javaagent:C:\Users\NGUYEN TRUNG KIEN\.gradle\wrapper\dists\gradle-8.11.1-bin\bpt9gzteqjrbo1mjrsomdt32c\gradle-8.11.1\lib\agents\gradle-instrumentation-agent-8.11.1.jar 
java_command: org.gradle.launcher.daemon.bootstrap.GradleDaemon 8.11.1
java_class_path (initial): C:\Users\NGUYEN TRUNG KIEN\.gradle\wrapper\dists\gradle-8.11.1-bin\bpt9gzteqjrbo1mjrsomdt32c\gradle-8.11.1\lib\gradle-daemon-main-8.11.1.jar
Launcher Type: SUN_STANDARD

[Global flags]
     intx CICompilerCount                          = 12                                        {product} {ergonomic}
     uint ConcGCThreads                            = 3                                         {product} {ergonomic}
     uint G1ConcRefinementThreads                  = 13                                        {product} {ergonomic}
   size_t G1HeapRegionSize                         = 1048576                                   {product} {ergonomic}
    uintx GCDrainStackTargetSize                   = 64                                        {product} {ergonomic}
   size_t InitialHeapSize                          = 260046848                                 {product} {ergonomic}
   size_t MarkStackSize                            = 4194304                                   {product} {ergonomic}
   size_t MaxHeapSize                              = 2147483648                                {product} {command line}
   size_t MaxNewSize                               = 1287651328                                {product} {ergonomic}
   size_t MinHeapDeltaBytes                        = 1048576                                   {product} {ergonomic}
   size_t MinHeapSize                              = 8388608                                   {product} {ergonomic}
    uintx NonNMethodCodeHeapSize                   = 7602480                                {pd product} {ergonomic}
    uintx NonProfiledCodeHeapSize                  = 122027880                              {pd product} {ergonomic}
    uintx ProfiledCodeHeapSize                     = 122027880                              {pd product} {ergonomic}
    uintx ReservedCodeCacheSize                    = 251658240                              {pd product} {ergonomic}
     bool SegmentedCodeCache                       = true                                      {product} {ergonomic}
   size_t SoftMaxHeapSize                          = 2147483648                             {manageable} {ergonomic}
     bool UseCompressedOops                        = true                           {product lp64_product} {ergonomic}
     bool UseG1GC                                  = true                                      {product} {ergonomic}
     bool UseLargePagesIndividualAllocation        = false                                  {pd product} {ergonomic}

Logging:
Log output configuration:
 #0: stdout all=warning uptime,level,tags foldmultilines=false
 #1: stderr all=off uptime,level,tags foldmultilines=false

Environment Variables:
JAVA_HOME=C:\Java\jdk-22
PATH=C:\Users\NGUYEN TRUNG KIEN\flutter\bin;C:\Program Files (x86)\VMware\VMware Workstation\bin\;C:\msys64\mingw64\bin;C:\Program Files\Microsoft\jdk-11.0.16.101-hotspot\bin;C:\Windows\system32;C:\Windows;C:\Windows\System32\Wbem;C:\Windows\System32\WindowsPowerShell\v1.0\;C:\Windows\System32\OpenSSH\;C:\Program Files (x86)\NVIDIA Corporation\PhysX\Common;C:\WINDOWS\system32;C:\WINDOWS;C:\WINDOWS\System32\Wbem;C:\WINDOWS\System32\WindowsPowerShell\v1.0\;C:\WINDOWS\System32\OpenSSH\;C:\Program Files\Microsoft SQL Server\150\Tools\Binn\;C:\Program Files\Java\jdk-22\bin;C:\Program Files\Microsoft SQL Server\Client SDK\ODBC\170\Tools\Binn\;C:\Program Files\dotnet\;C:\Program Files (x86)\Microsoft SQL Server\160\Tools\Binn\;C:\Program Files\Microsoft SQL Server\160\Tools\Binn\;C:\Program Files\Microsoft SQL Server\160\DTS\Binn\;C:\Program Files (x86)\Microsoft SQL Server\160\DTS\Binn\;C:\Program Files\Oracle\VirtualBox;C:\Users\NGUYEN TRUNG KIEN\AppData\Local\Android\Sdk\platform-tools;C:\Users\NGUYEN TRUNG KIEN\Android\Sdk\platform-tools;C:\Program Files\Git\cmd;C:\Program Files\nodejs\;C:\Program Files (x86)\Windows Kits\10\Windows Performance Toolkit\;C:\Users\NGUYEN TRUNG KIEN\AppData\Local\Programs\Python\Python312\Scripts\;C:\Users\NGUYEN TRUNG KIEN\AppData\Local\Programs\Python\Python312\;C:\Users\NGUYEN TRUNG KIEN\AppData\Local\Microsoft\WindowsApps;C:\altera\13.0sp1\modelsim_ase\win32aloem;C:\altera\13.0sp1\modelsim_ae\win32aloem;C:\Users\NGUYEN TRUNG KIEN\.dotnet\tools;D:\cursor\resources\app\bin;C:\Users\NGUYEN TRUNG KIEN\AppData\Local\Programs\Microsoft VS Code\bin;C:\OpenSSL-Win64\OpenSSL-Win64\bin;C:\Java\jdk-22\bin;C:\maven\apache-maven-3.9.11\bin;C:\Users\NGUYEN TRUNG KIEN\AppData\Roaming\npm;C:\Users\NGUYEN TRUNG KIEN\AppData\Local\Pub\Cache\bin;
USERNAME=NGUYEN TRUNG KIEN
OS=Windows_NT
PROCESSOR_IDENTIFIER=AMD64 Family 23 Model 96 Stepping 1, AuthenticAMD
TMP=C:\Users\NGUYEN~1\AppData\Local\Temp
TEMP=C:\Users\NGUYEN~1\AppData\Local\Temp




Periodic native trim disabled

JNI global refs:
JNI global refs: 34, weak refs: 3

JNI global refs memory usage: 835, weak refs: 833

Process memory usage:
Resident Set Size: 313860K (1% of 16170096K total physical memory with 1317152K free physical memory)

OOME stack traces (most recent first):
Classloader memory used:
